#
# A fatal error has been detected by the Java Runtime Environment:
#
#  EXCEPTION_ACCESS_VIOLATION (0xc0000005) at pc=0x00007ff9c9057a32, pid=4476, tid=12356
#
# JRE version: Java(TM) SE Runtime Environment (17.0.6+9) (build 17.0.6+9-LTS-190)
# Java VM: Java HotSpot(TM) 64-Bit Server VM (17.0.6+9-LTS-190, mixed mode, sharing, tiered, compressed oops, compressed class ptrs, g1 gc, windows-amd64)
# Problematic frame:
# C  [igxelpicd64.dll+0xa7a32]
#
# No core dump will be written. Minidumps are not enabled by default on client versions of Windows
#
# If you would like to submit a bug report, please visit:
#   https://bugreport.java.com/bugreport/crash.jsp
#

---------------  S U M M A R Y ------------

Command Line: -Djna.nosys=true -Djava.library.path=C:\Users\mcris\Desktop\CelestialVibes\src\CelestialVibesPDE\windows-amd64\lib CelestialVibesPDE

Host: 11th Gen Intel(R) Core(TM) i7-11800H @ 2.30GHz, 16 cores, 15G,  Windows 11 , 64 bit Build 22621 (10.0.22621.2215)
Time: Sat Sep 30 18:39:38 2023 ora legale Europa occidentale elapsed time: 29.168780 seconds (0d 0h 0m 29s)

---------------  T H R E A D  ---------------

Current thread (0x00000257d3443ac0):  VMThread "VM Thread" [stack: 0x000000fe03400000,0x000000fe03500000] [id=12356]

Stack: [0x000000fe03400000,0x000000fe03500000],  sp=0x000000fe034fe8f0,  free space=1018k
Native frames: (J=compiled Java code, j=interpreted, Vv=VM code, C=native code)
C  [igxelpicd64.dll+0xa7a32]


siginfo: EXCEPTION_ACCESS_VIOLATION (0xc0000005), reading address 0x0000000000035898


Register to memory mapping:

RIP=0x00007ff9c9057a32 igxelpicd64.dll
RAX=0x00000257eeb9b8e8 points into unknown readable memory: 0x0000000000090b8f | 8f 0b 09 00 00 00 00 00
RBX=0x00000257eeb9b6c0 points into unknown readable memory: 0x00000257d47f2490 | 90 24 7f d4 57 02 00 00
RCX=0x0000000000090b64 is an unknown value
RDX=0x00000000fffffff4 is an unknown value
RSP=0x000000fe034fe8f0 points into unknown readable memory: 0x00000257d45a7a80 | 80 7a 5a d4 57 02 00 00
RBP=0x0 is NULL
RSI=0x00000257eeb9bc90 points into unknown readable memory: 0x00000257eeb995f0 | f0 95 b9 ee 57 02 00 00
RDI=0x00000257dbb70e70 points into unknown readable memory: 0x00000257dbd63800 | 00 38 d6 db 57 02 00 00
R8 =0x0000000000000014 is an unknown value
R9 =0x0000000000000004 is an unknown value
R10=0x0 is NULL
R11=0x0000000000000246 is an unknown value
R12=0x00000257dbe43b00 points into unknown readable memory: 0x0000000000000000 | 00 00 00 00 00 00 00 00
R13=0x00000257eeb995f0 points into unknown readable memory: 0x00000257d47f2490 | 90 24 7f d4 57 02 00 00
R14=0x0000000000090c00 is an unknown value
R15=0x0000000000000016 is an unknown value


Registers:
RAX=0x00000257eeb9b8e8, RBX=0x00000257eeb9b6c0, RCX=0x0000000000090b64, RDX=0x00000000fffffff4
RSP=0x000000fe034fe8f0, RBP=0x0000000000000000, RSI=0x00000257eeb9bc90, RDI=0x00000257dbb70e70
R8 =0x0000000000000014, R9 =0x0000000000000004, R10=0x0000000000000000, R11=0x0000000000000246
R12=0x00000257dbe43b00, R13=0x00000257eeb995f0, R14=0x0000000000090c00, R15=0x0000000000000016
RIP=0x00007ff9c9057a32, EFLAGS=0x0000000000010206

Top of Stack: (sp=0x000000fe034fe8f0)
0x000000fe034fe8f0:   00000257d45a7a80 0000000000000000
0x000000fe034fe900:   0000000000000001 00007ffa9cf52d94
0x000000fe034fe910:   000000fe034fea10 00007ffa9cf45391
0x000000fe034fe920:   000000000000000a 00007ffa9cf45391
0x000000fe034fe930:   0000000000000014 0000000000090c20
0x000000fe034fe940:   0000b802129c0000 00000257dbe43b98
0x000000fe034fe950:   0000000000000000 0000000000000000
0x000000fe034fe960:   000000fe034fea70 00007ff9c903d5df
0x000000fe034fe970:   00000257d45a7a80 00000257dbb70e70
0x000000fe034fe980:   000000fe02814000 00007ffa9cecd800
0x000000fe034fe990:   000000fe0000f468 00007ffa00000000
0x000000fe034fe9a0:   0000000000000000 00007ffa9cecd474
0x000000fe034fe9b0:   00000257ad9c0b2c 00000000000000c0
0x000000fe034fe9c0:   00000257ad9c0b44 00000257ad9c0b00
0x000000fe034fe9d0:   000000fe034feae8 000000fe034fed28
0x000000fe034fe9e0:   000000fe029ff000 00007ffa9cecd8d6 

Instructions: (pc=0x00007ff9c9057a32)
0x00007ff9c9057932:   8b fa 48 8b e9 48 8b 1d 92 c4 f1 00 48 89 58 08
0x00007ff9c9057942:   48 8b cb ff 15 dd 48 a9 00 90 4c 8b af 78 02 00
0x00007ff9c9057952:   00 48 8b 05 c6 69 e1 00 44 8b b8 a0 0b 00 00 45
0x00007ff9c9057962:   33 d2 45 8a f2 4c 89 97 78 02 00 00 44 89 97 80
0x00007ff9c9057972:   02 00 00 4c 89 97 a0 02 00 00 4c 89 97 88 02 00
0x00007ff9c9057982:   00 48 85 ed 75 38 8b 35 22 9e f1 00 65 48 8b 04
0x00007ff9c9057992:   25 58 00 00 00 b9 14 00 00 00 48 8b 04 f0 44 38
0x00007ff9c90579a2:   14 01 0f 84 86 98 94 00 65 48 8b 04 25 58 00 00
0x00007ff9c90579b2:   00 bd 20 00 00 00 48 8b 04 f0 48 8b 2c 28 48 3b
0x00007ff9c90579c2:   2d 79 ab f1 00 45 0f 44 fa 4d 85 ed 0f 84 2b 01
0x00007ff9c90579d2:   00 00 44 8a a4 24 90 00 00 00 49 8b dd 49 8d b5
0x00007ff9c90579e2:   d0 05 00 00 4c 8b 2e 45 84 e4 0f 85 39 03 00 00
0x00007ff9c90579f2:   44 8b 8f c8 01 00 00 48 8b 05 20 69 e1 00 83 b8
0x00007ff9c9057a02:   70 03 00 00 02 75 36 41 8d 51 f0 41 83 f9 10 0f
0x00007ff9c9057a12:   83 2d 01 00 00 4a 8d 04 cd 21 00 00 00 49 03 c1
0x00007ff9c9057a22:   48 8d 04 c3 48 85 c0 0f 85 03 01 00 00 49 8b ca
0x00007ff9c9057a32:   48 3b 8d 98 58 03 00 0f 87 fe 97 94 00 48 8d 93
0x00007ff9c9057a42:   08 01 00 00 4c 39 93 48 06 00 00 0f 85 69 99 94
0x00007ff9c9057a52:   00 44 8b 9f c8 01 00 00 48 8b 87 e0 01 00 00 4c
0x00007ff9c9057a62:   8b 10 44 8b 87 c8 01 00 00 41 83 f8 10 0f 83 fc
0x00007ff9c9057a72:   00 00 00 4b 8d 0c c0 48 8d 04 ca 48 85 c0 0f 85
0x00007ff9c9057a82:   b5 00 00 00 33 c9 49 3b ca 0f 86 11 01 00 00 45
0x00007ff9c9057a92:   33 d2 48 8b 87 78 02 00 00 48 89 06 48 89 9f 78
0x00007ff9c9057aa2:   02 00 00 ff 87 80 02 00 00 48 8b 43 08 48 8b 88
0x00007ff9c9057ab2:   18 01 00 00 48 81 e1 00 00 ff ff 48 81 c1 00 00
0x00007ff9c9057ac2:   01 00 48 01 8f 88 02 00 00 48 8b 43 08 48 8b 88
0x00007ff9c9057ad2:   18 01 00 00 48 01 8f a0 02 00 00 4d 85 ed 0f 85
0x00007ff9c9057ae2:   f6 fe ff ff 45 84 f6 44 8a a4 24 98 00 00 00 0f
0x00007ff9c9057af2:   85 11 99 94 00 48 8b 9c 24 80 00 00 00 48 8b cf
0x00007ff9c9057b02:   45 84 e4 0f 85 30 02 00 00 e8 d0 fa ff ff 90 48
0x00007ff9c9057b12:   8b cb 48 8b 9c 24 88 00 00 00 48 83 c4 40 41 5f
0x00007ff9c9057b22:   41 5e 41 5d 41 5c 5f 5e 5d 48 ff 25 ee 46 a9 00 


Stack slot to memory mapping:
stack at sp + 0 slots: 0x00000257d45a7a80 points into unknown readable memory: 0xffffffffffffffff | ff ff ff ff ff ff ff ff
stack at sp + 1 slots: 0x0 is NULL
stack at sp + 2 slots: 0x0000000000000001 is an unknown value
stack at sp + 3 slots: 0x00007ffa9cf52d94 ntdll.dll
stack at sp + 4 slots: 0x000000fe034fea10 points into unknown readable memory: 0x00000257d8e80000 | 00 00 e8 d8 57 02 00 00
stack at sp + 5 slots: 0x00007ffa9cf45391 ntdll.dll
stack at sp + 6 slots: 0x000000000000000a is an unknown value
stack at sp + 7 slots: 0x00007ffa9cf45391 ntdll.dll

VM_Operation (0x000000fe059fecb0): Exit, mode: safepoint, requested by thread 0x00000257dbb061a0


---------------  P R O C E S S  ---------------

Threads class SMR info:
_java_thread_list=0x00000257db78c1a0, length=17, elements={
0x00000257d3448560, 0x00000257d344b120, 0x00000257d4005870, 0x00000257d4008140,
0x00000257d4008a00, 0x00000257d40092c0, 0x00000257d400d460, 0x00000257d4010030,
0x00000257d4023130, 0x00000257d4167d30, 0x00000257d4170730, 0x00000257d44724c0,
0x00000257db6dad20, 0x00000257dbb044c0, 0x00000257dbb061a0, 0x00000257dbb06b40,
0x00000257d429c830
}

Java Threads: ( => current thread )
  0x00000257d3448560 JavaThread "Reference Handler" daemon [_thread_blocked, id=10104, stack(0x000000fe03500000,0x000000fe03600000)]
  0x00000257d344b120 JavaThread "Finalizer" daemon [_thread_blocked, id=14760, stack(0x000000fe03600000,0x000000fe03700000)]
  0x00000257d4005870 JavaThread "Signal Dispatcher" daemon [_thread_blocked, id=1528, stack(0x000000fe03700000,0x000000fe03800000)]
  0x00000257d4008140 JavaThread "Attach Listener" daemon [_thread_blocked, id=20492, stack(0x000000fe03800000,0x000000fe03900000)]
  0x00000257d4008a00 JavaThread "Service Thread" daemon [_thread_blocked, id=18192, stack(0x000000fe03900000,0x000000fe03a00000)]
  0x00000257d40092c0 JavaThread "Monitor Deflation Thread" daemon [_thread_blocked, id=17840, stack(0x000000fe03a00000,0x000000fe03b00000)]
  0x00000257d400d460 JavaThread "C2 CompilerThread0" daemon [_thread_blocked, id=21304, stack(0x000000fe03b00000,0x000000fe03c00000)]
  0x00000257d4010030 JavaThread "C1 CompilerThread0" daemon [_thread_blocked, id=25320, stack(0x000000fe03c00000,0x000000fe03d00000)]
  0x00000257d4023130 JavaThread "Sweeper thread" daemon [_thread_blocked, id=23752, stack(0x000000fe03d00000,0x000000fe03e00000)]
  0x00000257d4167d30 JavaThread "Notification Thread" daemon [_thread_blocked, id=24904, stack(0x000000fe04000000,0x000000fe04100000)]
  0x00000257d4170730 JavaThread "Common-Cleaner" daemon [_thread_blocked, id=22172, stack(0x000000fe04200000,0x000000fe04300000)]
  0x00000257d44724c0 JavaThread "Java2D Disposer" daemon [_thread_blocked, id=18552, stack(0x000000fe04300000,0x000000fe04400000)]
  0x00000257db6dad20 JavaThread "HighResTimerThread" daemon [_thread_blocked, id=4812, stack(0x000000fe05500000,0x000000fe05600000)]
  0x00000257dbb044c0 JavaThread "DestroyJavaVM" [_thread_blocked, id=18760, stack(0x000000fe02e00000,0x000000fe02f00000)]
  0x00000257dbb061a0 JavaThread "main-FPSAWTAnimator#00-Timer0-FPSAWTAnimator#00-Timer1" [_thread_blocked, id=5972, stack(0x000000fe05900000,0x000000fe05a00000)]
  0x00000257dbb06b40 JavaThread "Thread-7" [_thread_in_native, id=18860, stack(0x000000fe04400000,0x000000fe04500000)]
  0x00000257d429c830 JavaThread "AWT-Shutdown" [_thread_blocked, id=21568, stack(0x000000fe05700000,0x000000fe05800000)]

Other Threads:
=>0x00000257d3443ac0 VMThread "VM Thread" [stack: 0x000000fe03400000,0x000000fe03500000] [id=12356]
  0x00000257afdc9120 GCTaskThread "GC Thread#0" [stack: 0x000000fe02f00000,0x000000fe03000000] [id=19988]
  0x00000257d4235dc0 GCTaskThread "GC Thread#1" [stack: 0x000000fe04c00000,0x000000fe04d00000] [id=20572]
  0x00000257d4236b30 GCTaskThread "GC Thread#2" [stack: 0x000000fe04d00000,0x000000fe04e00000] [id=23756]
  0x00000257d4236de0 GCTaskThread "GC Thread#3" [stack: 0x000000fe04e00000,0x000000fe04f00000] [id=18676]
  0x00000257d4236880 GCTaskThread "GC Thread#4" [stack: 0x000000fe04f00000,0x000000fe05000000] [id=23956]
  0x00000257d4237090 GCTaskThread "GC Thread#5" [stack: 0x000000fe05000000,0x000000fe05100000] [id=20060]
  0x00000257d4235860 GCTaskThread "GC Thread#6" [stack: 0x000000fe05100000,0x000000fe05200000] [id=17720]
  0x00000257d4235b10 GCTaskThread "GC Thread#7" [stack: 0x000000fe05200000,0x000000fe05300000] [id=21656]
  0x00000257db9e27a0 GCTaskThread "GC Thread#8" [stack: 0x000000fe05c00000,0x000000fe05d00000] [id=17324]
  0x00000257db9e2240 GCTaskThread "GC Thread#9" [stack: 0x000000fe05d00000,0x000000fe05e00000] [id=18904]
  0x00000257d42355b0 GCTaskThread "GC Thread#10" [stack: 0x000000fe05e00000,0x000000fe05f00000] [id=7796]
  0x00000257e77d3940 GCTaskThread "GC Thread#11" [stack: 0x000000fe05f00000,0x000000fe06000000] [id=15296]
  0x00000257e77d3130 GCTaskThread "GC Thread#12" [stack: 0x000000fe06000000,0x000000fe06100000] [id=2000]
  0x00000257afdd9bb0 ConcurrentGCThread "G1 Main Marker" terminated
  0x00000257afddb5d0 ConcurrentGCThread "G1 Conc#0" [stack: 0x000000fe03100000,0x000000fe03200000] [id=5404]
  0x00000257afe2ea60 ConcurrentGCThread "G1 Refine#0" terminated
  0x00000257dc31d670 ConcurrentGCThread "G1 Refine#1" terminated
  0x00000257e77c7a70 ConcurrentGCThread "G1 Refine#2" terminated
  0x00000257e73b2aa0 ConcurrentGCThread "G1 Refine#3" terminated
  0x00000257d3300950 ConcurrentGCThread "G1 Service" terminated

Threads with active compile tasks:

VM state: at safepoint (shutting down)

VM Mutex/Monitor currently owned by a thread:  ([mutex/lock_event])
[0x00000257afd4c740] Threads_lock - owner thread: 0x00000257d3443ac0
[0x00000257afd587b0] Heap_lock - owner thread: 0x00000257dbb061a0

Heap address: 0x0000000704a00000, size: 4022 MB, Compressed Oops mode: Zero based, Oop shift amount: 3

CDS archive(s) mapped at: [0x0000000800000000-0x0000000800bd0000-0x0000000800bd0000), size 12386304, SharedBaseAddress: 0x0000000800000000, ArchiveRelocationMode: 0.
Compressed class space mapped at: 0x0000000800c00000-0x0000000840c00000, reserved size: 1073741824
Narrow klass base: 0x0000000800000000, Narrow klass shift: 0, Narrow klass range: 0x100000000

GC Precious Log:
 CPUs: 16 total, 16 available
 Memory: 16085M
 Large Page Support: Disabled
 NUMA Support: Disabled
 Compressed Oops: Enabled (Zero based)
 Heap Region Size: 2M
 Heap Min Capacity: 8M
 Heap Initial Capacity: 252M
 Heap Max Capacity: 4022M
 Pre-touch: Disabled
 Parallel Workers: 13
 Concurrent Workers: 3
 Concurrent Refinement Workers: 13
 Periodic GC: Disabled

Heap:
 garbage-first heap   total 462848K, used 196020K [0x0000000704a00000, 0x0000000800000000)
  region size 2048K, 6 young (12288K), 1 survivors (2048K)
 Metaspace       used 19824K, committed 20096K, reserved 1073152K
  class space    used 1478K, committed 1600K, reserved 1048576K

Heap Regions: E=young(eden), S=young(survivor), O=old, HS=humongous(starts), HC=humongous(continues), CS=collection set, F=free, OA=open archive, CA=closed archive, TAMS=top-at-mark-start (previous, next)
|   0|0x0000000704a00000, 0x0000000704c00000, 0x0000000704c00000|100%|HS|  |TAMS 0x0000000704a00000, 0x0000000704c00000| Complete 
|   1|0x0000000704c00000, 0x0000000704e00000, 0x0000000704e00000|100%| O|  |TAMS 0x0000000704c00000, 0x0000000704e00000| Untracked 
|   2|0x0000000704e00000, 0x0000000705000000, 0x0000000705000000|100%|HS|  |TAMS 0x0000000704e00000, 0x0000000705000000| Complete 
|   3|0x0000000705000000, 0x0000000705200000, 0x0000000705200000|100%|HS|  |TAMS 0x0000000705000000, 0x0000000705200000| Complete 
|   4|0x0000000705200000, 0x0000000705400000, 0x0000000705400000|100%|HS|  |TAMS 0x0000000705200000, 0x0000000705400000| Complete 
|   5|0x0000000705400000, 0x0000000705600000, 0x0000000705600000|100%| O|  |TAMS 0x0000000705400000, 0x0000000705600000| Untracked 
|   6|0x0000000705600000, 0x0000000705800000, 0x0000000705800000|100%|HS|  |TAMS 0x0000000705600000, 0x0000000705800000| Complete 
|   7|0x0000000705800000, 0x0000000705a00000, 0x0000000705a00000|100%| O|  |TAMS 0x0000000705800000, 0x0000000705a00000| Untracked 
|   8|0x0000000705a00000, 0x0000000705c00000, 0x0000000705c00000|100%| O|  |TAMS 0x0000000705a00000, 0x0000000705c00000| Untracked 
|   9|0x0000000705c00000, 0x0000000705e00000, 0x0000000705e00000|100%|HS|  |TAMS 0x0000000705c00000, 0x0000000705e00000| Complete 
|  10|0x0000000705e00000, 0x0000000706000000, 0x0000000706000000|100%| O|  |TAMS 0x0000000705e00000, 0x0000000706000000| Untracked 
|  11|0x0000000706000000, 0x0000000706200000, 0x0000000706200000|100%|HS|  |TAMS 0x0000000706000000, 0x0000000706200000| Complete 
|  12|0x0000000706200000, 0x0000000706400000, 0x0000000706400000|100%| O|  |TAMS 0x0000000706200000, 0x0000000706400000| Untracked 
|  13|0x0000000706400000, 0x0000000706600000, 0x0000000706600000|100%|HS|  |TAMS 0x0000000706400000, 0x0000000706600000| Complete 
|  14|0x0000000706600000, 0x0000000706800000, 0x0000000706800000|100%| O|  |TAMS 0x0000000706600000, 0x0000000706800000| Untracked 
|  15|0x0000000706800000, 0x0000000706a00000, 0x0000000706a00000|100%|HS|  |TAMS 0x0000000706800000, 0x0000000706a00000| Complete 
|  16|0x0000000706a00000, 0x0000000706c00000, 0x0000000706c00000|100%| O|  |TAMS 0x0000000706a00000, 0x0000000706c00000| Untracked 
|  17|0x0000000706c00000, 0x0000000706e00000, 0x0000000706e00000|100%|HS|  |TAMS 0x0000000706c00000, 0x0000000706e00000| Complete 
|  18|0x0000000706e00000, 0x0000000707000000, 0x0000000707000000|100%| O|  |TAMS 0x0000000706e00000, 0x0000000707000000| Untracked 
|  19|0x0000000707000000, 0x0000000707200000, 0x0000000707200000|100%|HS|  |TAMS 0x0000000707000000, 0x0000000707200000| Complete 
|  20|0x0000000707200000, 0x0000000707400000, 0x0000000707400000|100%| O|  |TAMS 0x0000000707200000, 0x0000000707400000| Untracked 
|  21|0x0000000707400000, 0x0000000707600000, 0x0000000707600000|100%|HS|  |TAMS 0x0000000707400000, 0x0000000707600000| Complete 
|  22|0x0000000707600000, 0x0000000707800000, 0x0000000707800000|100%| O|  |TAMS 0x0000000707600000, 0x0000000707800000| Untracked 
|  23|0x0000000707800000, 0x0000000707a00000, 0x0000000707a00000|100%| O|  |TAMS 0x0000000707800000, 0x0000000707a00000| Untracked 
|  24|0x0000000707a00000, 0x0000000707c00000, 0x0000000707c00000|100%|HS|  |TAMS 0x0000000707a00000, 0x0000000707c00000| Complete 
|  25|0x0000000707c00000, 0x0000000707e00000, 0x0000000707e00000|100%|HS|  |TAMS 0x0000000707c00000, 0x0000000707c00000| Complete 
|  26|0x0000000707e00000, 0x0000000708000000, 0x0000000708000000|100%|HC|  |TAMS 0x0000000707e00000, 0x0000000707e00000| Complete 
|  27|0x0000000708000000, 0x0000000708200000, 0x0000000708200000|100%|HC|  |TAMS 0x0000000708000000, 0x0000000708000000| Complete 
|  28|0x0000000708200000, 0x0000000708400000, 0x0000000708400000|100%| O|  |TAMS 0x0000000708200000, 0x0000000708400000| Untracked 
|  29|0x0000000708400000, 0x0000000708600000, 0x0000000708600000|100%| O|  |TAMS 0x0000000708400000, 0x0000000708600000| Untracked 
|  30|0x0000000708600000, 0x0000000708800000, 0x0000000708800000|100%| O|  |TAMS 0x0000000708600000, 0x0000000708800000| Untracked 
|  31|0x0000000708800000, 0x0000000708a00000, 0x0000000708a00000|100%|HS|  |TAMS 0x0000000708800000, 0x0000000708a00000| Complete 
|  32|0x0000000708a00000, 0x0000000708c00000, 0x0000000708c00000|100%|HC|  |TAMS 0x0000000708a00000, 0x0000000708c00000| Complete 
|  33|0x0000000708c00000, 0x0000000708e00000, 0x0000000708e00000|100%|HC|  |TAMS 0x0000000708c00000, 0x0000000708e00000| Complete 
|  34|0x0000000708e00000, 0x0000000709000000, 0x0000000709000000|100%|HS|  |TAMS 0x0000000708e00000, 0x0000000708e00000| Complete 
|  35|0x0000000709000000, 0x0000000709200000, 0x0000000709200000|100%|HC|  |TAMS 0x0000000709000000, 0x0000000709000000| Complete 
|  36|0x0000000709200000, 0x0000000709400000, 0x0000000709400000|100%|HC|  |TAMS 0x0000000709200000, 0x0000000709200000| Complete 
|  37|0x0000000709400000, 0x0000000709600000, 0x0000000709600000|100%|HS|  |TAMS 0x0000000709400000, 0x0000000709600000| Complete 
|  38|0x0000000709600000, 0x0000000709800000, 0x0000000709800000|100%|HC|  |TAMS 0x0000000709600000, 0x0000000709800000| Complete 
|  39|0x0000000709800000, 0x0000000709a00000, 0x0000000709a00000|100%|HC|  |TAMS 0x0000000709800000, 0x0000000709a00000| Complete 
|  40|0x0000000709a00000, 0x0000000709c00000, 0x0000000709c00000|100%|HS|  |TAMS 0x0000000709a00000, 0x0000000709c00000| Complete 
|  41|0x0000000709c00000, 0x0000000709e00000, 0x0000000709e00000|100%|HC|  |TAMS 0x0000000709c00000, 0x0000000709e00000| Complete 
|  42|0x0000000709e00000, 0x000000070a000000, 0x000000070a000000|100%|HC|  |TAMS 0x0000000709e00000, 0x000000070a000000| Complete 
|  43|0x000000070a000000, 0x000000070a200000, 0x000000070a200000|100%|HS|  |TAMS 0x000000070a000000, 0x000000070a200000| Complete 
|  44|0x000000070a200000, 0x000000070a400000, 0x000000070a400000|100%|HC|  |TAMS 0x000000070a200000, 0x000000070a400000| Complete 
|  45|0x000000070a400000, 0x000000070a600000, 0x000000070a600000|100%|HC|  |TAMS 0x000000070a400000, 0x000000070a600000| Complete 
|  46|0x000000070a600000, 0x000000070a800000, 0x000000070a800000|100%|HS|  |TAMS 0x000000070a600000, 0x000000070a600000| Complete 
|  47|0x000000070a800000, 0x000000070aa00000, 0x000000070aa00000|100%|HC|  |TAMS 0x000000070a800000, 0x000000070a800000| Complete 
|  48|0x000000070aa00000, 0x000000070ac00000, 0x000000070ac00000|100%|HC|  |TAMS 0x000000070aa00000, 0x000000070aa00000| Complete 
|  49|0x000000070ac00000, 0x000000070ae00000, 0x000000070ae00000|100%|HS|  |TAMS 0x000000070ac00000, 0x000000070ac00000| Complete 
|  50|0x000000070ae00000, 0x000000070b000000, 0x000000070b000000|100%|HC|  |TAMS 0x000000070ae00000, 0x000000070ae00000| Complete 
|  51|0x000000070b000000, 0x000000070b200000, 0x000000070b200000|100%|HC|  |TAMS 0x000000070b000000, 0x000000070b000000| Complete 
|  52|0x000000070b200000, 0x000000070b400000, 0x000000070b400000|100%|HS|  |TAMS 0x000000070b200000, 0x000000070b400000| Complete 
|  53|0x000000070b400000, 0x000000070b600000, 0x000000070b600000|100%|HC|  |TAMS 0x000000070b400000, 0x000000070b600000| Complete 
|  54|0x000000070b600000, 0x000000070b800000, 0x000000070b800000|100%|HC|  |TAMS 0x000000070b600000, 0x000000070b800000| Complete 
|  55|0x000000070b800000, 0x000000070ba00000, 0x000000070ba00000|100%|HS|  |TAMS 0x000000070b800000, 0x000000070b800000| Complete 
|  56|0x000000070ba00000, 0x000000070bc00000, 0x000000070bc00000|100%|HC|  |TAMS 0x000000070ba00000, 0x000000070ba00000| Complete 
|  57|0x000000070bc00000, 0x000000070be00000, 0x000000070be00000|100%|HC|  |TAMS 0x000000070bc00000, 0x000000070bc00000| Complete 
|  58|0x000000070be00000, 0x000000070c000000, 0x000000070c000000|100%| O|  |TAMS 0x000000070be00000, 0x000000070c000000| Untracked 
|  59|0x000000070c000000, 0x000000070c200000, 0x000000070c200000|100%| O|  |TAMS 0x000000070c000000, 0x000000070c200000| Untracked 
|  60|0x000000070c200000, 0x000000070c400000, 0x000000070c400000|100%| O|  |TAMS 0x000000070c200000, 0x000000070c400000| Untracked 
|  61|0x000000070c400000, 0x000000070c600000, 0x000000070c600000|100%| O|  |TAMS 0x000000070c400000, 0x000000070c600000| Untracked 
|  62|0x000000070c600000, 0x000000070c800000, 0x000000070c800000|100%| O|  |TAMS 0x000000070c600000, 0x000000070c800000| Untracked 
|  63|0x000000070c800000, 0x000000070ca00000, 0x000000070ca00000|100%| O|  |TAMS 0x000000070c800000, 0x000000070ca00000| Untracked 
|  64|0x000000070ca00000, 0x000000070cc00000, 0x000000070cc00000|100%| O|  |TAMS 0x000000070ca00000, 0x000000070cc00000| Untracked 
|  65|0x000000070cc00000, 0x000000070ce00000, 0x000000070ce00000|100%| O|  |TAMS 0x000000070cc00000, 0x000000070ce00000| Untracked 
|  66|0x000000070ce00000, 0x000000070d000000, 0x000000070d000000|100%| O|  |TAMS 0x000000070ce00000, 0x000000070d000000| Untracked 
|  67|0x000000070d000000, 0x000000070d000000, 0x000000070d200000|  0%| F|  |TAMS 0x000000070d000000, 0x000000070d000000| Untracked 
|  68|0x000000070d200000, 0x000000070d200000, 0x000000070d400000|  0%| F|  |TAMS 0x000000070d200000, 0x000000070d200000| Untracked 
|  69|0x000000070d400000, 0x000000070d400000, 0x000000070d600000|  0%| F|  |TAMS 0x000000070d400000, 0x000000070d400000| Untracked 
|  70|0x000000070d600000, 0x000000070d600000, 0x000000070d800000|  0%| F|  |TAMS 0x000000070d600000, 0x000000070d600000| Untracked 
|  71|0x000000070d800000, 0x000000070d800000, 0x000000070da00000|  0%| F|  |TAMS 0x000000070d800000, 0x000000070d800000| Untracked 
|  72|0x000000070da00000, 0x000000070da00000, 0x000000070dc00000|  0%| F|  |TAMS 0x000000070da00000, 0x000000070da00000| Untracked 
|  73|0x000000070dc00000, 0x000000070de00000, 0x000000070de00000|100%|HS|  |TAMS 0x000000070dc00000, 0x000000070de00000| Complete 
|  74|0x000000070de00000, 0x000000070e000000, 0x000000070e000000|100%|HC|  |TAMS 0x000000070de00000, 0x000000070e000000| Complete 
|  75|0x000000070e000000, 0x000000070e200000, 0x000000070e200000|100%|HC|  |TAMS 0x000000070e000000, 0x000000070e200000| Complete 
|  76|0x000000070e200000, 0x000000070e400000, 0x000000070e400000|100%|HS|  |TAMS 0x000000070e200000, 0x000000070e400000| Complete 
|  77|0x000000070e400000, 0x000000070e600000, 0x000000070e600000|100%|HC|  |TAMS 0x000000070e400000, 0x000000070e600000| Complete 
|  78|0x000000070e600000, 0x000000070e800000, 0x000000070e800000|100%|HC|  |TAMS 0x000000070e600000, 0x000000070e800000| Complete 
|  79|0x000000070e800000, 0x000000070ea00000, 0x000000070ea00000|100%|HS|  |TAMS 0x000000070e800000, 0x000000070ea00000| Complete 
|  80|0x000000070ea00000, 0x000000070ec00000, 0x000000070ec00000|100%|HC|  |TAMS 0x000000070ea00000, 0x000000070ec00000| Complete 
|  81|0x000000070ec00000, 0x000000070ee00000, 0x000000070ee00000|100%|HC|  |TAMS 0x000000070ec00000, 0x000000070ee00000| Complete 
|  82|0x000000070ee00000, 0x000000070f000000, 0x000000070f000000|100%|HS|  |TAMS 0x000000070ee00000, 0x000000070f000000| Complete 
|  83|0x000000070f000000, 0x000000070f200000, 0x000000070f200000|100%|HC|  |TAMS 0x000000070f000000, 0x000000070f200000| Complete 
|  84|0x000000070f200000, 0x000000070f400000, 0x000000070f400000|100%|HC|  |TAMS 0x000000070f200000, 0x000000070f400000| Complete 
|  85|0x000000070f400000, 0x000000070f600000, 0x000000070f600000|100%|HS|  |TAMS 0x000000070f400000, 0x000000070f600000| Complete 
|  86|0x000000070f600000, 0x000000070f800000, 0x000000070f800000|100%|HC|  |TAMS 0x000000070f600000, 0x000000070f800000| Complete 
|  87|0x000000070f800000, 0x000000070fa00000, 0x000000070fa00000|100%|HC|  |TAMS 0x000000070f800000, 0x000000070fa00000| Complete 
|  88|0x000000070fa00000, 0x000000070fc00000, 0x000000070fc00000|100%|HS|  |TAMS 0x000000070fa00000, 0x000000070fc00000| Complete 
|  89|0x000000070fc00000, 0x000000070fe00000, 0x000000070fe00000|100%|HC|  |TAMS 0x000000070fc00000, 0x000000070fe00000| Complete 
|  90|0x000000070fe00000, 0x0000000710000000, 0x0000000710000000|100%|HC|  |TAMS 0x000000070fe00000, 0x0000000710000000| Complete 
|  91|0x0000000710000000, 0x0000000710200000, 0x0000000710200000|100%|HS|  |TAMS 0x0000000710000000, 0x0000000710200000| Complete 
|  92|0x0000000710200000, 0x0000000710400000, 0x0000000710400000|100%|HC|  |TAMS 0x0000000710200000, 0x0000000710400000| Complete 
|  93|0x0000000710400000, 0x0000000710600000, 0x0000000710600000|100%|HC|  |TAMS 0x0000000710400000, 0x0000000710600000| Complete 
|  94|0x0000000710600000, 0x0000000710800000, 0x0000000710800000|100%|HS|  |TAMS 0x0000000710600000, 0x0000000710800000| Complete 
|  95|0x0000000710800000, 0x0000000710a00000, 0x0000000710a00000|100%|HC|  |TAMS 0x0000000710800000, 0x0000000710a00000| Complete 
|  96|0x0000000710a00000, 0x0000000710c00000, 0x0000000710c00000|100%|HC|  |TAMS 0x0000000710a00000, 0x0000000710c00000| Complete 
|  97|0x0000000710c00000, 0x0000000710c00000, 0x0000000710e00000|  0%| F|  |TAMS 0x0000000710c00000, 0x0000000710c00000| Untracked 
|  98|0x0000000710e00000, 0x0000000710e00000, 0x0000000711000000|  0%| F|  |TAMS 0x0000000710e00000, 0x0000000710e00000| Untracked 
|  99|0x0000000711000000, 0x0000000711000000, 0x0000000711200000|  0%| F|  |TAMS 0x0000000711000000, 0x0000000711000000| Untracked 
| 100|0x0000000711200000, 0x000000071123a800, 0x0000000711400000| 11%| O|  |TAMS 0x0000000711200000, 0x0000000711239e00| Untracked 
| 101|0x0000000711400000, 0x0000000711400000, 0x0000000711600000|  0%| F|  |TAMS 0x0000000711400000, 0x0000000711400000| Untracked 
| 102|0x0000000711600000, 0x0000000711600000, 0x0000000711800000|  0%| F|  |TAMS 0x0000000711600000, 0x0000000711600000| Untracked 
| 103|0x0000000711800000, 0x0000000711800000, 0x0000000711a00000|  0%| F|  |TAMS 0x0000000711800000, 0x0000000711800000| Untracked 
| 104|0x0000000711a00000, 0x0000000711a00000, 0x0000000711c00000|  0%| F|  |TAMS 0x0000000711a00000, 0x0000000711a00000| Untracked 
| 105|0x0000000711c00000, 0x0000000711c00000, 0x0000000711e00000|  0%| F|  |TAMS 0x0000000711c00000, 0x0000000711c00000| Untracked 
| 106|0x0000000711e00000, 0x0000000711e00000, 0x0000000712000000|  0%| F|  |TAMS 0x0000000711e00000, 0x0000000711e00000| Untracked 
| 107|0x0000000712000000, 0x0000000712000000, 0x0000000712200000|  0%| F|  |TAMS 0x0000000712000000, 0x0000000712000000| Untracked 
| 108|0x0000000712200000, 0x0000000712200000, 0x0000000712400000|  0%| F|  |TAMS 0x0000000712200000, 0x0000000712200000| Untracked 
| 109|0x0000000712400000, 0x0000000712400000, 0x0000000712600000|  0%| F|  |TAMS 0x0000000712400000, 0x0000000712400000| Untracked 
| 110|0x0000000712600000, 0x0000000712600000, 0x0000000712800000|  0%| F|  |TAMS 0x0000000712600000, 0x0000000712600000| Untracked 
| 111|0x0000000712800000, 0x0000000712800000, 0x0000000712a00000|  0%| F|  |TAMS 0x0000000712800000, 0x0000000712800000| Untracked 
| 112|0x0000000712a00000, 0x0000000712a00000, 0x0000000712c00000|  0%| F|  |TAMS 0x0000000712a00000, 0x0000000712a00000| Untracked 
| 113|0x0000000712c00000, 0x0000000712c00000, 0x0000000712e00000|  0%| F|  |TAMS 0x0000000712c00000, 0x0000000712c00000| Untracked 
| 114|0x0000000712e00000, 0x0000000712e00000, 0x0000000713000000|  0%| F|  |TAMS 0x0000000712e00000, 0x0000000712e00000| Untracked 
| 115|0x0000000713000000, 0x0000000713000000, 0x0000000713200000|  0%| F|  |TAMS 0x0000000713000000, 0x0000000713000000| Untracked 
| 116|0x0000000713200000, 0x0000000713200000, 0x0000000713400000|  0%| F|  |TAMS 0x0000000713200000, 0x0000000713200000| Untracked 
| 117|0x0000000713400000, 0x0000000713400000, 0x0000000713600000|  0%| F|  |TAMS 0x0000000713400000, 0x0000000713400000| Untracked 
| 118|0x0000000713600000, 0x0000000713600000, 0x0000000713800000|  0%| F|  |TAMS 0x0000000713600000, 0x0000000713600000| Untracked 
| 119|0x0000000713800000, 0x0000000713800000, 0x0000000713a00000|  0%| F|  |TAMS 0x0000000713800000, 0x0000000713800000| Untracked 
| 120|0x0000000713a00000, 0x0000000713a00000, 0x0000000713c00000|  0%| F|  |TAMS 0x0000000713a00000, 0x0000000713a00000| Untracked 
| 121|0x0000000713c00000, 0x0000000713c00000, 0x0000000713e00000|  0%| F|  |TAMS 0x0000000713c00000, 0x0000000713c00000| Untracked 
| 122|0x0000000713e00000, 0x0000000713e00000, 0x0000000714000000|  0%| F|  |TAMS 0x0000000713e00000, 0x0000000713e00000| Untracked 
| 123|0x0000000714000000, 0x0000000714000000, 0x0000000714200000|  0%| F|  |TAMS 0x0000000714000000, 0x0000000714000000| Untracked 
| 124|0x0000000714200000, 0x0000000714200000, 0x0000000714400000|  0%| F|  |TAMS 0x0000000714200000, 0x0000000714200000| Untracked 
| 125|0x0000000714400000, 0x0000000714400000, 0x0000000714600000|  0%| F|  |TAMS 0x0000000714400000, 0x0000000714400000| Untracked 
| 126|0x0000000714600000, 0x0000000714600000, 0x0000000714800000|  0%| F|  |TAMS 0x0000000714600000, 0x0000000714600000| Untracked 
| 127|0x0000000714800000, 0x0000000714800000, 0x0000000714a00000|  0%| F|  |TAMS 0x0000000714800000, 0x0000000714800000| Untracked 
| 128|0x0000000714a00000, 0x0000000714a00000, 0x0000000714c00000|  0%| F|  |TAMS 0x0000000714a00000, 0x0000000714a00000| Untracked 
| 129|0x0000000714c00000, 0x0000000714c00000, 0x0000000714e00000|  0%| F|  |TAMS 0x0000000714c00000, 0x0000000714c00000| Untracked 
| 130|0x0000000714e00000, 0x0000000714e00000, 0x0000000715000000|  0%| F|  |TAMS 0x0000000714e00000, 0x0000000714e00000| Untracked 
| 131|0x0000000715000000, 0x0000000715000000, 0x0000000715200000|  0%| F|  |TAMS 0x0000000715000000, 0x0000000715000000| Untracked 
| 132|0x0000000715200000, 0x0000000715200000, 0x0000000715400000|  0%| F|  |TAMS 0x0000000715200000, 0x0000000715200000| Untracked 
| 133|0x0000000715400000, 0x0000000715400000, 0x0000000715600000|  0%| F|  |TAMS 0x0000000715400000, 0x0000000715400000| Untracked 
| 134|0x0000000715600000, 0x0000000715600000, 0x0000000715800000|  0%| F|  |TAMS 0x0000000715600000, 0x0000000715600000| Untracked 
| 135|0x0000000715800000, 0x0000000715800000, 0x0000000715a00000|  0%| F|  |TAMS 0x0000000715800000, 0x0000000715800000| Untracked 
| 136|0x0000000715a00000, 0x0000000715a00000, 0x0000000715c00000|  0%| F|  |TAMS 0x0000000715a00000, 0x0000000715a00000| Untracked 
| 137|0x0000000715c00000, 0x0000000715c00000, 0x0000000715e00000|  0%| F|  |TAMS 0x0000000715c00000, 0x0000000715c00000| Untracked 
| 138|0x0000000715e00000, 0x0000000715e00000, 0x0000000716000000|  0%| F|  |TAMS 0x0000000715e00000, 0x0000000715e00000| Untracked 
| 139|0x0000000716000000, 0x0000000716000000, 0x0000000716200000|  0%| F|  |TAMS 0x0000000716000000, 0x0000000716000000| Untracked 
| 140|0x0000000716200000, 0x0000000716200000, 0x0000000716400000|  0%| F|  |TAMS 0x0000000716200000, 0x0000000716200000| Untracked 
| 141|0x0000000716400000, 0x0000000716400000, 0x0000000716600000|  0%| F|  |TAMS 0x0000000716400000, 0x0000000716400000| Untracked 
| 142|0x0000000716600000, 0x0000000716600000, 0x0000000716800000|  0%| F|  |TAMS 0x0000000716600000, 0x0000000716600000| Untracked 
| 143|0x0000000716800000, 0x0000000716800000, 0x0000000716a00000|  0%| F|  |TAMS 0x0000000716800000, 0x0000000716800000| Untracked 
| 144|0x0000000716a00000, 0x0000000716a00000, 0x0000000716c00000|  0%| F|  |TAMS 0x0000000716a00000, 0x0000000716a00000| Untracked 
| 145|0x0000000716c00000, 0x0000000716c00000, 0x0000000716e00000|  0%| F|  |TAMS 0x0000000716c00000, 0x0000000716c00000| Untracked 
| 146|0x0000000716e00000, 0x0000000716e00000, 0x0000000717000000|  0%| F|  |TAMS 0x0000000716e00000, 0x0000000716e00000| Untracked 
| 147|0x0000000717000000, 0x0000000717000000, 0x0000000717200000|  0%| F|  |TAMS 0x0000000717000000, 0x0000000717000000| Untracked 
| 148|0x0000000717200000, 0x0000000717200000, 0x0000000717400000|  0%| F|  |TAMS 0x0000000717200000, 0x0000000717200000| Untracked 
| 149|0x0000000717400000, 0x0000000717400000, 0x0000000717600000|  0%| F|  |TAMS 0x0000000717400000, 0x0000000717400000| Untracked 
| 150|0x0000000717600000, 0x0000000717600000, 0x0000000717800000|  0%| F|  |TAMS 0x0000000717600000, 0x0000000717600000| Untracked 
| 151|0x0000000717800000, 0x0000000717800000, 0x0000000717a00000|  0%| F|  |TAMS 0x0000000717800000, 0x0000000717800000| Untracked 
| 152|0x0000000717a00000, 0x0000000717a00000, 0x0000000717c00000|  0%| F|  |TAMS 0x0000000717a00000, 0x0000000717a00000| Untracked 
| 153|0x0000000717c00000, 0x0000000717c00000, 0x0000000717e00000|  0%| F|  |TAMS 0x0000000717c00000, 0x0000000717c00000| Untracked 
| 154|0x0000000717e00000, 0x0000000717e00000, 0x0000000718000000|  0%| F|  |TAMS 0x0000000717e00000, 0x0000000717e00000| Untracked 
| 155|0x0000000718000000, 0x0000000718000000, 0x0000000718200000|  0%| F|  |TAMS 0x0000000718000000, 0x0000000718000000| Untracked 
| 156|0x0000000718200000, 0x0000000718200000, 0x0000000718400000|  0%| F|  |TAMS 0x0000000718200000, 0x0000000718200000| Untracked 
| 157|0x0000000718400000, 0x0000000718400000, 0x0000000718600000|  0%| F|  |TAMS 0x0000000718400000, 0x0000000718400000| Untracked 
| 158|0x0000000718600000, 0x0000000718600000, 0x0000000718800000|  0%| F|  |TAMS 0x0000000718600000, 0x0000000718600000| Untracked 
| 159|0x0000000718800000, 0x0000000718800000, 0x0000000718a00000|  0%| F|  |TAMS 0x0000000718800000, 0x0000000718800000| Untracked 
| 160|0x0000000718a00000, 0x0000000718a00000, 0x0000000718c00000|  0%| F|  |TAMS 0x0000000718a00000, 0x0000000718a00000| Untracked 
| 161|0x0000000718c00000, 0x0000000718c00000, 0x0000000718e00000|  0%| F|  |TAMS 0x0000000718c00000, 0x0000000718c00000| Untracked 
| 162|0x0000000718e00000, 0x0000000718e00000, 0x0000000719000000|  0%| F|  |TAMS 0x0000000718e00000, 0x0000000718e00000| Untracked 
| 163|0x0000000719000000, 0x0000000719000000, 0x0000000719200000|  0%| F|  |TAMS 0x0000000719000000, 0x0000000719000000| Untracked 
| 164|0x0000000719200000, 0x0000000719200000, 0x0000000719400000|  0%| F|  |TAMS 0x0000000719200000, 0x0000000719200000| Untracked 
| 165|0x0000000719400000, 0x0000000719400000, 0x0000000719600000|  0%| F|  |TAMS 0x0000000719400000, 0x0000000719400000| Untracked 
| 166|0x0000000719600000, 0x0000000719600000, 0x0000000719800000|  0%| F|  |TAMS 0x0000000719600000, 0x0000000719600000| Untracked 
| 167|0x0000000719800000, 0x0000000719800000, 0x0000000719a00000|  0%| F|  |TAMS 0x0000000719800000, 0x0000000719800000| Untracked 
| 168|0x0000000719a00000, 0x0000000719a00000, 0x0000000719c00000|  0%| F|  |TAMS 0x0000000719a00000, 0x0000000719a00000| Untracked 
| 169|0x0000000719c00000, 0x0000000719c00000, 0x0000000719e00000|  0%| F|  |TAMS 0x0000000719c00000, 0x0000000719c00000| Untracked 
| 170|0x0000000719e00000, 0x0000000719e00000, 0x000000071a000000|  0%| F|  |TAMS 0x0000000719e00000, 0x0000000719e00000| Untracked 
| 171|0x000000071a000000, 0x000000071a000000, 0x000000071a200000|  0%| F|  |TAMS 0x000000071a000000, 0x000000071a000000| Untracked 
| 172|0x000000071a200000, 0x000000071a200000, 0x000000071a400000|  0%| F|  |TAMS 0x000000071a200000, 0x000000071a200000| Untracked 
| 173|0x000000071a400000, 0x000000071a400000, 0x000000071a600000|  0%| F|  |TAMS 0x000000071a400000, 0x000000071a400000| Untracked 
| 174|0x000000071a600000, 0x000000071a600000, 0x000000071a800000|  0%| F|  |TAMS 0x000000071a600000, 0x000000071a600000| Untracked 
| 175|0x000000071a800000, 0x000000071a800000, 0x000000071aa00000|  0%| F|  |TAMS 0x000000071a800000, 0x000000071a800000| Untracked 
| 176|0x000000071aa00000, 0x000000071aa00000, 0x000000071ac00000|  0%| F|  |TAMS 0x000000071aa00000, 0x000000071aa00000| Untracked 
| 177|0x000000071ac00000, 0x000000071ac00000, 0x000000071ae00000|  0%| F|  |TAMS 0x000000071ac00000, 0x000000071ac00000| Untracked 
| 178|0x000000071ae00000, 0x000000071ae00000, 0x000000071b000000|  0%| F|  |TAMS 0x000000071ae00000, 0x000000071ae00000| Untracked 
| 179|0x000000071b000000, 0x000000071b000000, 0x000000071b200000|  0%| F|  |TAMS 0x000000071b000000, 0x000000071b000000| Untracked 
| 180|0x000000071b200000, 0x000000071b200000, 0x000000071b400000|  0%| F|  |TAMS 0x000000071b200000, 0x000000071b200000| Untracked 
| 181|0x000000071b400000, 0x000000071b400000, 0x000000071b600000|  0%| F|  |TAMS 0x000000071b400000, 0x000000071b400000| Untracked 
| 182|0x000000071b600000, 0x000000071b600000, 0x000000071b800000|  0%| F|  |TAMS 0x000000071b600000, 0x000000071b600000| Untracked 
| 183|0x000000071b800000, 0x000000071b800000, 0x000000071ba00000|  0%| F|  |TAMS 0x000000071b800000, 0x000000071b800000| Untracked 
| 184|0x000000071ba00000, 0x000000071ba00000, 0x000000071bc00000|  0%| F|  |TAMS 0x000000071ba00000, 0x000000071ba00000| Untracked 
| 185|0x000000071bc00000, 0x000000071bc00000, 0x000000071be00000|  0%| F|  |TAMS 0x000000071bc00000, 0x000000071bc00000| Untracked 
| 186|0x000000071be00000, 0x000000071be00000, 0x000000071c000000|  0%| F|  |TAMS 0x000000071be00000, 0x000000071be00000| Untracked 
| 187|0x000000071c000000, 0x000000071c000000, 0x000000071c200000|  0%| F|  |TAMS 0x000000071c000000, 0x000000071c000000| Untracked 
| 188|0x000000071c200000, 0x000000071c200000, 0x000000071c400000|  0%| F|  |TAMS 0x000000071c200000, 0x000000071c200000| Untracked 
| 189|0x000000071c400000, 0x000000071c400000, 0x000000071c600000|  0%| F|  |TAMS 0x000000071c400000, 0x000000071c400000| Untracked 
| 190|0x000000071c600000, 0x000000071c600000, 0x000000071c800000|  0%| F|  |TAMS 0x000000071c600000, 0x000000071c600000| Untracked 
| 191|0x000000071c800000, 0x000000071c800000, 0x000000071ca00000|  0%| F|  |TAMS 0x000000071c800000, 0x000000071c800000| Untracked 
| 192|0x000000071ca00000, 0x000000071ca00000, 0x000000071cc00000|  0%| F|  |TAMS 0x000000071ca00000, 0x000000071ca00000| Untracked 
| 193|0x000000071cc00000, 0x000000071cc00000, 0x000000071ce00000|  0%| F|  |TAMS 0x000000071cc00000, 0x000000071cc00000| Untracked 
| 194|0x000000071ce00000, 0x000000071ce00000, 0x000000071d000000|  0%| F|  |TAMS 0x000000071ce00000, 0x000000071ce00000| Untracked 
| 195|0x000000071d000000, 0x000000071d000000, 0x000000071d200000|  0%| F|  |TAMS 0x000000071d000000, 0x000000071d000000| Untracked 
| 196|0x000000071d200000, 0x000000071d200000, 0x000000071d400000|  0%| F|  |TAMS 0x000000071d200000, 0x000000071d200000| Untracked 
| 197|0x000000071d400000, 0x000000071d400000, 0x000000071d600000|  0%| F|  |TAMS 0x000000071d400000, 0x000000071d400000| Untracked 
| 198|0x000000071d600000, 0x000000071d600000, 0x000000071d800000|  0%| F|  |TAMS 0x000000071d600000, 0x000000071d600000| Untracked 
| 199|0x000000071d800000, 0x000000071d800000, 0x000000071da00000|  0%| F|  |TAMS 0x000000071d800000, 0x000000071d800000| Untracked 
| 200|0x000000071da00000, 0x000000071da00000, 0x000000071dc00000|  0%| F|  |TAMS 0x000000071da00000, 0x000000071da00000| Untracked 
| 201|0x000000071dc00000, 0x000000071dc00000, 0x000000071de00000|  0%| F|  |TAMS 0x000000071dc00000, 0x000000071dc00000| Untracked 
| 202|0x000000071de00000, 0x000000071de00000, 0x000000071e000000|  0%| F|  |TAMS 0x000000071de00000, 0x000000071de00000| Untracked 
| 203|0x000000071e000000, 0x000000071e000000, 0x000000071e200000|  0%| F|  |TAMS 0x000000071e000000, 0x000000071e000000| Untracked 
| 204|0x000000071e200000, 0x000000071e200000, 0x000000071e400000|  0%| F|  |TAMS 0x000000071e200000, 0x000000071e200000| Untracked 
| 205|0x000000071e400000, 0x000000071e400000, 0x000000071e600000|  0%| F|  |TAMS 0x000000071e400000, 0x000000071e400000| Untracked 
| 206|0x000000071e600000, 0x000000071e600000, 0x000000071e800000|  0%| F|  |TAMS 0x000000071e600000, 0x000000071e600000| Untracked 
| 207|0x000000071e800000, 0x000000071e800000, 0x000000071ea00000|  0%| F|  |TAMS 0x000000071e800000, 0x000000071e800000| Untracked 
| 208|0x000000071ea00000, 0x000000071ea00000, 0x000000071ec00000|  0%| F|  |TAMS 0x000000071ea00000, 0x000000071ea00000| Untracked 
| 209|0x000000071ec00000, 0x000000071ec00000, 0x000000071ee00000|  0%| F|  |TAMS 0x000000071ec00000, 0x000000071ec00000| Untracked 
| 210|0x000000071ee00000, 0x000000071ee00000, 0x000000071f000000|  0%| F|  |TAMS 0x000000071ee00000, 0x000000071ee00000| Untracked 
| 211|0x000000071f000000, 0x000000071f000000, 0x000000071f200000|  0%| F|  |TAMS 0x000000071f000000, 0x000000071f000000| Untracked 
| 212|0x000000071f200000, 0x000000071f200000, 0x000000071f400000|  0%| F|  |TAMS 0x000000071f200000, 0x000000071f200000| Untracked 
| 213|0x000000071f400000, 0x000000071f400000, 0x000000071f600000|  0%| F|  |TAMS 0x000000071f400000, 0x000000071f400000| Untracked 
| 214|0x000000071f600000, 0x000000071f600000, 0x000000071f800000|  0%| F|  |TAMS 0x000000071f600000, 0x000000071f600000| Untracked 
| 215|0x000000071f800000, 0x000000071f800000, 0x000000071fa00000|  0%| F|  |TAMS 0x000000071f800000, 0x000000071f800000| Untracked 
| 216|0x000000071fa00000, 0x000000071fa00000, 0x000000071fc00000|  0%| F|  |TAMS 0x000000071fa00000, 0x000000071fa00000| Untracked 
| 217|0x000000071fc00000, 0x000000071fc00000, 0x000000071fe00000|  0%| F|  |TAMS 0x000000071fc00000, 0x000000071fc00000| Untracked 
| 218|0x000000071fe00000, 0x000000071fe00000, 0x0000000720000000|  0%| F|  |TAMS 0x000000071fe00000, 0x000000071fe00000| Untracked 
| 219|0x0000000720000000, 0x0000000720000000, 0x0000000720200000|  0%| F|  |TAMS 0x0000000720000000, 0x0000000720000000| Untracked 
| 220|0x0000000720200000, 0x0000000720332b20, 0x0000000720400000| 59%| S|CS|TAMS 0x0000000720200000, 0x0000000720200000| Complete 
| 221|0x0000000720400000, 0x0000000720500800, 0x0000000720600000| 50%| E|  |TAMS 0x0000000720400000, 0x0000000720400000| Complete 
| 222|0x0000000720600000, 0x0000000720800000, 0x0000000720800000|100%| E|CS|TAMS 0x0000000720600000, 0x0000000720600000| Complete 
| 223|0x0000000720800000, 0x0000000720a00000, 0x0000000720a00000|100%| E|CS|TAMS 0x0000000720800000, 0x0000000720800000| Complete 
| 224|0x0000000720a00000, 0x0000000720c00000, 0x0000000720c00000|100%| E|CS|TAMS 0x0000000720a00000, 0x0000000720a00000| Complete 
| 225|0x0000000720c00000, 0x0000000720e00000, 0x0000000720e00000|100%| E|CS|TAMS 0x0000000720c00000, 0x0000000720c00000| Complete 

Card table byte_map: [0x00000257c7640000,0x00000257c7e20000] _byte_map_base: 0x00000257c3e1b000

Marking Bits (Prev, Next): (CMBitMap*) 0x00000257afdc9730, (CMBitMap*) 0x00000257afdc9770
 Prev Bits: [0x00000257c8600000, 0x00000257cc4d8000)
 Next Bits: [0x00000257cc4e0000, 0x00000257d03b8000)

Polling page: 0x00000257af530000

Metaspace:

Usage:
  Non-class:     17.92 MB used.
      Class:      1.44 MB used.
       Both:     19.36 MB used.

Virtual space:
  Non-class space:       24.00 MB reserved,      18.06 MB ( 75%) committed,  3 nodes.
      Class space:        1.00 GB reserved,       1.56 MB ( <1%) committed,  1 nodes.
             Both:        1.02 GB reserved,      19.62 MB (  2%) committed. 

Chunk freelists:
   Non-Class:  1.61 MB
       Class:  2.47 MB
        Both:  4.08 MB

MaxMetaspaceSize: unlimited
CompressedClassSpaceSize: 1.00 GB
Initial GC threshold: 21.00 MB
Current GC threshold: 21.00 MB
CDS: on
MetaspaceReclaimPolicy: balanced
 - commit_granule_bytes: 65536.
 - commit_granule_words: 8192.
 - virtual_space_node_default_size: 1048576.
 - enlarge_chunks_in_place: 1.
 - new_chunks_are_fully_committed: 0.
 - uncommit_free_chunks: 1.
 - use_allocation_guard: 0.
 - handle_deallocations: 1.


Internal statistics:

num_allocs_failed_limit: 0.
num_arena_births: 172.
num_arena_deaths: 0.
num_vsnodes_births: 4.
num_vsnodes_deaths: 0.
num_space_committed: 310.
num_space_uncommitted: 0.
num_chunks_returned_to_freelist: 0.
num_chunks_taken_from_freelist: 568.
num_chunk_merges: 0.
num_chunk_splits: 418.
num_chunks_enlarged: 329.
num_purges: 0.
num_inconsistent_stats: 0.

CodeHeap 'non-profiled nmethods': size=119168Kb used=2511Kb max_used=2632Kb free=116656Kb
 bounds [0x00000257bf180000, 0x00000257bf430000, 0x00000257c65e0000]
CodeHeap 'profiled nmethods': size=119104Kb used=7106Kb max_used=9211Kb free=111997Kb
 bounds [0x00000257b75e0000, 0x00000257b7ee0000, 0x00000257bea30000]
CodeHeap 'non-nmethods': size=7488Kb used=1640Kb max_used=3387Kb free=5847Kb
 bounds [0x00000257bea30000, 0x00000257bed90000, 0x00000257bf180000]
 total_blobs=4783 nmethods=3722 adapters=973
 compilation: enabled
              stopped_count=0, restarted_count=0
 full_count=0

Compilation events (20 events):
Event: 28.632 Thread 0x00000257d4010030 4455       3       processing.opengl.PGraphicsOpenGL$Tessellator::initGluTess (45 bytes)
Event: 28.633 Thread 0x00000257d4010030 nmethod 4455 0x00000257b7a35910 code [0x00000257b7a35b00, 0x00000257b7a360c8]
Event: 28.633 Thread 0x00000257d4010030 4456       3       processing.opengl.PGraphicsOpenGL$Tessellator$TessellatorCallback::init (43 bytes)
Event: 28.633 Thread 0x00000257d4010030 nmethod 4456 0x00000257b7c46590 code [0x00000257b7c46760, 0x00000257b7c46a38]
Event: 28.633 Thread 0x00000257d4010030 4457       3       jogamp.opengl.glu.tessellator.GLUtessellatorImpl::gluTessBeginPolygon (31 bytes)
Event: 28.633 Thread 0x00000257d4010030 nmethod 4457 0x00000257b7834090 code [0x00000257b7834240, 0x00000257b78344e8]
Event: 28.633 Thread 0x00000257d4010030 4458       3       com.jogamp.opengl.glu.GLU::gluTessProperty (17 bytes)
Event: 28.633 Thread 0x00000257d4010030 nmethod 4458 0x00000257b77cda90 code [0x00000257b77cdc40, 0x00000257b77cde98]
Event: 28.633 Thread 0x00000257d4010030 4459   !   3       jogamp.opengl.glu.tessellator.GLUtessellatorImpl::gluTessEndPolygon (253 bytes)
Event: 28.633 Thread 0x00000257d4010030 nmethod 4459 0x00000257b79ac710 code [0x00000257b79aca20, 0x00000257b79ad8e8]
Event: 28.668 Thread 0x00000257d400d460 4460       4       jogamp.opengl.gl4.GL4bcImpl::glDisable (43 bytes)
Event: 28.668 Thread 0x00000257d4010030 4461       3       processing.opengl.PGraphicsOpenGL$Tessellator::beginPolygonStroke (42 bytes)
Event: 28.668 Thread 0x00000257d4010030 nmethod 4461 0x00000257b7c9eb90 code [0x00000257b7c9ed40, 0x00000257b7c9f1d8]
Event: 28.668 Thread 0x00000257d4010030 4462       3       processing.opengl.PGraphicsOpenGL$Tessellator::tessellateStrokePath (69 bytes)
Event: 28.668 Thread 0x00000257d400d460 nmethod 4460 0x00000257bf361f90 code [0x00000257bf362120, 0x00000257bf362208]
Event: 28.669 Thread 0x00000257d4010030 nmethod 4462 0x00000257b786f310 code [0x00000257b786f520, 0x00000257b786fc48]
Event: 28.675 Thread 0x00000257d4010030 4463       3       oscP5.OscMessage::checkTypetag (9 bytes)
Event: 28.675 Thread 0x00000257d4010030 nmethod 4463 0x00000257b77d0e10 code [0x00000257b77d0fc0, 0x00000257b77d11b8]
Event: 28.763 Thread 0x00000257d400d460 4464       4       java.lang.StringLatin1::replace (198 bytes)
Event: 28.772 Thread 0x00000257d400d460 nmethod 4464 0x00000257bf291590 code [0x00000257bf291720, 0x00000257bf291c98]

GC Heap History (20 events):
Event: 27.288 GC heap before
{Heap before GC invocations=99 (full 0):
 garbage-first heap   total 462848K, used 209202K [0x0000000704a00000, 0x0000000800000000)
  region size 2048K, 4 young (8192K), 1 survivors (2048K)
 Metaspace       used 19766K, committed 20032K, reserved 1073152K
  class space    used 1474K, committed 1600K, reserved 1048576K
}
Event: 27.289 GC heap after
{Heap after GC invocations=100 (full 0):
 garbage-first heap   total 462848K, used 143668K [0x0000000704a00000, 0x0000000800000000)
  region size 2048K, 1 young (2048K), 1 survivors (2048K)
 Metaspace       used 19766K, committed 20032K, reserved 1073152K
  class space    used 1474K, committed 1600K, reserved 1048576K
}
Event: 27.454 GC heap before
{Heap before GC invocations=100 (full 0):
 garbage-first heap   total 462848K, used 209204K [0x0000000704a00000, 0x0000000800000000)
  region size 2048K, 4 young (8192K), 1 survivors (2048K)
 Metaspace       used 19766K, committed 20032K, reserved 1073152K
  class space    used 1474K, committed 1600K, reserved 1048576K
}
Event: 27.455 GC heap after
{Heap after GC invocations=101 (full 0):
 garbage-first heap   total 462848K, used 155956K [0x0000000704a00000, 0x0000000800000000)
  region size 2048K, 1 young (2048K), 1 survivors (2048K)
 Metaspace       used 19766K, committed 20032K, reserved 1073152K
  class space    used 1474K, committed 1600K, reserved 1048576K
}
Event: 27.587 GC heap before
{Heap before GC invocations=101 (full 0):
 garbage-first heap   total 462848K, used 209204K [0x0000000704a00000, 0x0000000800000000)
  region size 2048K, 4 young (8192K), 1 survivors (2048K)
 Metaspace       used 19766K, committed 20032K, reserved 1073152K
  class space    used 1474K, committed 1600K, reserved 1048576K
}
Event: 27.589 GC heap after
{Heap after GC invocations=102 (full 0):
 garbage-first heap   total 462848K, used 143704K [0x0000000704a00000, 0x0000000800000000)
  region size 2048K, 1 young (2048K), 1 survivors (2048K)
 Metaspace       used 19766K, committed 20032K, reserved 1073152K
  class space    used 1474K, committed 1600K, reserved 1048576K
}
Event: 27.753 GC heap before
{Heap before GC invocations=102 (full 0):
 garbage-first heap   total 462848K, used 211288K [0x0000000704a00000, 0x0000000800000000)
  region size 2048K, 5 young (10240K), 1 survivors (2048K)
 Metaspace       used 19766K, committed 20032K, reserved 1073152K
  class space    used 1474K, committed 1600K, reserved 1048576K
}
Event: 27.754 GC heap after
{Heap after GC invocations=103 (full 0):
 garbage-first heap   total 462848K, used 156541K [0x0000000704a00000, 0x0000000800000000)
  region size 2048K, 1 young (2048K), 1 survivors (2048K)
 Metaspace       used 19766K, committed 20032K, reserved 1073152K
  class space    used 1474K, committed 1600K, reserved 1048576K
}
Event: 27.886 GC heap before
{Heap before GC invocations=103 (full 0):
 garbage-first heap   total 462848K, used 209789K [0x0000000704a00000, 0x0000000800000000)
  region size 2048K, 4 young (8192K), 1 survivors (2048K)
 Metaspace       used 19768K, committed 20032K, reserved 1073152K
  class space    used 1474K, committed 1600K, reserved 1048576K
}
Event: 27.887 GC heap after
{Heap after GC invocations=104 (full 0):
 garbage-first heap   total 462848K, used 144284K [0x0000000704a00000, 0x0000000800000000)
  region size 2048K, 1 young (2048K), 1 survivors (2048K)
 Metaspace       used 19768K, committed 20032K, reserved 1073152K
  class space    used 1474K, committed 1600K, reserved 1048576K
}
Event: 28.054 GC heap before
{Heap before GC invocations=104 (full 0):
 garbage-first heap   total 462848K, used 209820K [0x0000000704a00000, 0x0000000800000000)
  region size 2048K, 4 young (8192K), 1 survivors (2048K)
 Metaspace       used 19768K, committed 20032K, reserved 1073152K
  class space    used 1474K, committed 1600K, reserved 1048576K
}
Event: 28.056 GC heap after
{Heap after GC invocations=105 (full 0):
 garbage-first heap   total 462848K, used 156538K [0x0000000704a00000, 0x0000000800000000)
  region size 2048K, 1 young (2048K), 1 survivors (2048K)
 Metaspace       used 19768K, committed 20032K, reserved 1073152K
  class space    used 1474K, committed 1600K, reserved 1048576K
}
Event: 28.188 GC heap before
{Heap before GC invocations=105 (full 0):
 garbage-first heap   total 462848K, used 209786K [0x0000000704a00000, 0x0000000800000000)
  region size 2048K, 4 young (8192K), 1 survivors (2048K)
 Metaspace       used 19768K, committed 20032K, reserved 1073152K
  class space    used 1474K, committed 1600K, reserved 1048576K
}
Event: 28.189 GC heap after
{Heap after GC invocations=106 (full 0):
 garbage-first heap   total 462848K, used 144243K [0x0000000704a00000, 0x0000000800000000)
  region size 2048K, 1 young (2048K), 1 survivors (2048K)
 Metaspace       used 19768K, committed 20032K, reserved 1073152K
  class space    used 1474K, committed 1600K, reserved 1048576K
}
Event: 28.356 GC heap before
{Heap before GC invocations=106 (full 0):
 garbage-first heap   total 462848K, used 209779K [0x0000000704a00000, 0x0000000800000000)
  region size 2048K, 4 young (8192K), 1 survivors (2048K)
 Metaspace       used 19768K, committed 20032K, reserved 1073152K
  class space    used 1474K, committed 1600K, reserved 1048576K
}
Event: 28.357 GC heap after
{Heap after GC invocations=107 (full 0):
 garbage-first heap   total 462848K, used 156542K [0x0000000704a00000, 0x0000000800000000)
  region size 2048K, 1 young (2048K), 1 survivors (2048K)
 Metaspace       used 19768K, committed 20032K, reserved 1073152K
  class space    used 1474K, committed 1600K, reserved 1048576K
}
Event: 28.489 GC heap before
{Heap before GC invocations=107 (full 0):
 garbage-first heap   total 462848K, used 209790K [0x0000000704a00000, 0x0000000800000000)
  region size 2048K, 4 young (8192K), 1 survivors (2048K)
 Metaspace       used 19778K, committed 20032K, reserved 1073152K
  class space    used 1474K, committed 1600K, reserved 1048576K
}
Event: 28.490 GC heap after
{Heap after GC invocations=108 (full 0):
 garbage-first heap   total 462848K, used 144261K [0x0000000704a00000, 0x0000000800000000)
  region size 2048K, 1 young (2048K), 1 survivors (2048K)
 Metaspace       used 19778K, committed 20032K, reserved 1073152K
  class space    used 1474K, committed 1600K, reserved 1048576K
}
Event: 28.655 GC heap before
{Heap before GC invocations=108 (full 0):
 garbage-first heap   total 462848K, used 211845K [0x0000000704a00000, 0x0000000800000000)
  region size 2048K, 5 young (10240K), 1 survivors (2048K)
 Metaspace       used 19781K, committed 20032K, reserved 1073152K
  class space    used 1474K, committed 1600K, reserved 1048576K
}
Event: 28.656 GC heap after
{Heap after GC invocations=109 (full 0):
 garbage-first heap   total 462848K, used 157108K [0x0000000704a00000, 0x0000000800000000)
  region size 2048K, 1 young (2048K), 1 survivors (2048K)
 Metaspace       used 19781K, committed 20032K, reserved 1073152K
  class space    used 1474K, committed 1600K, reserved 1048576K
}

Deoptimization events (20 events):
Event: 24.933 Thread 0x00000257dbb061a0 Uncommon trap: trap_request=0xffffff45 fr.pc=0x00000257bf3f9f40 relative=0x00000000000016e0
Event: 24.933 Thread 0x00000257dbb061a0 Uncommon trap: reason=unstable_if action=reinterpret pc=0x00000257bf3f9f40 method=CelestialVibesPDE$Octree.calculateImpact(Ljava/util/ArrayList;)V @ 206 c2
Event: 24.933 Thread 0x00000257dbb061a0 DEOPT PACKING pc=0x00000257bf3f9f40 sp=0x000000fe059fe820
Event: 24.933 Thread 0x00000257dbb061a0 DEOPT UNPACKING pc=0x00000257bea85ba3 sp=0x000000fe059fe7e8 mode 2
Event: 25.499 Thread 0x00000257dbb061a0 DEOPT PACKING pc=0x00000257b7e69ed0 sp=0x000000fe059fe820
Event: 25.499 Thread 0x00000257dbb061a0 DEOPT UNPACKING pc=0x00000257bea866e3 sp=0x000000fe059fdcd8 mode 0
Event: 25.634 Thread 0x00000257dbb061a0 DEOPT PACKING pc=0x00000257b7e1ab79 sp=0x000000fe059fe220
Event: 25.634 Thread 0x00000257dbb061a0 DEOPT UNPACKING pc=0x00000257bea866e3 sp=0x000000fe059fd678 mode 0
Event: 26.766 Thread 0x00000257dbb061a0 DEOPT PACKING pc=0x00000257b7e6280b sp=0x000000fe059fe510
Event: 26.766 Thread 0x00000257dbb061a0 DEOPT UNPACKING pc=0x00000257bea866e3 sp=0x000000fe059fd988 mode 0
Event: 27.130 Thread 0x00000257dbb061a0 DEOPT PACKING pc=0x00000257b7cf9589 sp=0x000000fe059fe930
Event: 27.130 Thread 0x00000257dbb061a0 DEOPT UNPACKING pc=0x00000257bea866e3 sp=0x000000fe059fe1e8 mode 0
Event: 27.502 Thread 0x00000257dbb061a0 DEOPT PACKING pc=0x00000257b7e69ed0 sp=0x000000fe059febd0
Event: 27.502 Thread 0x00000257dbb061a0 DEOPT UNPACKING pc=0x00000257bea866e3 sp=0x000000fe059fe088 mode 0
Event: 28.165 Thread 0x00000257dbb061a0 DEOPT PACKING pc=0x00000257b7e69ed0 sp=0x000000fe059febd0
Event: 28.165 Thread 0x00000257dbb061a0 DEOPT UNPACKING pc=0x00000257bea866e3 sp=0x000000fe059fe088 mode 0
Event: 28.735 Thread 0x00000257dbb061a0 Uncommon trap: trap_request=0xffffff45 fr.pc=0x00000257bf3e9558 relative=0x0000000000000438
Event: 28.735 Thread 0x00000257dbb061a0 Uncommon trap: reason=unstable_if action=reinterpret pc=0x00000257bf3e9558 method=java.util.TreeMap.getEntry(Ljava/lang/Object;)Ljava/util/TreeMap$Entry; @ 29 c2
Event: 28.735 Thread 0x00000257dbb061a0 DEOPT PACKING pc=0x00000257bf3e9558 sp=0x000000fe059fe150
Event: 28.735 Thread 0x00000257dbb061a0 DEOPT UNPACKING pc=0x00000257bea85ba3 sp=0x000000fe059fe0e8 mode 2

Classes unloaded (0 events):
No events

Classes redefined (0 events):
No events

Internal exceptions (20 events):
Event: 28.566 Thread 0x00000257dbb06b40 Exception <a 'java/io/IOException'{0x00000007209018b8}> (0x00000007209018b8) 
thrown [s\open\src\hotspot\share\prims\jni.cpp, line 516]
Event: 28.566 Thread 0x00000257dbb06b40 Exception <a 'java/io/IOException'{0x0000000720901bc8}> (0x0000000720901bc8) 
thrown [s\open\src\hotspot\share\prims\jni.cpp, line 516]
Event: 28.566 Thread 0x00000257dbb06b40 Exception <a 'java/io/IOException'{0x0000000720901fb0}> (0x0000000720901fb0) 
thrown [s\open\src\hotspot\share\prims\jni.cpp, line 516]
Event: 28.566 Thread 0x00000257dbb06b40 Exception <a 'java/io/IOException'{0x00000007209022c0}> (0x00000007209022c0) 
thrown [s\open\src\hotspot\share\prims\jni.cpp, line 516]
Event: 28.566 Thread 0x00000257dbb06b40 Exception <a 'java/io/IOException'{0x00000007209025d0}> (0x00000007209025d0) 
thrown [s\open\src\hotspot\share\prims\jni.cpp, line 516]
Event: 28.675 Thread 0x00000257dbb06b40 Exception <a 'java/io/IOException'{0x0000000720d00978}> (0x0000000720d00978) 
thrown [s\open\src\hotspot\share\prims\jni.cpp, line 516]
Event: 28.675 Thread 0x00000257dbb06b40 Exception <a 'java/io/IOException'{0x0000000720d00c88}> (0x0000000720d00c88) 
thrown [s\open\src\hotspot\share\prims\jni.cpp, line 516]
Event: 28.675 Thread 0x00000257dbb06b40 Exception <a 'java/io/IOException'{0x0000000720d010b8}> (0x0000000720d010b8) 
thrown [s\open\src\hotspot\share\prims\jni.cpp, line 516]
Event: 28.675 Thread 0x00000257dbb06b40 Exception <a 'java/io/IOException'{0x0000000720d013c8}> (0x0000000720d013c8) 
thrown [s\open\src\hotspot\share\prims\jni.cpp, line 516]
Event: 28.675 Thread 0x00000257dbb06b40 Exception <a 'java/io/IOException'{0x0000000720d017b0}> (0x0000000720d017b0) 
thrown [s\open\src\hotspot\share\prims\jni.cpp, line 516]
Event: 28.675 Thread 0x00000257dbb06b40 Exception <a 'java/io/IOException'{0x0000000720d01ac0}> (0x0000000720d01ac0) 
thrown [s\open\src\hotspot\share\prims\jni.cpp, line 516]
Event: 28.675 Thread 0x00000257dbb06b40 Exception <a 'java/io/IOException'{0x0000000720d01dd0}> (0x0000000720d01dd0) 
thrown [s\open\src\hotspot\share\prims\jni.cpp, line 516]
Event: 28.724 Thread 0x00000257dbb06b40 Exception <a 'java/io/IOException'{0x0000000720d034e8}> (0x0000000720d034e8) 
thrown [s\open\src\hotspot\share\prims\jni.cpp, line 516]
Event: 28.724 Thread 0x00000257dbb06b40 Exception <a 'java/io/IOException'{0x0000000720d037f8}> (0x0000000720d037f8) 
thrown [s\open\src\hotspot\share\prims\jni.cpp, line 516]
Event: 28.724 Thread 0x00000257dbb06b40 Exception <a 'java/io/IOException'{0x0000000720d03c20}> (0x0000000720d03c20) 
thrown [s\open\src\hotspot\share\prims\jni.cpp, line 516]
Event: 28.724 Thread 0x00000257dbb06b40 Exception <a 'java/io/IOException'{0x0000000720d03f30}> (0x0000000720d03f30) 
thrown [s\open\src\hotspot\share\prims\jni.cpp, line 516]
Event: 28.724 Thread 0x00000257dbb06b40 Exception <a 'java/io/IOException'{0x0000000720d04318}> (0x0000000720d04318) 
thrown [s\open\src\hotspot\share\prims\jni.cpp, line 516]
Event: 28.724 Thread 0x00000257dbb06b40 Exception <a 'java/io/IOException'{0x0000000720d04628}> (0x0000000720d04628) 
thrown [s\open\src\hotspot\share\prims\jni.cpp, line 516]
Event: 28.724 Thread 0x00000257dbb06b40 Exception <a 'java/io/IOException'{0x0000000720d04938}> (0x0000000720d04938) 
thrown [s\open\src\hotspot\share\prims\jni.cpp, line 516]
Event: 28.735 Thread 0x00000257db6f1730 Exception <a 'java/lang/InterruptedException'{0x0000000720800000}> (0x0000000720800000) 
thrown [s\open\src\hotspot\share\runtime\objectMonitor.cpp, line 1661]

VM Operations (20 events):
Event: 27.289 Executing VM operation: G1TryInitiateConcMark done
Event: 27.454 Executing VM operation: G1TryInitiateConcMark
Event: 27.455 Executing VM operation: G1TryInitiateConcMark done
Event: 27.587 Executing VM operation: G1TryInitiateConcMark
Event: 27.589 Executing VM operation: G1TryInitiateConcMark done
Event: 27.753 Executing VM operation: G1TryInitiateConcMark
Event: 27.754 Executing VM operation: G1TryInitiateConcMark done
Event: 27.886 Executing VM operation: G1TryInitiateConcMark
Event: 27.887 Executing VM operation: G1TryInitiateConcMark done
Event: 28.054 Executing VM operation: G1TryInitiateConcMark
Event: 28.056 Executing VM operation: G1TryInitiateConcMark done
Event: 28.188 Executing VM operation: G1TryInitiateConcMark
Event: 28.189 Executing VM operation: G1TryInitiateConcMark done
Event: 28.356 Executing VM operation: G1TryInitiateConcMark
Event: 28.357 Executing VM operation: G1TryInitiateConcMark done
Event: 28.489 Executing VM operation: G1TryInitiateConcMark
Event: 28.490 Executing VM operation: G1TryInitiateConcMark done
Event: 28.655 Executing VM operation: G1TryInitiateConcMark
Event: 28.656 Executing VM operation: G1TryInitiateConcMark done
Event: 28.837 Executing VM operation: Exit

Events (20 events):
Event: 23.074 Thread 0x00000257e7b11080 Thread exited: 0x00000257e7b11080
Event: 24.166 Thread 0x00000257e7b10b70 Thread exited: 0x00000257e7b10b70
Event: 24.166 Thread 0x00000257e7b10660 Thread exited: 0x00000257e7b10660
Event: 26.088 Thread 0x00000257e73163e0 Thread added: 0x00000257e73163e0
Event: 27.456 Thread 0x00000257e73163e0 Thread exited: 0x00000257e73163e0
Event: 28.735 Thread 0x00000257db6f1730 Thread exited: 0x00000257db6f1730
Event: 28.735 Thread 0x00000257dbb03ff0 Thread added: 0x00000257dbb03ff0
Event: 28.735 Thread 0x00000257dbb04990 Thread added: 0x00000257dbb04990
Event: 28.736 Thread 0x00000257dbb05800 Thread added: 0x00000257dbb05800
Event: 28.736 Thread 0x00000257dbb05cd0 Thread added: 0x00000257dbb05cd0
Event: 28.736 loading class java/nio/channels/ClosedChannelException
Event: 28.736 loading class java/nio/channels/ClosedChannelException done
Event: 28.736 Thread 0x00000257d429c830 Thread added: 0x00000257d429c830
Event: 28.736 Thread 0x00000257dbb04990 Thread exited: 0x00000257dbb04990
Event: 28.736 Thread 0x00000257dbb05800 Thread exited: 0x00000257dbb05800
Event: 28.736 Thread 0x00000257db6e8ad0 Thread exited: 0x00000257db6e8ad0
Event: 28.740 Thread 0x00000257d4484e50 Thread exited: 0x00000257d4484e50
Event: 28.762 Thread 0x00000257d481c3a0 Thread exited: 0x00000257d481c3a0
Event: 28.765 Thread 0x00000257dbb03ff0 Thread exited: 0x00000257dbb03ff0
Event: 28.837 Thread 0x00000257dbb05cd0 Thread exited: 0x00000257dbb05cd0


Dynamic libraries:
0x00007ff65d360000 - 0x00007ff65d370000 	C:\Program Files\Java\jdk-17\bin\javaw.exe
0x00007ffa9ceb0000 - 0x00007ffa9d0c4000 	C:\WINDOWS\SYSTEM32\ntdll.dll
0x00007ffa9b2e0000 - 0x00007ffa9b3a4000 	C:\WINDOWS\System32\KERNEL32.DLL
0x00007ffa9a260000 - 0x00007ffa9a604000 	C:\WINDOWS\System32\KERNELBASE.dll
0x00007ffa9a7d0000 - 0x00007ffa9a8e1000 	C:\WINDOWS\System32\ucrtbase.dll
0x00007ffa33890000 - 0x00007ffa338ab000 	C:\Program Files\Java\jdk-17\bin\VCRUNTIME140.dll
0x00007ffa33590000 - 0x00007ffa335a8000 	C:\Program Files\Java\jdk-17\bin\jli.dll
0x00007ffa9c4c0000 - 0x00007ffa9c570000 	C:\WINDOWS\System32\ADVAPI32.dll
0x00007ffa9ae30000 - 0x00007ffa9aed7000 	C:\WINDOWS\System32\msvcrt.dll
0x00007ffa9c2e0000 - 0x00007ffa9c386000 	C:\WINDOWS\System32\sechost.dll
0x00007ffa9c390000 - 0x00007ffa9c4a7000 	C:\WINDOWS\System32\RPCRT4.dll
0x00007ffa9aef0000 - 0x00007ffa9b09e000 	C:\WINDOWS\System32\USER32.dll
0x00007ffa9a690000 - 0x00007ffa9a6b6000 	C:\WINDOWS\System32\win32u.dll
0x00007ffa824b0000 - 0x00007ffa82743000 	C:\WINDOWS\WinSxS\amd64_microsoft.windows.common-controls_6595b64144ccf1df_6.0.22621.2215_none_270d72677387dfc3\COMCTL32.dll
0x00007ffa9ce40000 - 0x00007ffa9ce69000 	C:\WINDOWS\System32\GDI32.dll
0x00007ffa9aa60000 - 0x00007ffa9ab78000 	C:\WINDOWS\System32\gdi32full.dll
0x00007ffa9a730000 - 0x00007ffa9a7ca000 	C:\WINDOWS\System32\msvcp_win.dll
0x00007ffa90580000 - 0x00007ffa9058a000 	C:\WINDOWS\SYSTEM32\VERSION.dll
0x00007ffa9c1c0000 - 0x00007ffa9c1f1000 	C:\WINDOWS\System32\IMM32.DLL
0x00007ffa67710000 - 0x00007ffa6771c000 	C:\Program Files\Java\jdk-17\bin\vcruntime140_1.dll
0x00007ffa05870000 - 0x00007ffa058fe000 	C:\Program Files\Java\jdk-17\bin\msvcp140.dll
0x00007ff9d5140000 - 0x00007ff9d5d17000 	C:\Program Files\Java\jdk-17\bin\server\jvm.dll
0x00007ffa9aee0000 - 0x00007ffa9aee8000 	C:\WINDOWS\System32\PSAPI.DLL
0x00007ffa59480000 - 0x00007ffa59489000 	C:\WINDOWS\SYSTEM32\WSOCK32.dll
0x00007ffa8f200000 - 0x00007ffa8f234000 	C:\WINDOWS\SYSTEM32\WINMM.dll
0x00007ffa9b240000 - 0x00007ffa9b2b1000 	C:\WINDOWS\System32\WS2_32.dll
0x00007ffa992c0000 - 0x00007ffa992d8000 	C:\WINDOWS\SYSTEM32\kernel.appcore.dll
0x00007ffa66fb0000 - 0x00007ffa66fba000 	C:\Program Files\Java\jdk-17\bin\jimage.dll
0x00007ffa97b80000 - 0x00007ffa97dae000 	C:\WINDOWS\SYSTEM32\DBGHELP.DLL
0x00007ffa9b670000 - 0x00007ffa9b9fa000 	C:\WINDOWS\System32\combase.dll
0x00007ffa9c200000 - 0x00007ffa9c2d7000 	C:\WINDOWS\System32\OLEAUT32.dll
0x00007ffa7f1e0000 - 0x00007ffa7f212000 	C:\WINDOWS\SYSTEM32\dbgcore.DLL
0x00007ffa9a610000 - 0x00007ffa9a68a000 	C:\WINDOWS\System32\bcryptPrimitives.dll
0x00007ffa28550000 - 0x00007ffa28575000 	C:\Program Files\Java\jdk-17\bin\java.dll
0x00007ffa00450000 - 0x00007ffa00527000 	C:\Program Files\Java\jdk-17\bin\jsvml.dll
0x00007ffa9c610000 - 0x00007ffa9ce33000 	C:\WINDOWS\System32\SHELL32.dll
0x00007ffa981a0000 - 0x00007ffa98a8a000 	C:\WINDOWS\SYSTEM32\windows.storage.dll
0x00007ffa98060000 - 0x00007ffa9819e000 	C:\WINDOWS\SYSTEM32\wintypes.dll
0x00007ffa9b570000 - 0x00007ffa9b663000 	C:\WINDOWS\System32\SHCORE.dll
0x00007ffa9ac40000 - 0x00007ffa9ac9e000 	C:\WINDOWS\System32\shlwapi.dll
0x00007ffa9a190000 - 0x00007ffa9a1b6000 	C:\WINDOWS\SYSTEM32\profapi.dll
0x00007ffa2f360000 - 0x00007ffa2f379000 	C:\Program Files\Java\jdk-17\bin\net.dll
0x00007ffa8fee0000 - 0x00007ffa90017000 	C:\WINDOWS\SYSTEM32\WINHTTP.dll
0x00007ffa997e0000 - 0x00007ffa99849000 	C:\WINDOWS\system32\mswsock.dll
0x00007ffa2ef30000 - 0x00007ffa2ef46000 	C:\Program Files\Java\jdk-17\bin\nio.dll
0x00007ffa28b30000 - 0x00007ffa28b48000 	C:\Program Files\Java\jdk-17\bin\zip.dll
0x00007ff9eb9e0000 - 0x00007ff9ebb71000 	C:\Program Files\Java\jdk-17\bin\awt.dll
0x00007ffa97340000 - 0x00007ffa973d7000 	C:\WINDOWS\SYSTEM32\apphelp.dll
0x00007ffa97400000 - 0x00007ffa974ab000 	C:\WINDOWS\system32\uxtheme.dll
0x00007ffa4fbd0000 - 0x00007ffa4fd09000 	C:\ProgramData\A-Volute\A-Volute.Nahimic\Modules\Scheduled\x64\AudioDevProps2.dll
0x00007ffa9c020000 - 0x00007ffa9c1be000 	C:\WINDOWS\System32\ole32.dll
0x00007ffa9b0a0000 - 0x00007ffa9b1e9000 	C:\WINDOWS\System32\MSCTF.dll
0x00007ffa97810000 - 0x00007ffa9783b000 	C:\WINDOWS\system32\DWMAPI.DLL
0x00007ffa7e970000 - 0x00007ffa7ea70000 	C:\WINDOWS\system32\opengl32.dll
0x00007ffa7f150000 - 0x00007ffa7f17d000 	C:\WINDOWS\SYSTEM32\GLU32.dll
0x00007ffa974e0000 - 0x00007ffa97518000 	C:\WINDOWS\SYSTEM32\dxcore.dll
0x00007ffa99a50000 - 0x00007ffa99a6b000 	C:\WINDOWS\SYSTEM32\CRYPTSP.dll
0x00007ffa99280000 - 0x00007ffa992b5000 	C:\WINDOWS\system32\rsaenh.dll
0x00007ffa998b0000 - 0x00007ffa998dc000 	C:\WINDOWS\SYSTEM32\USERENV.dll
0x00007ffa99c10000 - 0x00007ffa99c38000 	C:\WINDOWS\SYSTEM32\bcrypt.dll
0x00007ffa99a70000 - 0x00007ffa99a7c000 	C:\WINDOWS\SYSTEM32\CRYPTBASE.dll
0x00007ffa98d30000 - 0x00007ffa98d5d000 	C:\WINDOWS\SYSTEM32\IPHLPAPI.DLL
0x00007ffa9ae20000 - 0x00007ffa9ae29000 	C:\WINDOWS\System32\NSI.dll
0x00007ffa90590000 - 0x00007ffa905a9000 	C:\WINDOWS\SYSTEM32\dhcpcsvc6.DLL
0x00007ffa8fa40000 - 0x00007ffa8fa5f000 	C:\WINDOWS\SYSTEM32\dhcpcsvc.DLL
0x00007ffa98d60000 - 0x00007ffa98e52000 	C:\WINDOWS\SYSTEM32\DNSAPI.dll
0x000000006e8c0000 - 0x000000006e8cd000 	C:\Users\mcris\Desktop\CelestialVibes\src\CelestialVibesPDE\windows-amd64\lib\gluegen_rt.dll
0x00007ffa5ffe0000 - 0x00007ffa5ffe7000 	C:\Program Files\Java\jdk-17\bin\jawt.dll
0x000000006a440000 - 0x000000006a44d000 	C:\Users\mcris\Desktop\CelestialVibes\src\CelestialVibesPDE\windows-amd64\lib\nativewindow_awt.dll
0x000000006c100000 - 0x000000006c110000 	C:\Users\mcris\Desktop\CelestialVibes\src\CelestialVibesPDE\windows-amd64\lib\nativewindow_win32.dll
0x0000000064500000 - 0x0000000064585000 	C:\Users\mcris\Desktop\CelestialVibes\src\CelestialVibesPDE\windows-amd64\lib\jogl_desktop.dll
0x0000000064340000 - 0x0000000064391000 	C:\Users\mcris\Desktop\CelestialVibes\src\CelestialVibesPDE\windows-amd64\lib\jogl_mobile.dll
0x00007ffa92840000 - 0x00007ffa9288a000 	C:\WINDOWS\SYSTEM32\directxdatabasehelper.dll
0x00007ffa9ad70000 - 0x00007ffa9ae20000 	C:\WINDOWS\System32\clbcatq.dll
0x00007ff9c8fb0000 - 0x00007ff9ca037000 	C:\WINDOWS\System32\DriverStore\FileRepository\iigd_dch.inf_amd64_357acc06f2c40efb\igxelpicd64.dll
0x00007ffa97520000 - 0x00007ffa97618000 	C:\WINDOWS\system32\dxgi.dll
0x00007ff9db020000 - 0x00007ff9db15c000 	C:\WINDOWS\System32\DriverStore\FileRepository\iigd_dch.inf_amd64_357acc06f2c40efb\igdml64.dll
0x00007ffa8b420000 - 0x00007ffa8b829000 	C:\WINDOWS\System32\DriverStore\FileRepository\iigd_dch.inf_amd64_357acc06f2c40efb\igdgmm64.dll
0x00007ffa99f70000 - 0x00007ffa99f9c000 	C:\WINDOWS\SYSTEM32\DEVOBJ.dll
0x00007ffa99f20000 - 0x00007ffa99f6e000 	C:\WINDOWS\SYSTEM32\cfgmgr32.dll
0x00007ffa9a6c0000 - 0x00007ffa9a72b000 	C:\WINDOWS\System32\WINTRUST.dll
0x00007ffa9a8f0000 - 0x00007ffa9aa56000 	C:\WINDOWS\System32\CRYPT32.dll
0x00007ffa99f00000 - 0x00007ffa99f12000 	C:\WINDOWS\SYSTEM32\MSASN1.dll
0x00007ffa86950000 - 0x00007ffa8afd4000 	C:\WINDOWS\System32\DriverStore\FileRepository\iigd_dch.inf_amd64_357acc06f2c40efb\igc64.dll
0x00007ffa992e0000 - 0x00007ffa9932d000 	C:\WINDOWS\SYSTEM32\powrprof.dll
0x00007ffa99260000 - 0x00007ffa99273000 	C:\WINDOWS\SYSTEM32\UMPDC.dll
0x0000000070d80000 - 0x0000000070d93000 	C:\Users\mcris\Desktop\CelestialVibes\src\CelestialVibesPDE\windows-amd64\lib\newt_head.dll
0x00007ffa90300000 - 0x00007ffa903bc000 	C:\WINDOWS\SYSTEM32\mscms.dll
0x00007ff9ef330000 - 0x00007ff9ef379000 	C:\WINDOWS\SYSTEM32\icm32.dll
0x00007ffa9ba00000 - 0x00007ffa9be74000 	C:\WINDOWS\System32\setupapi.dll
0x00007ffa74b50000 - 0x00007ffa74c94000 	C:\WINDOWS\SYSTEM32\textinputframework.dll
0x00007ffa96f70000 - 0x00007ffa970a3000 	C:\WINDOWS\SYSTEM32\CoreMessaging.dll
0x00007ffa91650000 - 0x00007ffa919bc000 	C:\WINDOWS\SYSTEM32\CoreUIComponents.dll
0x00007ffa57b10000 - 0x00007ffa57b20000 	C:\Program Files\Java\jdk-17\bin\verify.dll
0x00007ffa955f0000 - 0x00007ffa95607000 	C:\WINDOWS\system32\napinsp.dll
0x00007ffa84260000 - 0x00007ffa8427b000 	C:\WINDOWS\system32\pnrpnsp.dll
0x00007ffa834f0000 - 0x00007ffa83501000 	C:\WINDOWS\System32\winrnr.dll
0x00007ffa8ecc0000 - 0x00007ffa8ecd5000 	C:\WINDOWS\system32\wshbth.dll
0x00007ffa81210000 - 0x00007ffa81231000 	C:\WINDOWS\system32\nlansp_c.dll
0x00007ffa85eb0000 - 0x00007ffa85eba000 	C:\Windows\System32\rasadhlp.dll
0x00007ffa8e770000 - 0x00007ffa8e7f4000 	C:\WINDOWS\System32\fwpuclnt.dll
0x00007ff9c8650000 - 0x00007ff9c867e000 	C:\Program Files\Java\jdk-17\bin\javajpeg.dll
0x00007ff9c85c0000 - 0x00007ff9c8646000 	C:\Program Files\Java\jdk-17\bin\freetype.dll
0x00007ff9c84f0000 - 0x00007ff9c85b5000 	C:\Program Files\Java\jdk-17\bin\fontmanager.dll

dbghelp: loaded successfully - version: 4.0.5 - missing functions: none
symbol engine: initialized successfully - sym options: 0x614 - pdb path: .;C:\Program Files\Java\jdk-17\bin;C:\WINDOWS\SYSTEM32;C:\WINDOWS\WinSxS\amd64_microsoft.windows.common-controls_6595b64144ccf1df_6.0.22621.2215_none_270d72677387dfc3;C:\Program Files\Java\jdk-17\bin\server;C:\ProgramData\A-Volute\A-Volute.Nahimic\Modules\Scheduled\x64;C:\Users\mcris\Desktop\CelestialVibes\src\CelestialVibesPDE\windows-amd64\lib;C:\WINDOWS\System32\DriverStore\FileRepository\iigd_dch.inf_amd64_357acc06f2c40efb

VM Arguments:
jvm_args: -Djna.nosys=true -Djava.library.path=C:\Users\mcris\Desktop\CelestialVibes\src\CelestialVibesPDE\windows-amd64\lib 
java_command: CelestialVibesPDE
java_class_path (initial): lib\CelestialVibesPDE.jar;lib\core.jar;lib\gluegen-rt.jar;lib\jogl-all.jar;lib\controlP5.jar;lib\peasy-math.jar;lib\peasycam.jar;lib\oscP5.jar;lib\supercollider.jar
Launcher Type: SUN_STANDARD

[Global flags]
     intx CICompilerCount                          = 12                                        {product} {ergonomic}
     uint ConcGCThreads                            = 3                                         {product} {ergonomic}
     uint G1ConcRefinementThreads                  = 13                                        {product} {ergonomic}
   size_t G1HeapRegionSize                         = 2097152                                   {product} {ergonomic}
    uintx GCDrainStackTargetSize                   = 64                                        {product} {ergonomic}
   size_t InitialHeapSize                          = 264241152                                 {product} {ergonomic}
   size_t MarkStackSize                            = 4194304                                   {product} {ergonomic}
   size_t MaxHeapSize                              = 4217372672                                {product} {ergonomic}
   size_t MaxNewSize                               = 2529165312                                {product} {ergonomic}
   size_t MinHeapDeltaBytes                        = 2097152                                   {product} {ergonomic}
   size_t MinHeapSize                              = 8388608                                   {product} {ergonomic}
    uintx NonNMethodCodeHeapSize                   = 7602480                                {pd product} {ergonomic}
    uintx NonProfiledCodeHeapSize                  = 122027880                              {pd product} {ergonomic}
    uintx ProfiledCodeHeapSize                     = 122027880                              {pd product} {ergonomic}
    uintx ReservedCodeCacheSize                    = 251658240                              {pd product} {ergonomic}
     bool SegmentedCodeCache                       = true                                      {product} {ergonomic}
   size_t SoftMaxHeapSize                          = 4217372672                             {manageable} {ergonomic}
     bool UseCompressedClassPointers               = true                           {product lp64_product} {ergonomic}
     bool UseCompressedOops                        = true                           {product lp64_product} {ergonomic}
     bool UseG1GC                                  = true                                      {product} {ergonomic}
     bool UseLargePagesIndividualAllocation        = false                                  {pd product} {ergonomic}

Logging:
Log output configuration:
 #0: stdout all=off uptime,level,tags
 #1: stderr all=off uptime,level,tags

Environment Variables:
PATH=C:\Users\mcris\AppData\Local\Temp\_MEI38162\cv2\../../x64/vc14/bin;C:\Users\mcris\AppData\Local\Temp\_MEI38162\pywin32_system32;C:\Users\mcris\anaconda3\envs\Cpac;C:\Users\mcris\anaconda3\envs\Cpac\Library\mingw-w64\bin;C:\Users\mcris\anaconda3\envs\Cpac\Library\usr\bin;C:\Users\mcris\anaconda3\envs\Cpac\Library\bin;C:\Users\mcris\anaconda3\envs\Cpac\Scripts;C:\Users\mcris\anaconda3\envs\Cpac\bin;C:\Users\mcris\anaconda3\condabin;C:\Program Files\Common Files\Oracle\Java\javapath;C:\Program Files (x86)\Common Files\Oracle\Java\javapath;C:\Python310\Scripts;C:\Python310;C:\Windows\system32;C:\Windows;C:\Windows\System32\Wbem;C:\Windows\System32\WindowsPowerShell\v1.0;C:\Windows\System32\OpenSSH;C:\Program Files (x86)\NVIDIA Corporation\PhysX\Common;C:\Program Files\NVIDIA Corporation\NVIDIA NvDLISR;C:\WINDOWS\system32;C:\WINDOWS;C:\WINDOWS\System32\Wbem;C:\WINDOWS\System32\WindowsPowerShell\v1.0;C:\WINDOWS\System32\OpenSSH;C:\Program Files\Git\cmd;C:\msys64\mingw64\bin;C:\ProgramData\chocolatey\bin;C:\Program Files\MATLAB\R2021b\bin;C:\Program Files\dotnet;C:\Program Files\processing-4.0b7;C:\Users\mcris\AppData\Local\Programs\Python\Python311\Scripts;C:\Users\mcris\AppData\Local\Programs\Python\Python311;C:\Users\mcris\AppData\Local\Microsoft\WindowsApps;C:\Users\mcris\AppData\Local\Programs\Microsoft VS Code\bin;C:\Users\mcris\AppData\Local\GitHubDesktop\bin;C:\Users\mcris\AppData\Local\Microsoft\WindowsApps;C:\Program Files\Java\jdk-17\bin
USERNAME=mcris
OS=Windows_NT
PROCESSOR_IDENTIFIER=Intel64 Family 6 Model 141 Stepping 1, GenuineIntel



---------------  S Y S T E M  ---------------

OS:
 Windows 11 , 64 bit Build 22621 (10.0.22621.2215)
OS uptime: 3 days 4:15 hours
Hyper-V role detected

CPU: total 16 (initial active 16) (8 cores per cpu, 2 threads per core) family 6 model 141 stepping 1 microcode 0x26, cx8, cmov, fxsr, ht, mmx, 3dnowpref, sse, sse2, sse3, ssse3, sse4.1, sse4.2, popcnt, lzcnt, tsc, tscinvbit, avx, avx2, aes, erms, clmul, bmi1, bmi2, adx, avx512f, avx512dq, avx512cd, avx512bw, avx512vl, sha, fma, vzeroupper, avx512_vpopcntdq, avx512_vpclmulqdq, avx512_vaes, avx512_vnni, clflush, clflushopt, clwb, avx512_vbmi2, avx512_vbmi, hv

Memory: 4k page, system-wide physical 16085M (5548M free)
TotalPageFile size 18645M (AvailPageFile size 2389M)
current process WorkingSet (physical memory assigned to process): 821M, peak: 895M
current process commit charge ("private bytes"): 955M, peak: 1034M

vm_info: Java HotSpot(TM) 64-Bit Server VM (17.0.6+9-LTS-190) for windows-amd64 JRE (17.0.6+9-LTS-190), built on Dec  6 2022 15:53:54 by "mach5one" with MS VC++ 17.1 (VS2022)

END.
