#
# A fatal error has been detected by the Java Runtime Environment:
#
#  EXCEPTION_ACCESS_VIOLATION (0xc0000005) at pc=0x00007ff9d6df7a32, pid=25596, tid=5820
#
# JRE version: Java(TM) SE Runtime Environment (17.0.6+9) (build 17.0.6+9-LTS-190)
# Java VM: Java HotSpot(TM) 64-Bit Server VM (17.0.6+9-LTS-190, mixed mode, sharing, tiered, compressed oops, compressed class ptrs, g1 gc, windows-amd64)
# Problematic frame:
# C  [igxelpicd64.dll+0xa7a32]
#
# No core dump will be written. Minidumps are not enabled by default on client versions of Windows
#
# If you would like to submit a bug report, please visit:
#   https://bugreport.java.com/bugreport/crash.jsp
#

---------------  S U M M A R Y ------------

Command Line: -Djna.nosys=true -Djava.library.path=C:\Users\mcris\Desktop\CelestialVibes\src\CelestialVibesPDE\windows-amd64\lib CelestialVibesPDE

Host: 11th Gen Intel(R) Core(TM) i7-11800H @ 2.30GHz, 16 cores, 15G,  Windows 11 , 64 bit Build 22621 (10.0.22621.2215)
Time: Sat Sep 30 18:20:34 2023 ora legale Europa occidentale elapsed time: 16.274939 seconds (0d 0h 0m 16s)

---------------  T H R E A D  ---------------

Current thread (0x000002ed6f920570):  VMThread "VM Thread" [stack: 0x000000f687100000,0x000000f687200000] [id=5820]

Stack: [0x000000f687100000,0x000000f687200000],  sp=0x000000f6871fe2f0,  free space=1016k
Native frames: (J=compiled Java code, j=interpreted, Vv=VM code, C=native code)
C  [igxelpicd64.dll+0xa7a32]


siginfo: EXCEPTION_ACCESS_VIOLATION (0xc0000005), reading address 0x0000000000035898


Register to memory mapping:

RIP=0x00007ff9d6df7a32 igxelpicd64.dll
RAX=0x000002ed0b91b848 points into unknown readable memory: 0x000000000007cc46 | 46 cc 07 00 00 00 00 00
RBX=0x000002ed0b91b620 points into unknown readable memory: 0x000002ed70c28240 | 40 82 c2 70 ed 02 00 00
RCX=0x000000000007cc1b is an unknown value
RDX=0x00000000fffffff4 is an unknown value
RSP=0x000000f6871fe2f0 points into unknown readable memory: 0x000002ed70c248e0 | e0 48 c2 70 ed 02 00 00
RBP=0x0 is NULL
RSI=0x000002ed0b91bbf0 points into unknown readable memory: 0x000002ed0b91af90 | 90 af 91 0b ed 02 00 00
RDI=0x000002ed782bd220 points into unknown readable memory: 0x0000000000000000 | 00 00 00 00 00 00 00 00
R8 =0x0000000000000014 is an unknown value
R9 =0x0000000000000004 is an unknown value
R10=0x0 is NULL
R11=0x0000000000000246 is an unknown value
R12=0x000002ed78250d00 points into unknown readable memory: 0x00007ff9d789f8d4 | d4 f8 89 d7 f9 7f 00 00
R13=0x000002ed0b91af90 points into unknown readable memory: 0x000002ed70c28240 | 40 82 c2 70 ed 02 00 00
R14=0x000000000007cc00 is an unknown value
R15=0x0000000000000016 is an unknown value


Registers:
RAX=0x000002ed0b91b848, RBX=0x000002ed0b91b620, RCX=0x000000000007cc1b, RDX=0x00000000fffffff4
RSP=0x000000f6871fe2f0, RBP=0x0000000000000000, RSI=0x000002ed0b91bbf0, RDI=0x000002ed782bd220
R8 =0x0000000000000014, R9 =0x0000000000000004, R10=0x0000000000000000, R11=0x0000000000000246
R12=0x000002ed78250d00, R13=0x000002ed0b91af90, R14=0x000000000007cc00, R15=0x0000000000000016
RIP=0x00007ff9d6df7a32, EFLAGS=0x0000000000010206

Top of Stack: (sp=0x000000f6871fe2f0)
0x000000f6871fe2f0:   000002ed70c248e0 0000000000000000
0x000000f6871fe300:   0000000000000000 00007ffa9cf52d94
0x000000f6871fe310:   00007ff9d57ad10a 00007ff9d5b96ab4
0x000000f6871fe320:   000000f6871fe360 000000f6871fe860
0x000000f6871fe330:   0000000000000015 000000000007ccbe
0x000000f6871fe340:   0000b80274a70000 000002ed78250d18
0x000000f6871fe350:   0000000000000000 0000000000000000
0x000000f6871fe360:   000000f6871fe470 00007ff9d6ddd5df
0x000000f6871fe370:   000002ed70c248e0 000002ed782bd220
0x000000f6871fe380:   000000f68671e000 00007ffa9cecd800
0x000000f6871fe390:   000000f60000cf2c 0053002b00000000
0x000000f6871fe3a0:   0000000000000000 00007ffa9cecd474
0x000000f6871fe3b0:   000002ed49f10b2c 00000000000000c0
0x000000f6871fe3c0:   000002ed49f10b44 000002ed49f10b00
0x000000f6871fe3d0:   000000f6871fe4e8 000000f6871fe728
0x000000f6871fe3e0:   000000f686709000 00007ffa9cecd8d6 

Instructions: (pc=0x00007ff9d6df7a32)
0x00007ff9d6df7932:   8b fa 48 8b e9 48 8b 1d 92 c4 f1 00 48 89 58 08
0x00007ff9d6df7942:   48 8b cb ff 15 dd 48 a9 00 90 4c 8b af 78 02 00
0x00007ff9d6df7952:   00 48 8b 05 c6 69 e1 00 44 8b b8 a0 0b 00 00 45
0x00007ff9d6df7962:   33 d2 45 8a f2 4c 89 97 78 02 00 00 44 89 97 80
0x00007ff9d6df7972:   02 00 00 4c 89 97 a0 02 00 00 4c 89 97 88 02 00
0x00007ff9d6df7982:   00 48 85 ed 75 38 8b 35 22 9e f1 00 65 48 8b 04
0x00007ff9d6df7992:   25 58 00 00 00 b9 14 00 00 00 48 8b 04 f0 44 38
0x00007ff9d6df79a2:   14 01 0f 84 86 98 94 00 65 48 8b 04 25 58 00 00
0x00007ff9d6df79b2:   00 bd 20 00 00 00 48 8b 04 f0 48 8b 2c 28 48 3b
0x00007ff9d6df79c2:   2d 79 ab f1 00 45 0f 44 fa 4d 85 ed 0f 84 2b 01
0x00007ff9d6df79d2:   00 00 44 8a a4 24 90 00 00 00 49 8b dd 49 8d b5
0x00007ff9d6df79e2:   d0 05 00 00 4c 8b 2e 45 84 e4 0f 85 39 03 00 00
0x00007ff9d6df79f2:   44 8b 8f c8 01 00 00 48 8b 05 20 69 e1 00 83 b8
0x00007ff9d6df7a02:   70 03 00 00 02 75 36 41 8d 51 f0 41 83 f9 10 0f
0x00007ff9d6df7a12:   83 2d 01 00 00 4a 8d 04 cd 21 00 00 00 49 03 c1
0x00007ff9d6df7a22:   48 8d 04 c3 48 85 c0 0f 85 03 01 00 00 49 8b ca
0x00007ff9d6df7a32:   48 3b 8d 98 58 03 00 0f 87 fe 97 94 00 48 8d 93
0x00007ff9d6df7a42:   08 01 00 00 4c 39 93 48 06 00 00 0f 85 69 99 94
0x00007ff9d6df7a52:   00 44 8b 9f c8 01 00 00 48 8b 87 e0 01 00 00 4c
0x00007ff9d6df7a62:   8b 10 44 8b 87 c8 01 00 00 41 83 f8 10 0f 83 fc
0x00007ff9d6df7a72:   00 00 00 4b 8d 0c c0 48 8d 04 ca 48 85 c0 0f 85
0x00007ff9d6df7a82:   b5 00 00 00 33 c9 49 3b ca 0f 86 11 01 00 00 45
0x00007ff9d6df7a92:   33 d2 48 8b 87 78 02 00 00 48 89 06 48 89 9f 78
0x00007ff9d6df7aa2:   02 00 00 ff 87 80 02 00 00 48 8b 43 08 48 8b 88
0x00007ff9d6df7ab2:   18 01 00 00 48 81 e1 00 00 ff ff 48 81 c1 00 00
0x00007ff9d6df7ac2:   01 00 48 01 8f 88 02 00 00 48 8b 43 08 48 8b 88
0x00007ff9d6df7ad2:   18 01 00 00 48 01 8f a0 02 00 00 4d 85 ed 0f 85
0x00007ff9d6df7ae2:   f6 fe ff ff 45 84 f6 44 8a a4 24 98 00 00 00 0f
0x00007ff9d6df7af2:   85 11 99 94 00 48 8b 9c 24 80 00 00 00 48 8b cf
0x00007ff9d6df7b02:   45 84 e4 0f 85 30 02 00 00 e8 d0 fa ff ff 90 48
0x00007ff9d6df7b12:   8b cb 48 8b 9c 24 88 00 00 00 48 83 c4 40 41 5f
0x00007ff9d6df7b22:   41 5e 41 5d 41 5c 5f 5e 5d 48 ff 25 ee 46 a9 00 


Stack slot to memory mapping:
stack at sp + 0 slots: 0x000002ed70c248e0 points into unknown readable memory: 0xffffffffffffffff | ff ff ff ff ff ff ff ff
stack at sp + 1 slots: 0x0 is NULL
stack at sp + 2 slots: 0x0 is NULL
stack at sp + 3 slots: 0x00007ffa9cf52d94 ntdll.dll
stack at sp + 4 slots: 0x00007ff9d57ad10a jvm.dll
stack at sp + 5 slots: 0x00007ff9d5b96ab4 jvm.dll
stack at sp + 6 slots: 0x000000f6871fe360 points into unknown readable memory: 0x000000f6871fe470 | 70 e4 1f 87 f6 00 00 00
stack at sp + 7 slots: 0x000000f6871fe860 points into unknown readable memory: 0x0000000000000000 | 00 00 00 00 00 00 00 00

VM_Operation (0x000000f6894fe800): Exit, mode: safepoint, requested by thread 0x000002ed784d0350


---------------  P R O C E S S  ---------------

Threads class SMR info:
_java_thread_list=0x000002ed03b7d3c0, length=20, elements={
0x000002ed6f924000, 0x000002ed6f924bb0, 0x000002ed70413fe0, 0x000002ed70414990,
0x000002ed70417350, 0x000002ed70417d00, 0x000002ed70418a90, 0x000002ed70424cb0,
0x000002ed70435e60, 0x000002ed70583c70, 0x000002ed70590f40, 0x000002ed708d18e0,
0x000002ed708d41c0, 0x000002ed4a3127b0, 0x000002ed784d0350, 0x000002ed78542050,
0x000002ed0891a900, 0x000002ed0891b320, 0x000002ed0891a3f0, 0x000002ed78542ec0
}

Java Threads: ( => current thread )
  0x000002ed6f924000 JavaThread "Reference Handler" daemon [_thread_blocked, id=10204, stack(0x000000f687200000,0x000000f687300000)]
  0x000002ed6f924bb0 JavaThread "Finalizer" daemon [_thread_blocked, id=23900, stack(0x000000f687300000,0x000000f687400000)]
  0x000002ed70413fe0 JavaThread "Signal Dispatcher" daemon [_thread_blocked, id=22008, stack(0x000000f687400000,0x000000f687500000)]
  0x000002ed70414990 JavaThread "Attach Listener" daemon [_thread_blocked, id=23956, stack(0x000000f687500000,0x000000f687600000)]
  0x000002ed70417350 JavaThread "Service Thread" daemon [_thread_blocked, id=3264, stack(0x000000f687600000,0x000000f687700000)]
  0x000002ed70417d00 JavaThread "Monitor Deflation Thread" daemon [_thread_blocked, id=14412, stack(0x000000f687700000,0x000000f687800000)]
  0x000002ed70418a90 JavaThread "C2 CompilerThread0" daemon [_thread_blocked, id=16884, stack(0x000000f687800000,0x000000f687900000)]
  0x000002ed70424cb0 JavaThread "C1 CompilerThread0" daemon [_thread_blocked, id=4520, stack(0x000000f687900000,0x000000f687a00000)]
  0x000002ed70435e60 JavaThread "Sweeper thread" daemon [_thread_blocked, id=23360, stack(0x000000f687a00000,0x000000f687b00000)]
  0x000002ed70583c70 JavaThread "Notification Thread" daemon [_thread_blocked, id=23160, stack(0x000000f687d00000,0x000000f687e00000)]
  0x000002ed70590f40 JavaThread "Common-Cleaner" daemon [_thread_blocked, id=1612, stack(0x000000f687f00000,0x000000f688000000)]
  0x000002ed708d18e0 JavaThread "Java2D Disposer" daemon [_thread_blocked, id=12136, stack(0x000000f688000000,0x000000f688100000)]
  0x000002ed708d41c0 JavaThread "HighResTimerThread" daemon [_thread_blocked, id=7904, stack(0x000000f688100000,0x000000f688200000)]
  0x000002ed4a3127b0 JavaThread "DestroyJavaVM" [_thread_blocked, id=15704, stack(0x000000f686b00000,0x000000f686c00000)]
  0x000002ed784d0350 JavaThread "main-FPSAWTAnimator#00-Timer0-FPSAWTAnimator#00-Timer1" [_thread_blocked, id=19412, stack(0x000000f689400000,0x000000f689500000)]
  0x000002ed78542050 JavaThread "Thread-7" [_thread_in_native, id=21192, stack(0x000000f689600000,0x000000f689700000)]
  0x000002ed0891a900 JavaThread "C1 CompilerThread1" daemon [_thread_blocked, id=2336, stack(0x000000f687b00000,0x000000f687c00000)]
  0x000002ed0891b320 JavaThread "C1 CompilerThread2" daemon [_thread_blocked, id=11892, stack(0x000000f687c00000,0x000000f687d00000)]
  0x000002ed0891a3f0 JavaThread "C1 CompilerThread3" daemon [_thread_blocked, id=24680, stack(0x000000f689200000,0x000000f689300000)]
  0x000002ed78542ec0 JavaThread "AWT-Shutdown" [_thread_blocked, id=8380, stack(0x000000f689700000,0x000000f689800000)]

Other Threads:
=>0x000002ed6f920570 VMThread "VM Thread" [stack: 0x000000f687100000,0x000000f687200000] [id=5820]
  0x000002ed4a37a960 GCTaskThread "GC Thread#0" [stack: 0x000000f686c00000,0x000000f686d00000] [id=21860]
  0x000002ed7787e680 GCTaskThread "GC Thread#1" [stack: 0x000000f688900000,0x000000f688a00000] [id=23340]
  0x000002ed7787e930 GCTaskThread "GC Thread#2" [stack: 0x000000f688a00000,0x000000f688b00000] [id=20584]
  0x000002ed7787ebe0 GCTaskThread "GC Thread#3" [stack: 0x000000f688b00000,0x000000f688c00000] [id=14588]
  0x000002ed7787ee90 GCTaskThread "GC Thread#4" [stack: 0x000000f688c00000,0x000000f688d00000] [id=15824]
  0x000002ed7787f140 GCTaskThread "GC Thread#5" [stack: 0x000000f688d00000,0x000000f688e00000] [id=25284]
  0x000002ed778aca10 GCTaskThread "GC Thread#6" [stack: 0x000000f688e00000,0x000000f688f00000] [id=21048]
  0x000002ed778accc0 GCTaskThread "GC Thread#7" [stack: 0x000000f688f00000,0x000000f689000000] [id=9668]
  0x000002ed7817d7f0 GCTaskThread "GC Thread#8" [stack: 0x000000f689900000,0x000000f689a00000] [id=20632]
  0x000002ed7817daa0 GCTaskThread "GC Thread#9" [stack: 0x000000f689a00000,0x000000f689b00000] [id=24440]
  0x000002ed7817e560 GCTaskThread "GC Thread#10" [stack: 0x000000f689b00000,0x000000f689c00000] [id=2328]
  0x000002ed7817dd50 GCTaskThread "GC Thread#11" [stack: 0x000000f689c00000,0x000000f689d00000] [id=22064]
  0x000002ed7817e000 GCTaskThread "GC Thread#12" [stack: 0x000000f689d00000,0x000000f689e00000] [id=14648]
  0x000002ed4a38cba0 ConcurrentGCThread "G1 Main Marker" terminated
  0x000002ed4a38e5c0 ConcurrentGCThread "G1 Conc#0" [stack: 0x000000f686e00000,0x000000f686f00000] [id=3260]
  0x000002ed4a3cea10 ConcurrentGCThread "G1 Refine#0" terminated
  0x000002ed787991d0 ConcurrentGCThread "G1 Refine#1" terminated
  0x000002ed039246e0 ConcurrentGCThread "G1 Refine#2" terminated
  0x000002ed6f7dc760 ConcurrentGCThread "G1 Service" terminated

Threads with active compile tasks:

VM state: at safepoint (shutting down)

VM Mutex/Monitor currently owned by a thread:  ([mutex/lock_event])
[0x000002ed4a30c430] Threads_lock - owner thread: 0x000002ed6f920570
[0x000002ed4a30cb80] Heap_lock - owner thread: 0x000002ed784d0350

Heap address: 0x0000000704a00000, size: 4022 MB, Compressed Oops mode: Zero based, Oop shift amount: 3

CDS archive(s) mapped at: [0x0000000800000000-0x0000000800bd0000-0x0000000800bd0000), size 12386304, SharedBaseAddress: 0x0000000800000000, ArchiveRelocationMode: 0.
Compressed class space mapped at: 0x0000000800c00000-0x0000000840c00000, reserved size: 1073741824
Narrow klass base: 0x0000000800000000, Narrow klass shift: 0, Narrow klass range: 0x100000000

GC Precious Log:
 CPUs: 16 total, 16 available
 Memory: 16085M
 Large Page Support: Disabled
 NUMA Support: Disabled
 Compressed Oops: Enabled (Zero based)
 Heap Region Size: 2M
 Heap Min Capacity: 8M
 Heap Initial Capacity: 252M
 Heap Max Capacity: 4022M
 Pre-touch: Disabled
 Parallel Workers: 13
 Concurrent Workers: 3
 Concurrent Refinement Workers: 13
 Periodic GC: Disabled

Heap:
 garbage-first heap   total 405504K, used 159973K [0x0000000704a00000, 0x0000000800000000)
  region size 2048K, 4 young (8192K), 1 survivors (2048K)
 Metaspace       used 18586K, committed 18816K, reserved 1073152K
  class space    used 1443K, committed 1536K, reserved 1048576K

Heap Regions: E=young(eden), S=young(survivor), O=old, HS=humongous(starts), HC=humongous(continues), CS=collection set, F=free, OA=open archive, CA=closed archive, TAMS=top-at-mark-start (previous, next)
|   0|0x0000000704a00000, 0x0000000704c00000, 0x0000000704c00000|100%|HS|  |TAMS 0x0000000704a00000, 0x0000000704c00000| Complete 
|   1|0x0000000704c00000, 0x0000000704e00000, 0x0000000704e00000|100%| O|  |TAMS 0x0000000704c00000, 0x0000000704e00000| Untracked 
|   2|0x0000000704e00000, 0x0000000705000000, 0x0000000705000000|100%|HS|  |TAMS 0x0000000704e00000, 0x0000000705000000| Complete 
|   3|0x0000000705000000, 0x0000000705200000, 0x0000000705200000|100%|HS|  |TAMS 0x0000000705000000, 0x0000000705200000| Complete 
|   4|0x0000000705200000, 0x0000000705400000, 0x0000000705400000|100%|HS|  |TAMS 0x0000000705200000, 0x0000000705400000| Complete 
|   5|0x0000000705400000, 0x0000000705600000, 0x0000000705600000|100%| O|  |TAMS 0x0000000705400000, 0x0000000705600000| Untracked 
|   6|0x0000000705600000, 0x0000000705800000, 0x0000000705800000|100%|HS|  |TAMS 0x0000000705600000, 0x0000000705800000| Complete 
|   7|0x0000000705800000, 0x0000000705a00000, 0x0000000705a00000|100%| O|  |TAMS 0x0000000705800000, 0x0000000705a00000| Untracked 
|   8|0x0000000705a00000, 0x0000000705c00000, 0x0000000705c00000|100%| O|  |TAMS 0x0000000705a00000, 0x0000000705c00000| Untracked 
|   9|0x0000000705c00000, 0x0000000705e00000, 0x0000000705e00000|100%| O|  |TAMS 0x0000000705c00000, 0x0000000705e00000| Untracked 
|  10|0x0000000705e00000, 0x0000000706000000, 0x0000000706000000|100%|HS|  |TAMS 0x0000000705e00000, 0x0000000706000000| Complete 
|  11|0x0000000706000000, 0x0000000706200000, 0x0000000706200000|100%| O|  |TAMS 0x0000000706000000, 0x0000000706200000| Untracked 
|  12|0x0000000706200000, 0x0000000706400000, 0x0000000706400000|100%|HS|  |TAMS 0x0000000706200000, 0x0000000706400000| Complete 
|  13|0x0000000706400000, 0x0000000706600000, 0x0000000706600000|100%| O|  |TAMS 0x0000000706400000, 0x0000000706600000| Untracked 
|  14|0x0000000706600000, 0x0000000706800000, 0x0000000706800000|100%|HS|  |TAMS 0x0000000706600000, 0x0000000706800000| Complete 
|  15|0x0000000706800000, 0x0000000706a00000, 0x0000000706a00000|100%| O|  |TAMS 0x0000000706800000, 0x0000000706a00000| Untracked 
|  16|0x0000000706a00000, 0x0000000706c00000, 0x0000000706c00000|100%|HS|  |TAMS 0x0000000706a00000, 0x0000000706c00000| Complete 
|  17|0x0000000706c00000, 0x0000000706e00000, 0x0000000706e00000|100%| O|  |TAMS 0x0000000706c00000, 0x0000000706e00000| Untracked 
|  18|0x0000000706e00000, 0x0000000707000000, 0x0000000707000000|100%|HS|  |TAMS 0x0000000706e00000, 0x0000000707000000| Complete 
|  19|0x0000000707000000, 0x0000000707200000, 0x0000000707200000|100%| O|  |TAMS 0x0000000707000000, 0x0000000707200000| Untracked 
|  20|0x0000000707200000, 0x0000000707400000, 0x0000000707400000|100%|HS|  |TAMS 0x0000000707200000, 0x0000000707400000| Complete 
|  21|0x0000000707400000, 0x0000000707600000, 0x0000000707600000|100%| O|  |TAMS 0x0000000707400000, 0x0000000707600000| Untracked 
|  22|0x0000000707600000, 0x0000000707800000, 0x0000000707800000|100%|HS|  |TAMS 0x0000000707600000, 0x0000000707800000| Complete 
|  23|0x0000000707800000, 0x0000000707a00000, 0x0000000707a00000|100%| O|  |TAMS 0x0000000707800000, 0x0000000707a00000| Untracked 
|  24|0x0000000707a00000, 0x0000000707a34e00, 0x0000000707c00000| 10%| O|  |TAMS 0x0000000707a00000, 0x0000000707a34800| Untracked 
|  25|0x0000000707c00000, 0x0000000707e00000, 0x0000000707e00000|100%|HS|  |TAMS 0x0000000707c00000, 0x0000000707e00000| Complete 
|  26|0x0000000707e00000, 0x0000000708000000, 0x0000000708000000|100%|HS|  |TAMS 0x0000000707e00000, 0x0000000707e00000| Complete 
|  27|0x0000000708000000, 0x0000000708200000, 0x0000000708200000|100%|HC|  |TAMS 0x0000000708000000, 0x0000000708000000| Complete 
|  28|0x0000000708200000, 0x0000000708400000, 0x0000000708400000|100%|HC|  |TAMS 0x0000000708200000, 0x0000000708200000| Complete 
|  29|0x0000000708400000, 0x0000000708600000, 0x0000000708600000|100%|HS|  |TAMS 0x0000000708400000, 0x0000000708600000| Complete 
|  30|0x0000000708600000, 0x0000000708800000, 0x0000000708800000|100%|HC|  |TAMS 0x0000000708600000, 0x0000000708800000| Complete 
|  31|0x0000000708800000, 0x0000000708a00000, 0x0000000708a00000|100%|HC|  |TAMS 0x0000000708800000, 0x0000000708a00000| Complete 
|  32|0x0000000708a00000, 0x0000000708c00000, 0x0000000708c00000|100%|HS|  |TAMS 0x0000000708a00000, 0x0000000708a00000| Complete 
|  33|0x0000000708c00000, 0x0000000708e00000, 0x0000000708e00000|100%|HC|  |TAMS 0x0000000708c00000, 0x0000000708c00000| Complete 
|  34|0x0000000708e00000, 0x0000000709000000, 0x0000000709000000|100%|HC|  |TAMS 0x0000000708e00000, 0x0000000708e00000| Complete 
|  35|0x0000000709000000, 0x0000000709200000, 0x0000000709200000|100%|HS|  |TAMS 0x0000000709000000, 0x0000000709000000| Complete 
|  36|0x0000000709200000, 0x0000000709400000, 0x0000000709400000|100%|HC|  |TAMS 0x0000000709200000, 0x0000000709200000| Complete 
|  37|0x0000000709400000, 0x0000000709600000, 0x0000000709600000|100%|HC|  |TAMS 0x0000000709400000, 0x0000000709400000| Complete 
|  38|0x0000000709600000, 0x0000000709800000, 0x0000000709800000|100%|HS|  |TAMS 0x0000000709600000, 0x0000000709800000| Complete 
|  39|0x0000000709800000, 0x0000000709a00000, 0x0000000709a00000|100%|HC|  |TAMS 0x0000000709800000, 0x0000000709a00000| Complete 
|  40|0x0000000709a00000, 0x0000000709c00000, 0x0000000709c00000|100%|HC|  |TAMS 0x0000000709a00000, 0x0000000709c00000| Complete 
|  41|0x0000000709c00000, 0x0000000709e00000, 0x0000000709e00000|100%|HS|  |TAMS 0x0000000709c00000, 0x0000000709e00000| Complete 
|  42|0x0000000709e00000, 0x000000070a000000, 0x000000070a000000|100%|HC|  |TAMS 0x0000000709e00000, 0x000000070a000000| Complete 
|  43|0x000000070a000000, 0x000000070a200000, 0x000000070a200000|100%|HC|  |TAMS 0x000000070a000000, 0x000000070a200000| Complete 
|  44|0x000000070a200000, 0x000000070a400000, 0x000000070a400000|100%|HS|  |TAMS 0x000000070a200000, 0x000000070a400000| Complete 
|  45|0x000000070a400000, 0x000000070a600000, 0x000000070a600000|100%|HC|  |TAMS 0x000000070a400000, 0x000000070a600000| Complete 
|  46|0x000000070a600000, 0x000000070a800000, 0x000000070a800000|100%|HC|  |TAMS 0x000000070a600000, 0x000000070a800000| Complete 
|  47|0x000000070a800000, 0x000000070aa00000, 0x000000070aa00000|100%|HS|  |TAMS 0x000000070a800000, 0x000000070aa00000| Complete 
|  48|0x000000070aa00000, 0x000000070ac00000, 0x000000070ac00000|100%|HC|  |TAMS 0x000000070aa00000, 0x000000070ac00000| Complete 
|  49|0x000000070ac00000, 0x000000070ae00000, 0x000000070ae00000|100%|HC|  |TAMS 0x000000070ac00000, 0x000000070ae00000| Complete 
|  50|0x000000070ae00000, 0x000000070b000000, 0x000000070b000000|100%|HS|  |TAMS 0x000000070ae00000, 0x000000070b000000| Complete 
|  51|0x000000070b000000, 0x000000070b200000, 0x000000070b200000|100%|HC|  |TAMS 0x000000070b000000, 0x000000070b200000| Complete 
|  52|0x000000070b200000, 0x000000070b400000, 0x000000070b400000|100%|HC|  |TAMS 0x000000070b200000, 0x000000070b400000| Complete 
|  53|0x000000070b400000, 0x000000070b600000, 0x000000070b600000|100%|HS|  |TAMS 0x000000070b400000, 0x000000070b600000| Complete 
|  54|0x000000070b600000, 0x000000070b800000, 0x000000070b800000|100%|HC|  |TAMS 0x000000070b600000, 0x000000070b800000| Complete 
|  55|0x000000070b800000, 0x000000070ba00000, 0x000000070ba00000|100%|HC|  |TAMS 0x000000070b800000, 0x000000070ba00000| Complete 
|  56|0x000000070ba00000, 0x000000070bc00000, 0x000000070bc00000|100%| O|  |TAMS 0x000000070ba00000, 0x000000070bc00000| Untracked 
|  57|0x000000070bc00000, 0x000000070be00000, 0x000000070be00000|100%| O|  |TAMS 0x000000070bc00000, 0x000000070be00000| Untracked 
|  58|0x000000070be00000, 0x000000070c000000, 0x000000070c000000|100%| O|  |TAMS 0x000000070be00000, 0x000000070c000000| Untracked 
|  59|0x000000070c000000, 0x000000070c200000, 0x000000070c200000|100%| O|  |TAMS 0x000000070c000000, 0x000000070c200000| Untracked 
|  60|0x000000070c200000, 0x000000070c400000, 0x000000070c400000|100%| O|  |TAMS 0x000000070c200000, 0x000000070c400000| Untracked 
|  61|0x000000070c400000, 0x000000070c600000, 0x000000070c600000|100%| O|  |TAMS 0x000000070c400000, 0x000000070c600000| Untracked 
|  62|0x000000070c600000, 0x000000070c800000, 0x000000070c800000|100%| O|  |TAMS 0x000000070c600000, 0x000000070c800000| Untracked 
|  63|0x000000070c800000, 0x000000070ca00000, 0x000000070ca00000|100%| O|  |TAMS 0x000000070c800000, 0x000000070ca00000| Untracked 
|  64|0x000000070ca00000, 0x000000070cc00000, 0x000000070cc00000|100%| O|  |TAMS 0x000000070ca00000, 0x000000070cc00000| Untracked 
|  65|0x000000070cc00000, 0x000000070ce00000, 0x000000070ce00000|100%|HS|  |TAMS 0x000000070cc00000, 0x000000070cc00000| Complete 
|  66|0x000000070ce00000, 0x000000070d000000, 0x000000070d000000|100%|HC|  |TAMS 0x000000070ce00000, 0x000000070ce00000| Complete 
|  67|0x000000070d000000, 0x000000070d200000, 0x000000070d200000|100%|HC|  |TAMS 0x000000070d000000, 0x000000070d000000| Complete 
|  68|0x000000070d200000, 0x000000070d400000, 0x000000070d400000|100%|HS|  |TAMS 0x000000070d200000, 0x000000070d200000| Complete 
|  69|0x000000070d400000, 0x000000070d600000, 0x000000070d600000|100%|HC|  |TAMS 0x000000070d400000, 0x000000070d400000| Complete 
|  70|0x000000070d600000, 0x000000070d800000, 0x000000070d800000|100%|HC|  |TAMS 0x000000070d600000, 0x000000070d600000| Complete 
|  71|0x000000070d800000, 0x000000070da00000, 0x000000070da00000|100%|HS|  |TAMS 0x000000070d800000, 0x000000070da00000| Complete 
|  72|0x000000070da00000, 0x000000070dc00000, 0x000000070dc00000|100%|HC|  |TAMS 0x000000070da00000, 0x000000070dc00000| Complete 
|  73|0x000000070dc00000, 0x000000070de00000, 0x000000070de00000|100%|HC|  |TAMS 0x000000070dc00000, 0x000000070de00000| Complete 
|  74|0x000000070de00000, 0x000000070e000000, 0x000000070e000000|100%|HS|  |TAMS 0x000000070de00000, 0x000000070de00000| Complete 
|  75|0x000000070e000000, 0x000000070e200000, 0x000000070e200000|100%|HC|  |TAMS 0x000000070e000000, 0x000000070e000000| Complete 
|  76|0x000000070e200000, 0x000000070e400000, 0x000000070e400000|100%|HC|  |TAMS 0x000000070e200000, 0x000000070e200000| Complete 
|  77|0x000000070e400000, 0x000000070e400000, 0x000000070e600000|  0%| F|  |TAMS 0x000000070e400000, 0x000000070e400000| Untracked 
|  78|0x000000070e600000, 0x000000070e600000, 0x000000070e800000|  0%| F|  |TAMS 0x000000070e600000, 0x000000070e600000| Untracked 
|  79|0x000000070e800000, 0x000000070e800000, 0x000000070ea00000|  0%| F|  |TAMS 0x000000070e800000, 0x000000070e800000| Untracked 
|  80|0x000000070ea00000, 0x000000070ea00000, 0x000000070ec00000|  0%| F|  |TAMS 0x000000070ea00000, 0x000000070ea00000| Untracked 
|  81|0x000000070ec00000, 0x000000070ec00000, 0x000000070ee00000|  0%| F|  |TAMS 0x000000070ec00000, 0x000000070ec00000| Untracked 
|  82|0x000000070ee00000, 0x000000070ee00000, 0x000000070f000000|  0%| F|  |TAMS 0x000000070ee00000, 0x000000070ee00000| Untracked 
|  83|0x000000070f000000, 0x000000070f000000, 0x000000070f200000|  0%| F|  |TAMS 0x000000070f000000, 0x000000070f000000| Untracked 
|  84|0x000000070f200000, 0x000000070f200000, 0x000000070f400000|  0%| F|  |TAMS 0x000000070f200000, 0x000000070f200000| Untracked 
|  85|0x000000070f400000, 0x000000070f400000, 0x000000070f600000|  0%| F|  |TAMS 0x000000070f400000, 0x000000070f400000| Untracked 
|  86|0x000000070f600000, 0x000000070f600000, 0x000000070f800000|  0%| F|  |TAMS 0x000000070f600000, 0x000000070f600000| Untracked 
|  87|0x000000070f800000, 0x000000070f800000, 0x000000070fa00000|  0%| F|  |TAMS 0x000000070f800000, 0x000000070f800000| Untracked 
|  88|0x000000070fa00000, 0x000000070fa00000, 0x000000070fc00000|  0%| F|  |TAMS 0x000000070fa00000, 0x000000070fa00000| Untracked 
|  89|0x000000070fc00000, 0x000000070fc00000, 0x000000070fe00000|  0%| F|  |TAMS 0x000000070fc00000, 0x000000070fc00000| Untracked 
|  90|0x000000070fe00000, 0x000000070fe00000, 0x0000000710000000|  0%| F|  |TAMS 0x000000070fe00000, 0x000000070fe00000| Untracked 
|  91|0x0000000710000000, 0x0000000710000000, 0x0000000710200000|  0%| F|  |TAMS 0x0000000710000000, 0x0000000710000000| Untracked 
|  92|0x0000000710200000, 0x0000000710200000, 0x0000000710400000|  0%| F|  |TAMS 0x0000000710200000, 0x0000000710200000| Untracked 
|  93|0x0000000710400000, 0x0000000710400000, 0x0000000710600000|  0%| F|  |TAMS 0x0000000710400000, 0x0000000710400000| Untracked 
|  94|0x0000000710600000, 0x0000000710600000, 0x0000000710800000|  0%| F|  |TAMS 0x0000000710600000, 0x0000000710600000| Untracked 
|  95|0x0000000710800000, 0x0000000710800000, 0x0000000710a00000|  0%| F|  |TAMS 0x0000000710800000, 0x0000000710800000| Untracked 
|  96|0x0000000710a00000, 0x0000000710a00000, 0x0000000710c00000|  0%| F|  |TAMS 0x0000000710a00000, 0x0000000710a00000| Untracked 
|  97|0x0000000710c00000, 0x0000000710c00000, 0x0000000710e00000|  0%| F|  |TAMS 0x0000000710c00000, 0x0000000710c00000| Untracked 
|  98|0x0000000710e00000, 0x0000000710e00000, 0x0000000711000000|  0%| F|  |TAMS 0x0000000710e00000, 0x0000000710e00000| Untracked 
|  99|0x0000000711000000, 0x0000000711000000, 0x0000000711200000|  0%| F|  |TAMS 0x0000000711000000, 0x0000000711000000| Untracked 
| 100|0x0000000711200000, 0x0000000711200000, 0x0000000711400000|  0%| F|  |TAMS 0x0000000711200000, 0x0000000711200000| Untracked 
| 101|0x0000000711400000, 0x0000000711400000, 0x0000000711600000|  0%| F|  |TAMS 0x0000000711400000, 0x0000000711400000| Untracked 
| 102|0x0000000711600000, 0x0000000711600000, 0x0000000711800000|  0%| F|  |TAMS 0x0000000711600000, 0x0000000711600000| Untracked 
| 103|0x0000000711800000, 0x0000000711800000, 0x0000000711a00000|  0%| F|  |TAMS 0x0000000711800000, 0x0000000711800000| Untracked 
| 104|0x0000000711a00000, 0x0000000711a00000, 0x0000000711c00000|  0%| F|  |TAMS 0x0000000711a00000, 0x0000000711a00000| Untracked 
| 105|0x0000000711c00000, 0x0000000711c00000, 0x0000000711e00000|  0%| F|  |TAMS 0x0000000711c00000, 0x0000000711c00000| Untracked 
| 106|0x0000000711e00000, 0x0000000711e00000, 0x0000000712000000|  0%| F|  |TAMS 0x0000000711e00000, 0x0000000711e00000| Untracked 
| 107|0x0000000712000000, 0x0000000712000000, 0x0000000712200000|  0%| F|  |TAMS 0x0000000712000000, 0x0000000712000000| Untracked 
| 108|0x0000000712200000, 0x0000000712200000, 0x0000000712400000|  0%| F|  |TAMS 0x0000000712200000, 0x0000000712200000| Untracked 
| 109|0x0000000712400000, 0x0000000712400000, 0x0000000712600000|  0%| F|  |TAMS 0x0000000712400000, 0x0000000712400000| Untracked 
| 110|0x0000000712600000, 0x0000000712600000, 0x0000000712800000|  0%| F|  |TAMS 0x0000000712600000, 0x0000000712600000| Untracked 
| 111|0x0000000712800000, 0x0000000712800000, 0x0000000712a00000|  0%| F|  |TAMS 0x0000000712800000, 0x0000000712800000| Untracked 
| 112|0x0000000712a00000, 0x0000000712a00000, 0x0000000712c00000|  0%| F|  |TAMS 0x0000000712a00000, 0x0000000712a00000| Untracked 
| 113|0x0000000712c00000, 0x0000000712c00000, 0x0000000712e00000|  0%| F|  |TAMS 0x0000000712c00000, 0x0000000712c00000| Untracked 
| 114|0x0000000712e00000, 0x0000000712e00000, 0x0000000713000000|  0%| F|  |TAMS 0x0000000712e00000, 0x0000000712e00000| Untracked 
| 115|0x0000000713000000, 0x0000000713000000, 0x0000000713200000|  0%| F|  |TAMS 0x0000000713000000, 0x0000000713000000| Untracked 
| 116|0x0000000713200000, 0x0000000713200000, 0x0000000713400000|  0%| F|  |TAMS 0x0000000713200000, 0x0000000713200000| Untracked 
| 117|0x0000000713400000, 0x0000000713400000, 0x0000000713600000|  0%| F|  |TAMS 0x0000000713400000, 0x0000000713400000| Untracked 
| 118|0x0000000713600000, 0x0000000713600000, 0x0000000713800000|  0%| F|  |TAMS 0x0000000713600000, 0x0000000713600000| Untracked 
| 119|0x0000000713800000, 0x0000000713800000, 0x0000000713a00000|  0%| F|  |TAMS 0x0000000713800000, 0x0000000713800000| Untracked 
| 120|0x0000000713a00000, 0x0000000713a00000, 0x0000000713c00000|  0%| F|  |TAMS 0x0000000713a00000, 0x0000000713a00000| Untracked 
| 121|0x0000000713c00000, 0x0000000713c00000, 0x0000000713e00000|  0%| F|  |TAMS 0x0000000713c00000, 0x0000000713c00000| Untracked 
| 122|0x0000000713e00000, 0x0000000713e00000, 0x0000000714000000|  0%| F|  |TAMS 0x0000000713e00000, 0x0000000713e00000| Untracked 
| 123|0x0000000714000000, 0x0000000714000000, 0x0000000714200000|  0%| F|  |TAMS 0x0000000714000000, 0x0000000714000000| Untracked 
| 124|0x0000000714200000, 0x0000000714200000, 0x0000000714400000|  0%| F|  |TAMS 0x0000000714200000, 0x0000000714200000| Untracked 
| 125|0x0000000714400000, 0x0000000714400000, 0x0000000714600000|  0%| F|  |TAMS 0x0000000714400000, 0x0000000714400000| Untracked 
| 126|0x0000000714600000, 0x0000000714600000, 0x0000000714800000|  0%| F|  |TAMS 0x0000000714600000, 0x0000000714600000| Untracked 
| 127|0x0000000714800000, 0x0000000714800000, 0x0000000714a00000|  0%| F|  |TAMS 0x0000000714800000, 0x0000000714800000| Untracked 
| 128|0x0000000714a00000, 0x0000000714a00000, 0x0000000714c00000|  0%| F|  |TAMS 0x0000000714a00000, 0x0000000714a00000| Untracked 
| 129|0x0000000714c00000, 0x0000000714c00000, 0x0000000714e00000|  0%| F|  |TAMS 0x0000000714c00000, 0x0000000714c00000| Untracked 
| 130|0x0000000714e00000, 0x0000000714e00000, 0x0000000715000000|  0%| F|  |TAMS 0x0000000714e00000, 0x0000000714e00000| Untracked 
| 131|0x0000000715000000, 0x0000000715000000, 0x0000000715200000|  0%| F|  |TAMS 0x0000000715000000, 0x0000000715000000| Untracked 
| 132|0x0000000715200000, 0x0000000715200000, 0x0000000715400000|  0%| F|  |TAMS 0x0000000715200000, 0x0000000715200000| Untracked 
| 133|0x0000000715400000, 0x0000000715400000, 0x0000000715600000|  0%| F|  |TAMS 0x0000000715400000, 0x0000000715400000| Untracked 
| 134|0x0000000715600000, 0x0000000715600000, 0x0000000715800000|  0%| F|  |TAMS 0x0000000715600000, 0x0000000715600000| Untracked 
| 135|0x0000000715800000, 0x0000000715800000, 0x0000000715a00000|  0%| F|  |TAMS 0x0000000715800000, 0x0000000715800000| Untracked 
| 136|0x0000000715a00000, 0x0000000715a00000, 0x0000000715c00000|  0%| F|  |TAMS 0x0000000715a00000, 0x0000000715a00000| Untracked 
| 137|0x0000000715c00000, 0x0000000715c00000, 0x0000000715e00000|  0%| F|  |TAMS 0x0000000715c00000, 0x0000000715c00000| Untracked 
| 138|0x0000000715e00000, 0x0000000715e00000, 0x0000000716000000|  0%| F|  |TAMS 0x0000000715e00000, 0x0000000715e00000| Untracked 
| 139|0x0000000716000000, 0x0000000716000000, 0x0000000716200000|  0%| F|  |TAMS 0x0000000716000000, 0x0000000716000000| Untracked 
| 140|0x0000000716200000, 0x0000000716200000, 0x0000000716400000|  0%| F|  |TAMS 0x0000000716200000, 0x0000000716200000| Untracked 
| 141|0x0000000716400000, 0x0000000716400000, 0x0000000716600000|  0%| F|  |TAMS 0x0000000716400000, 0x0000000716400000| Untracked 
| 142|0x0000000716600000, 0x0000000716600000, 0x0000000716800000|  0%| F|  |TAMS 0x0000000716600000, 0x0000000716600000| Untracked 
| 143|0x0000000716800000, 0x0000000716800000, 0x0000000716a00000|  0%| F|  |TAMS 0x0000000716800000, 0x0000000716800000| Untracked 
| 144|0x0000000716a00000, 0x0000000716a00000, 0x0000000716c00000|  0%| F|  |TAMS 0x0000000716a00000, 0x0000000716a00000| Untracked 
| 145|0x0000000716c00000, 0x0000000716c00000, 0x0000000716e00000|  0%| F|  |TAMS 0x0000000716c00000, 0x0000000716c00000| Untracked 
| 146|0x0000000716e00000, 0x0000000716e00000, 0x0000000717000000|  0%| F|  |TAMS 0x0000000716e00000, 0x0000000716e00000| Untracked 
| 147|0x0000000717000000, 0x0000000717000000, 0x0000000717200000|  0%| F|  |TAMS 0x0000000717000000, 0x0000000717000000| Untracked 
| 148|0x0000000717200000, 0x0000000717200000, 0x0000000717400000|  0%| F|  |TAMS 0x0000000717200000, 0x0000000717200000| Untracked 
| 149|0x0000000717400000, 0x0000000717400000, 0x0000000717600000|  0%| F|  |TAMS 0x0000000717400000, 0x0000000717400000| Untracked 
| 150|0x0000000717600000, 0x0000000717600000, 0x0000000717800000|  0%| F|  |TAMS 0x0000000717600000, 0x0000000717600000| Untracked 
| 151|0x0000000717800000, 0x0000000717800000, 0x0000000717a00000|  0%| F|  |TAMS 0x0000000717800000, 0x0000000717800000| Untracked 
| 152|0x0000000717a00000, 0x0000000717a00000, 0x0000000717c00000|  0%| F|  |TAMS 0x0000000717a00000, 0x0000000717a00000| Untracked 
| 153|0x0000000717c00000, 0x0000000717c00000, 0x0000000717e00000|  0%| F|  |TAMS 0x0000000717c00000, 0x0000000717c00000| Untracked 
| 154|0x0000000717e00000, 0x0000000717e00000, 0x0000000718000000|  0%| F|  |TAMS 0x0000000717e00000, 0x0000000717e00000| Untracked 
| 155|0x0000000718000000, 0x0000000718000000, 0x0000000718200000|  0%| F|  |TAMS 0x0000000718000000, 0x0000000718000000| Untracked 
| 156|0x0000000718200000, 0x0000000718200000, 0x0000000718400000|  0%| F|  |TAMS 0x0000000718200000, 0x0000000718200000| Untracked 
| 157|0x0000000718400000, 0x0000000718400000, 0x0000000718600000|  0%| F|  |TAMS 0x0000000718400000, 0x0000000718400000| Untracked 
| 158|0x0000000718600000, 0x0000000718600000, 0x0000000718800000|  0%| F|  |TAMS 0x0000000718600000, 0x0000000718600000| Untracked 
| 159|0x0000000718800000, 0x0000000718800000, 0x0000000718a00000|  0%| F|  |TAMS 0x0000000718800000, 0x0000000718800000| Untracked 
| 160|0x0000000718a00000, 0x0000000718a00000, 0x0000000718c00000|  0%| F|  |TAMS 0x0000000718a00000, 0x0000000718a00000| Untracked 
| 161|0x0000000718c00000, 0x0000000718c00000, 0x0000000718e00000|  0%| F|  |TAMS 0x0000000718c00000, 0x0000000718c00000| Untracked 
| 162|0x0000000718e00000, 0x0000000718e00000, 0x0000000719000000|  0%| F|  |TAMS 0x0000000718e00000, 0x0000000718e00000| Untracked 
| 163|0x0000000719000000, 0x0000000719000000, 0x0000000719200000|  0%| F|  |TAMS 0x0000000719000000, 0x0000000719000000| Untracked 
| 164|0x0000000719200000, 0x0000000719200000, 0x0000000719400000|  0%| F|  |TAMS 0x0000000719200000, 0x0000000719200000| Untracked 
| 165|0x0000000719400000, 0x0000000719400000, 0x0000000719600000|  0%| F|  |TAMS 0x0000000719400000, 0x0000000719400000| Untracked 
| 166|0x0000000719600000, 0x0000000719600000, 0x0000000719800000|  0%| F|  |TAMS 0x0000000719600000, 0x0000000719600000| Untracked 
| 167|0x0000000719800000, 0x0000000719800000, 0x0000000719a00000|  0%| F|  |TAMS 0x0000000719800000, 0x0000000719800000| Untracked 
| 168|0x0000000719a00000, 0x0000000719a00000, 0x0000000719c00000|  0%| F|  |TAMS 0x0000000719a00000, 0x0000000719a00000| Untracked 
| 169|0x0000000719c00000, 0x0000000719c00000, 0x0000000719e00000|  0%| F|  |TAMS 0x0000000719c00000, 0x0000000719c00000| Untracked 
| 170|0x0000000719e00000, 0x0000000719e00000, 0x000000071a000000|  0%| F|  |TAMS 0x0000000719e00000, 0x0000000719e00000| Untracked 
| 171|0x000000071a000000, 0x000000071a000000, 0x000000071a200000|  0%| F|  |TAMS 0x000000071a000000, 0x000000071a000000| Untracked 
| 172|0x000000071a200000, 0x000000071a200000, 0x000000071a400000|  0%| F|  |TAMS 0x000000071a200000, 0x000000071a200000| Untracked 
| 173|0x000000071a400000, 0x000000071a400000, 0x000000071a600000|  0%| F|  |TAMS 0x000000071a400000, 0x000000071a400000| Untracked 
| 174|0x000000071a600000, 0x000000071a600000, 0x000000071a800000|  0%| F|  |TAMS 0x000000071a600000, 0x000000071a600000| Untracked 
| 175|0x000000071a800000, 0x000000071a800000, 0x000000071aa00000|  0%| F|  |TAMS 0x000000071a800000, 0x000000071a800000| Untracked 
| 176|0x000000071aa00000, 0x000000071aa00000, 0x000000071ac00000|  0%| F|  |TAMS 0x000000071aa00000, 0x000000071aa00000| Untracked 
| 177|0x000000071ac00000, 0x000000071ac00000, 0x000000071ae00000|  0%| F|  |TAMS 0x000000071ac00000, 0x000000071ac00000| Untracked 
| 178|0x000000071ae00000, 0x000000071ae00000, 0x000000071b000000|  0%| F|  |TAMS 0x000000071ae00000, 0x000000071ae00000| Untracked 
| 179|0x000000071b000000, 0x000000071b000000, 0x000000071b200000|  0%| F|  |TAMS 0x000000071b000000, 0x000000071b000000| Untracked 
| 180|0x000000071b200000, 0x000000071b200000, 0x000000071b400000|  0%| F|  |TAMS 0x000000071b200000, 0x000000071b200000| Untracked 
| 181|0x000000071b400000, 0x000000071b400000, 0x000000071b600000|  0%| F|  |TAMS 0x000000071b400000, 0x000000071b400000| Untracked 
| 182|0x000000071b600000, 0x000000071b600000, 0x000000071b800000|  0%| F|  |TAMS 0x000000071b600000, 0x000000071b600000| Untracked 
| 183|0x000000071b800000, 0x000000071b800000, 0x000000071ba00000|  0%| F|  |TAMS 0x000000071b800000, 0x000000071b800000| Untracked 
| 184|0x000000071ba00000, 0x000000071ba00000, 0x000000071bc00000|  0%| F|  |TAMS 0x000000071ba00000, 0x000000071ba00000| Untracked 
| 185|0x000000071bc00000, 0x000000071bc00000, 0x000000071be00000|  0%| F|  |TAMS 0x000000071bc00000, 0x000000071bc00000| Untracked 
| 186|0x000000071be00000, 0x000000071be00000, 0x000000071c000000|  0%| F|  |TAMS 0x000000071be00000, 0x000000071be00000| Untracked 
| 187|0x000000071c000000, 0x000000071c000000, 0x000000071c200000|  0%| F|  |TAMS 0x000000071c000000, 0x000000071c000000| Untracked 
| 188|0x000000071c200000, 0x000000071c200000, 0x000000071c400000|  0%| F|  |TAMS 0x000000071c200000, 0x000000071c200000| Untracked 
| 189|0x000000071c400000, 0x000000071c400000, 0x000000071c600000|  0%| F|  |TAMS 0x000000071c400000, 0x000000071c400000| Untracked 
| 190|0x000000071c600000, 0x000000071c600000, 0x000000071c800000|  0%| F|  |TAMS 0x000000071c600000, 0x000000071c600000| Untracked 
| 191|0x000000071c800000, 0x000000071c800000, 0x000000071ca00000|  0%| F|  |TAMS 0x000000071c800000, 0x000000071c800000| Untracked 
| 192|0x000000071ca00000, 0x000000071ca00000, 0x000000071cc00000|  0%| F|  |TAMS 0x000000071ca00000, 0x000000071ca00000| Untracked 
| 193|0x000000071cc00000, 0x000000071cc00000, 0x000000071ce00000|  0%| F|  |TAMS 0x000000071cc00000, 0x000000071cc00000| Untracked 
| 194|0x000000071ce00000, 0x000000071d000000, 0x000000071d000000|100%| E|  |TAMS 0x000000071ce00000, 0x000000071ce00000| Complete 
| 195|0x000000071d000000, 0x000000071d004890, 0x000000071d200000|  0%| S|CS|TAMS 0x000000071d000000, 0x000000071d000000| Complete 
| 196|0x000000071d200000, 0x000000071d400000, 0x000000071d400000|100%| E|CS|TAMS 0x000000071d200000, 0x000000071d200000| Complete 
| 197|0x000000071d400000, 0x000000071d600000, 0x000000071d600000|100%| E|CS|TAMS 0x000000071d400000, 0x000000071d400000| Complete 

Card table byte_map: [0x000002ed63af0000,0x000002ed642d0000] _byte_map_base: 0x000002ed602cb000

Marking Bits (Prev, Next): (CMBitMap*) 0x000002ed4a37af70, (CMBitMap*) 0x000002ed4a37afb0
 Prev Bits: [0x000002ed64ab0000, 0x000002ed68988000)
 Next Bits: [0x000002ed68990000, 0x000002ed6c868000)

Polling page: 0x000002ed4a3d0000

Metaspace:

Usage:
  Non-class:     16.74 MB used.
      Class:      1.41 MB used.
       Both:     18.15 MB used.

Virtual space:
  Non-class space:       24.00 MB reserved,      16.88 MB ( 70%) committed,  3 nodes.
      Class space:        1.00 GB reserved,       1.50 MB ( <1%) committed,  1 nodes.
             Both:        1.02 GB reserved,      18.38 MB (  2%) committed. 

Chunk freelists:
   Non-Class:  2.42 MB
       Class:  2.50 MB
        Both:  4.92 MB

MaxMetaspaceSize: unlimited
CompressedClassSpaceSize: 1.00 GB
Initial GC threshold: 21.00 MB
Current GC threshold: 21.00 MB
CDS: on
MetaspaceReclaimPolicy: balanced
 - commit_granule_bytes: 65536.
 - commit_granule_words: 8192.
 - virtual_space_node_default_size: 1048576.
 - enlarge_chunks_in_place: 1.
 - new_chunks_are_fully_committed: 0.
 - uncommit_free_chunks: 1.
 - use_allocation_guard: 0.
 - handle_deallocations: 1.


Internal statistics:

num_allocs_failed_limit: 0.
num_arena_births: 170.
num_arena_deaths: 0.
num_vsnodes_births: 4.
num_vsnodes_deaths: 0.
num_space_committed: 290.
num_space_uncommitted: 0.
num_chunks_returned_to_freelist: 0.
num_chunks_taken_from_freelist: 528.
num_chunk_merges: 0.
num_chunk_splits: 387.
num_chunks_enlarged: 302.
num_purges: 0.
num_inconsistent_stats: 0.

CodeHeap 'non-profiled nmethods': size=119168Kb used=1490Kb max_used=1490Kb free=117677Kb
 bounds [0x000002ed5af00000, 0x000002ed5b170000, 0x000002ed62360000]
CodeHeap 'profiled nmethods': size=119104Kb used=6171Kb max_used=6171Kb free=112932Kb
 bounds [0x000002ed53360000, 0x000002ed53970000, 0x000002ed5a7b0000]
CodeHeap 'non-nmethods': size=7488Kb used=3329Kb max_used=3360Kb free=4158Kb
 bounds [0x000002ed5a7b0000, 0x000002ed5ab00000, 0x000002ed5af00000]
 total_blobs=4130 nmethods=3071 adapters=968
 compilation: enabled
              stopped_count=0, restarted_count=0
 full_count=0

Compilation events (20 events):
Event: 15.432 Thread 0x000002ed70424cb0 nmethod 3064% 0x000002ed53965010 code [0x000002ed53965200, 0x000002ed53965978]
Event: 15.465 Thread 0x000002ed70424cb0 3065       3       processing.opengl.PGraphicsOpenGL::setImpl (103 bytes)
Event: 15.465 Thread 0x000002ed70424cb0 nmethod 3065 0x000002ed53965b90 code [0x000002ed53965d60, 0x000002ed539662f8]
Event: 15.466 Thread 0x000002ed0891bd40 nmethod 3056 0x000002ed5b066210 code [0x000002ed5b066760, 0x000002ed5b06a4b0]
Event: 15.469 Thread 0x000002ed70418a90 3066       4       java.util.HashMap::values (25 bytes)
Event: 15.470 Thread 0x000002ed70418a90 nmethod 3066 0x000002ed5b06e010 code [0x000002ed5b06e1a0, 0x000002ed5b06e378]
Event: 15.563 Thread 0x000002ed0891bd40 3067       4       processing.opengl.PShader::consumeUniforms (1093 bytes)
Event: 15.563 Thread 0x000002ed70418a90 3068       4       processing.opengl.PShader::bindTyped (516 bytes)
Event: 15.564 Thread 0x000002ed0891bd40 nmethod 3067 0x000002ed5b06e410 code [0x000002ed5b06e580, 0x000002ed5b06e618]
Event: 15.596 Thread 0x000002ed70418a90 nmethod 3068 0x000002ed5b06e710 code [0x000002ed5b06eba0, 0x000002ed5b0718b8]
Event: 15.724 Thread 0x000002ed0891b320 3069       1       sun.awt.SunHints$Value::getIndex (5 bytes)
Event: 15.724 Thread 0x000002ed0891a900 3070       1       java.awt.RenderingHints$Key::intKey (5 bytes)
Event: 15.724 Thread 0x000002ed0891b320 nmethod 3069 0x000002ed5b074090 code [0x000002ed5b074220, 0x000002ed5b0742f8]
Event: 15.724 Thread 0x000002ed0891a900 nmethod 3070 0x000002ed5b074390 code [0x000002ed5b074520, 0x000002ed5b0745f8]
Event: 15.731 Thread 0x000002ed0891b320 3071       3       java.lang.Runtime::getRuntime (4 bytes)
Event: 15.731 Thread 0x000002ed0891b320 nmethod 3071 0x000002ed53966510 code [0x000002ed539666a0, 0x000002ed53966798]
Event: 15.792 Thread 0x000002ed0891b320 3072       3       sun.java2d.SunGraphics2D::invalidatePipe (41 bytes)
Event: 15.792 Thread 0x000002ed0891b320 nmethod 3072 0x000002ed53966810 code [0x000002ed539669c0, 0x000002ed53966cf8]
Event: 15.792 Thread 0x000002ed70418a90 3073       4       sun.java2d.StateTrackableDelegate::markDirty (6 bytes)
Event: 15.793 Thread 0x000002ed70418a90 nmethod 3073 0x000002ed5b074690 code [0x000002ed5b074800, 0x000002ed5b0748d8]

GC Heap History (20 events):
Event: 14.591 GC heap before
{Heap before GC invocations=20 (full 0):
 garbage-first heap   total 405504K, used 180428K [0x0000000704a00000, 0x0000000800000000)
  region size 2048K, 2 young (4096K), 1 survivors (2048K)
 Metaspace       used 18508K, committed 18752K, reserved 1073152K
  class space    used 1439K, committed 1536K, reserved 1048576K
}
Event: 14.592 GC heap after
{Heap after GC invocations=21 (full 0):
 garbage-first heap   total 405504K, used 143563K [0x0000000704a00000, 0x0000000800000000)
  region size 2048K, 1 young (2048K), 1 survivors (2048K)
 Metaspace       used 18508K, committed 18752K, reserved 1073152K
  class space    used 1439K, committed 1536K, reserved 1048576K
}
Event: 14.692 GC heap before
{Heap before GC invocations=21 (full 0):
 garbage-first heap   total 405504K, used 180427K [0x0000000704a00000, 0x0000000800000000)
  region size 2048K, 2 young (4096K), 1 survivors (2048K)
 Metaspace       used 18508K, committed 18752K, reserved 1073152K
  class space    used 1439K, committed 1536K, reserved 1048576K
}
Event: 14.692 GC heap after
{Heap after GC invocations=22 (full 0):
 garbage-first heap   total 405504K, used 118994K [0x0000000704a00000, 0x0000000800000000)
  region size 2048K, 1 young (2048K), 1 survivors (2048K)
 Metaspace       used 18508K, committed 18752K, reserved 1073152K
  class space    used 1439K, committed 1536K, reserved 1048576K
}
Event: 14.857 GC heap before
{Heap before GC invocations=22 (full 0):
 garbage-first heap   total 405504K, used 180434K [0x0000000704a00000, 0x0000000800000000)
  region size 2048K, 2 young (4096K), 1 survivors (2048K)
 Metaspace       used 18510K, committed 18752K, reserved 1073152K
  class space    used 1439K, committed 1536K, reserved 1048576K
}
Event: 14.858 GC heap after
{Heap after GC invocations=23 (full 0):
 garbage-first heap   total 405504K, used 143572K [0x0000000704a00000, 0x0000000800000000)
  region size 2048K, 1 young (2048K), 1 survivors (2048K)
 Metaspace       used 18510K, committed 18752K, reserved 1073152K
  class space    used 1439K, committed 1536K, reserved 1048576K
}
Event: 14.957 GC heap before
{Heap before GC invocations=23 (full 0):
 garbage-first heap   total 405504K, used 180436K [0x0000000704a00000, 0x0000000800000000)
  region size 2048K, 2 young (4096K), 1 survivors (2048K)
 Metaspace       used 18510K, committed 18752K, reserved 1073152K
  class space    used 1439K, committed 1536K, reserved 1048576K
}
Event: 14.959 GC heap after
{Heap after GC invocations=24 (full 0):
 garbage-first heap   total 405504K, used 118997K [0x0000000704a00000, 0x0000000800000000)
  region size 2048K, 1 young (2048K), 1 survivors (2048K)
 Metaspace       used 18510K, committed 18752K, reserved 1073152K
  class space    used 1439K, committed 1536K, reserved 1048576K
}
Event: 15.122 GC heap before
{Heap before GC invocations=24 (full 0):
 garbage-first heap   total 405504K, used 180437K [0x0000000704a00000, 0x0000000800000000)
  region size 2048K, 2 young (4096K), 1 survivors (2048K)
 Metaspace       used 18511K, committed 18752K, reserved 1073152K
  class space    used 1439K, committed 1536K, reserved 1048576K
}
Event: 15.123 GC heap after
{Heap after GC invocations=25 (full 0):
 garbage-first heap   total 405504K, used 143577K [0x0000000704a00000, 0x0000000800000000)
  region size 2048K, 1 young (2048K), 1 survivors (2048K)
 Metaspace       used 18511K, committed 18752K, reserved 1073152K
  class space    used 1439K, committed 1536K, reserved 1048576K
}
Event: 15.222 GC heap before
{Heap before GC invocations=25 (full 0):
 garbage-first heap   total 405504K, used 180441K [0x0000000704a00000, 0x0000000800000000)
  region size 2048K, 2 young (4096K), 1 survivors (2048K)
 Metaspace       used 18512K, committed 18752K, reserved 1073152K
  class space    used 1439K, committed 1536K, reserved 1048576K
}
Event: 15.223 GC heap after
{Heap after GC invocations=26 (full 0):
 garbage-first heap   total 405504K, used 119010K [0x0000000704a00000, 0x0000000800000000)
  region size 2048K, 1 young (2048K), 1 survivors (2048K)
 Metaspace       used 18512K, committed 18752K, reserved 1073152K
  class space    used 1439K, committed 1536K, reserved 1048576K
}
Event: 15.390 GC heap before
{Heap before GC invocations=26 (full 0):
 garbage-first heap   total 405504K, used 180450K [0x0000000704a00000, 0x0000000800000000)
  region size 2048K, 2 young (4096K), 1 survivors (2048K)
 Metaspace       used 18521K, committed 18752K, reserved 1073152K
  class space    used 1439K, committed 1536K, reserved 1048576K
}
Event: 15.391 GC heap after
{Heap after GC invocations=27 (full 0):
 garbage-first heap   total 405504K, used 143587K [0x0000000704a00000, 0x0000000800000000)
  region size 2048K, 1 young (2048K), 1 survivors (2048K)
 Metaspace       used 18521K, committed 18752K, reserved 1073152K
  class space    used 1439K, committed 1536K, reserved 1048576K
}
Event: 15.490 GC heap before
{Heap before GC invocations=27 (full 0):
 garbage-first heap   total 405504K, used 180451K [0x0000000704a00000, 0x0000000800000000)
  region size 2048K, 2 young (4096K), 1 survivors (2048K)
 Metaspace       used 18541K, committed 18752K, reserved 1073152K
  class space    used 1439K, committed 1536K, reserved 1048576K
}
Event: 15.490 GC heap after
{Heap after GC invocations=28 (full 0):
 garbage-first heap   total 405504K, used 119006K [0x0000000704a00000, 0x0000000800000000)
  region size 2048K, 1 young (2048K), 1 survivors (2048K)
 Metaspace       used 18541K, committed 18752K, reserved 1073152K
  class space    used 1439K, committed 1536K, reserved 1048576K
}
Event: 15.657 GC heap before
{Heap before GC invocations=28 (full 0):
 garbage-first heap   total 405504K, used 180446K [0x0000000704a00000, 0x0000000800000000)
  region size 2048K, 2 young (4096K), 1 survivors (2048K)
 Metaspace       used 18541K, committed 18752K, reserved 1073152K
  class space    used 1439K, committed 1536K, reserved 1048576K
}
Event: 15.657 GC heap after
{Heap after GC invocations=29 (full 0):
 garbage-first heap   total 405504K, used 143585K [0x0000000704a00000, 0x0000000800000000)
  region size 2048K, 1 young (2048K), 1 survivors (2048K)
 Metaspace       used 18541K, committed 18752K, reserved 1073152K
  class space    used 1439K, committed 1536K, reserved 1048576K
}
Event: 15.757 GC heap before
{Heap before GC invocations=29 (full 0):
 garbage-first heap   total 405504K, used 180449K [0x0000000704a00000, 0x0000000800000000)
  region size 2048K, 2 young (4096K), 1 survivors (2048K)
 Metaspace       used 18542K, committed 18752K, reserved 1073152K
  class space    used 1439K, committed 1536K, reserved 1048576K
}
Event: 15.758 GC heap after
{Heap after GC invocations=30 (full 0):
 garbage-first heap   total 405504K, used 119013K [0x0000000704a00000, 0x0000000800000000)
  region size 2048K, 1 young (2048K), 1 survivors (2048K)
 Metaspace       used 18542K, committed 18752K, reserved 1073152K
  class space    used 1439K, committed 1536K, reserved 1048576K
}

Deoptimization events (20 events):
Event: 12.867 Thread 0x000002ed784d0350 DEOPT PACKING pc=0x000002ed5385ac13 sp=0x000000f6894fe460
Event: 12.867 Thread 0x000002ed784d0350 DEOPT UNPACKING pc=0x000002ed5a8066e3 sp=0x000000f6894fd908 mode 0
Event: 12.920 Thread 0x000002ed784d0350 DEOPT PACKING pc=0x000002ed5389b053 sp=0x000000f6894fe4a0
Event: 12.920 Thread 0x000002ed784d0350 DEOPT UNPACKING pc=0x000002ed5a8066e3 sp=0x000000f6894fd9b0 mode 0
Event: 12.925 Thread 0x000002ed784d0350 DEOPT PACKING pc=0x000002ed5389b053 sp=0x000000f6894fe4a0
Event: 12.925 Thread 0x000002ed784d0350 DEOPT UNPACKING pc=0x000002ed5a8066e3 sp=0x000000f6894fd9b0 mode 0
Event: 12.931 Thread 0x000002ed784d0350 DEOPT PACKING pc=0x000002ed5389b053 sp=0x000000f6894fe4a0
Event: 12.931 Thread 0x000002ed784d0350 DEOPT UNPACKING pc=0x000002ed5a8066e3 sp=0x000000f6894fd9b0 mode 0
Event: 13.164 Thread 0x000002ed784d0350 DEOPT PACKING pc=0x000002ed5384f3ea sp=0x000000f6894fe810
Event: 13.164 Thread 0x000002ed784d0350 DEOPT UNPACKING pc=0x000002ed5a8066e3 sp=0x000000f6894fdcc0 mode 0
Event: 13.164 Thread 0x000002ed784d0350 Uncommon trap: trap_request=0xffffff45 fr.pc=0x000002ed5aff8adc relative=0x000000000000023c
Event: 13.164 Thread 0x000002ed784d0350 Uncommon trap: reason=unstable_if action=reinterpret pc=0x000002ed5aff8adc method=processing.awt.PImageAWT.opaque()V @ 8 c2
Event: 13.164 Thread 0x000002ed784d0350 DEOPT PACKING pc=0x000002ed5aff8adc sp=0x000000f6894fe800
Event: 13.164 Thread 0x000002ed784d0350 DEOPT UNPACKING pc=0x000002ed5a805ba3 sp=0x000000f6894fe7c0 mode 2
Event: 13.223 Thread 0x000002ed784d0350 DEOPT PACKING pc=0x000002ed538519fc sp=0x000000f6894fe5c0
Event: 13.223 Thread 0x000002ed784d0350 DEOPT UNPACKING pc=0x000002ed5a8066e3 sp=0x000000f6894fda38 mode 0
Event: 13.225 Thread 0x000002ed784d0350 Uncommon trap: trap_request=0xffffff45 fr.pc=0x000002ed5aff97c0 relative=0x00000000000009a0
Event: 13.225 Thread 0x000002ed784d0350 Uncommon trap: reason=unstable_if action=reinterpret pc=0x000002ed5aff97c0 method=processing.opengl.PGL.nativeToJavaARGB([III)V @ 17 c2
Event: 13.225 Thread 0x000002ed784d0350 DEOPT PACKING pc=0x000002ed5aff97c0 sp=0x000000f6894fe5a0
Event: 13.225 Thread 0x000002ed784d0350 DEOPT UNPACKING pc=0x000002ed5a805ba3 sp=0x000000f6894fe538 mode 2

Classes unloaded (0 events):
No events

Classes redefined (0 events):
No events

Internal exceptions (20 events):
Event: 1.628 Thread 0x000002ed77b1d9a0 Exception <a 'java/lang/NoSuchMethodError'{0x000000071367d190}: 'void java.lang.invoke.DirectMethodHandle$Holder.invokeSpecial(java.lang.Object, java.lang.Object, int, int)'> (0x000000071367d190) 
thrown [s\open\src\hotspot\share\interpreter\linkResolver.cpp, line 759]
Event: 1.629 Thread 0x000002ed77b1d9a0 Exception <a 'java/lang/NoSuchMethodError'{0x00000007136a85a0}: 'java.lang.Object java.lang.invoke.DirectMethodHandle$Holder.newInvokeSpecial(java.lang.Object, java.lang.Object, int, int)'> (0x00000007136a85a0) 
thrown [s\open\src\hotspot\share\interpreter\linkResolver.cpp, line 759]
Event: 1.643 Thread 0x000002ed77b1d9a0 Exception <a 'java/io/IOException'{0x0000000713704230}> (0x0000000713704230) 
thrown [s\open\src\hotspot\share\prims\jni.cpp, line 516]
Event: 1.643 Thread 0x000002ed77b1d9a0 Exception <a 'java/io/IOException'{0x00000007137045c8}> (0x00000007137045c8) 
thrown [s\open\src\hotspot\share\prims\jni.cpp, line 516]
Event: 1.676 Thread 0x000002ed77b1d9a0 Exception <a 'java/io/IOException'{0x00000007134f89b0}> (0x00000007134f89b0) 
thrown [s\open\src\hotspot\share\prims\jni.cpp, line 516]
Event: 1.676 Thread 0x000002ed77b1d9a0 Exception <a 'java/io/IOException'{0x00000007134f8cc0}> (0x00000007134f8cc0) 
thrown [s\open\src\hotspot\share\prims\jni.cpp, line 516]
Event: 1.684 Thread 0x000002ed77b1d9a0 Exception <a 'java/io/IOException'{0x0000000713511870}> (0x0000000713511870) 
thrown [s\open\src\hotspot\share\prims\jni.cpp, line 516]
Event: 1.684 Thread 0x000002ed77b1d9a0 Exception <a 'java/io/IOException'{0x0000000713511e28}> (0x0000000713511e28) 
thrown [s\open\src\hotspot\share\prims\jni.cpp, line 516]
Event: 2.690 Thread 0x000002ed77b1d9a0 Exception <a 'java/io/IOException'{0x000000071351b268}> (0x000000071351b268) 
thrown [s\open\src\hotspot\share\prims\jni.cpp, line 516]
Event: 2.690 Thread 0x000002ed77b1d9a0 Exception <a 'java/io/IOException'{0x000000071351b820}> (0x000000071351b820) 
thrown [s\open\src\hotspot\share\prims\jni.cpp, line 516]
Event: 2.691 Thread 0x000002ed78542050 Exception <a 'java/io/IOException'{0x000000071352a218}> (0x000000071352a218) 
thrown [s\open\src\hotspot\share\prims\jni.cpp, line 516]
Event: 2.691 Thread 0x000002ed78542050 Exception <a 'java/io/IOException'{0x000000071352a528}> (0x000000071352a528) 
thrown [s\open\src\hotspot\share\prims\jni.cpp, line 516]
Event: 2.697 Thread 0x000002ed77b1d9a0 Exception <a 'java/io/IOException'{0x0000000713520788}> (0x0000000713520788) 
thrown [s\open\src\hotspot\share\prims\jni.cpp, line 516]
Event: 2.697 Thread 0x000002ed77b1d9a0 Exception <a 'java/io/IOException'{0x0000000713520a98}> (0x0000000713520a98) 
thrown [s\open\src\hotspot\share\prims\jni.cpp, line 516]
Event: 2.728 Thread 0x000002ed77b1d9a0 Exception <a 'java/io/IOException'{0x0000000713359998}> (0x0000000713359998) 
thrown [s\open\src\hotspot\share\prims\jni.cpp, line 516]
Event: 2.728 Thread 0x000002ed77b1d9a0 Exception <a 'java/io/IOException'{0x0000000713359ca8}> (0x0000000713359ca8) 
thrown [s\open\src\hotspot\share\prims\jni.cpp, line 516]
Event: 2.741 Thread 0x000002ed78540840 Exception <a 'java/lang/NoSuchMethodError'{0x0000000713020ca0}: 'java.lang.Object java.lang.invoke.DirectMethodHandle$Holder.newInvokeSpecial(java.lang.Object, java.lang.Object, java.lang.Object, int, int, int, int, int)'> (0x0000000713020ca0) 
thrown [s\open\src\hotspot\share\interpreter\linkResolver.cpp, line 759]
Event: 3.696 Thread 0x000002ed785416b0 Implicit null exception at 0x000002ed5afbe583 to 0x000002ed5afbe600
Event: 3.696 Thread 0x000002ed785416b0 Implicit null exception at 0x000002ed5afbe9f4 to 0x000002ed5afbea68
Event: 15.835 Thread 0x000002ed70a06b80 Exception <a 'java/lang/InterruptedException'{0x000000071d4efd50}> (0x000000071d4efd50) 
thrown [s\open\src\hotspot\share\runtime\objectMonitor.cpp, line 1661]

VM Operations (20 events):
Event: 14.692 Executing VM operation: G1TryInitiateConcMark done
Event: 14.856 Executing VM operation: G1TryInitiateConcMark
Event: 14.858 Executing VM operation: G1TryInitiateConcMark done
Event: 14.957 Executing VM operation: G1TryInitiateConcMark
Event: 14.959 Executing VM operation: G1TryInitiateConcMark done
Event: 15.122 Executing VM operation: G1TryInitiateConcMark
Event: 15.123 Executing VM operation: G1TryInitiateConcMark done
Event: 15.222 Executing VM operation: G1TryInitiateConcMark
Event: 15.223 Executing VM operation: G1TryInitiateConcMark done
Event: 15.302 Executing VM operation: HandshakeAllThreads
Event: 15.302 Executing VM operation: HandshakeAllThreads done
Event: 15.390 Executing VM operation: G1TryInitiateConcMark
Event: 15.391 Executing VM operation: G1TryInitiateConcMark done
Event: 15.489 Executing VM operation: G1TryInitiateConcMark
Event: 15.491 Executing VM operation: G1TryInitiateConcMark done
Event: 15.657 Executing VM operation: G1TryInitiateConcMark
Event: 15.657 Executing VM operation: G1TryInitiateConcMark done
Event: 15.757 Executing VM operation: G1TryInitiateConcMark
Event: 15.758 Executing VM operation: G1TryInitiateConcMark done
Event: 15.937 Executing VM operation: Exit

Events (20 events):
Event: 13.776 Thread 0x000002ed08918fb0 Thread exited: 0x000002ed08918fb0
Event: 15.199 Thread 0x000002ed089194c0 Thread added: 0x000002ed089194c0
Event: 15.199 Thread 0x000002ed0891bd40 Thread added: 0x000002ed0891bd40
Event: 15.724 Thread 0x000002ed0891bd40 Thread exited: 0x000002ed0891bd40
Event: 15.724 Thread 0x000002ed089194c0 Thread exited: 0x000002ed089194c0
Event: 15.835 Thread 0x000002ed70a06b80 Thread exited: 0x000002ed70a06b80
Event: 15.835 Thread 0x000002ed78540d10 Thread added: 0x000002ed78540d10
Event: 15.835 Thread 0x000002ed78540370 Thread added: 0x000002ed78540370
Event: 15.835 Thread 0x000002ed7853fea0 Thread added: 0x000002ed7853fea0
Event: 15.835 Thread 0x000002ed78541b80 Thread added: 0x000002ed78541b80
Event: 15.836 Thread 0x000002ed7853fea0 Thread exited: 0x000002ed7853fea0
Event: 15.836 loading class java/nio/channels/ClosedChannelException
Event: 15.836 loading class java/nio/channels/ClosedChannelException done
Event: 15.836 Thread 0x000002ed78540370 Thread exited: 0x000002ed78540370
Event: 15.836 Thread 0x000002ed78542ec0 Thread added: 0x000002ed78542ec0
Event: 15.836 Thread 0x000002ed77b692c0 Thread exited: 0x000002ed77b692c0
Event: 15.839 Thread 0x000002ed708e4ee0 Thread exited: 0x000002ed708e4ee0
Event: 15.863 Thread 0x000002ed70b1c030 Thread exited: 0x000002ed70b1c030
Event: 15.866 Thread 0x000002ed78540d10 Thread exited: 0x000002ed78540d10
Event: 15.936 Thread 0x000002ed78541b80 Thread exited: 0x000002ed78541b80


Dynamic libraries:
0x00007ff65d360000 - 0x00007ff65d370000 	C:\Program Files\Java\jdk-17\bin\javaw.exe
0x00007ffa9ceb0000 - 0x00007ffa9d0c4000 	C:\WINDOWS\SYSTEM32\ntdll.dll
0x00007ffa9b2e0000 - 0x00007ffa9b3a4000 	C:\WINDOWS\System32\KERNEL32.DLL
0x00007ffa9a260000 - 0x00007ffa9a604000 	C:\WINDOWS\System32\KERNELBASE.dll
0x00007ffa97340000 - 0x00007ffa973d7000 	C:\WINDOWS\SYSTEM32\apphelp.dll
0x00007ffa9a7d0000 - 0x00007ffa9a8e1000 	C:\WINDOWS\System32\ucrtbase.dll
0x00007ffa41fa0000 - 0x00007ffa41fb8000 	C:\Program Files\Java\jdk-17\bin\jli.dll
0x00007ffa9c4c0000 - 0x00007ffa9c570000 	C:\WINDOWS\System32\ADVAPI32.dll
0x00007ffa33890000 - 0x00007ffa338ab000 	C:\Program Files\Java\jdk-17\bin\VCRUNTIME140.dll
0x00007ffa9ae30000 - 0x00007ffa9aed7000 	C:\WINDOWS\System32\msvcrt.dll
0x00007ffa9c2e0000 - 0x00007ffa9c386000 	C:\WINDOWS\System32\sechost.dll
0x00007ffa9c390000 - 0x00007ffa9c4a7000 	C:\WINDOWS\System32\RPCRT4.dll
0x00007ffa9aef0000 - 0x00007ffa9b09e000 	C:\WINDOWS\System32\USER32.dll
0x00007ffa9a690000 - 0x00007ffa9a6b6000 	C:\WINDOWS\System32\win32u.dll
0x00007ffa824b0000 - 0x00007ffa82743000 	C:\WINDOWS\WinSxS\amd64_microsoft.windows.common-controls_6595b64144ccf1df_6.0.22621.2215_none_270d72677387dfc3\COMCTL32.dll
0x00007ffa9ce40000 - 0x00007ffa9ce69000 	C:\WINDOWS\System32\GDI32.dll
0x00007ffa9aa60000 - 0x00007ffa9ab78000 	C:\WINDOWS\System32\gdi32full.dll
0x00007ffa9a730000 - 0x00007ffa9a7ca000 	C:\WINDOWS\System32\msvcp_win.dll
0x00007ffa90580000 - 0x00007ffa9058a000 	C:\WINDOWS\SYSTEM32\VERSION.dll
0x00007ffa9c1c0000 - 0x00007ffa9c1f1000 	C:\WINDOWS\System32\IMM32.DLL
0x00007ffa66fb0000 - 0x00007ffa66fbc000 	C:\Program Files\Java\jdk-17\bin\vcruntime140_1.dll
0x00007ffa06770000 - 0x00007ffa067fe000 	C:\Program Files\Java\jdk-17\bin\msvcp140.dll
0x00007ff9d5140000 - 0x00007ff9d5d17000 	C:\Program Files\Java\jdk-17\bin\server\jvm.dll
0x00007ffa9aee0000 - 0x00007ffa9aee8000 	C:\WINDOWS\System32\PSAPI.DLL
0x00007ffa59480000 - 0x00007ffa59489000 	C:\WINDOWS\SYSTEM32\WSOCK32.dll
0x00007ffa8f200000 - 0x00007ffa8f234000 	C:\WINDOWS\SYSTEM32\WINMM.dll
0x00007ffa9b240000 - 0x00007ffa9b2b1000 	C:\WINDOWS\System32\WS2_32.dll
0x00007ffa992c0000 - 0x00007ffa992d8000 	C:\WINDOWS\SYSTEM32\kernel.appcore.dll
0x00007ffa659b0000 - 0x00007ffa659ba000 	C:\Program Files\Java\jdk-17\bin\jimage.dll
0x00007ffa97b80000 - 0x00007ffa97dae000 	C:\WINDOWS\SYSTEM32\DBGHELP.DLL
0x00007ffa9b670000 - 0x00007ffa9b9fa000 	C:\WINDOWS\System32\combase.dll
0x00007ffa9c200000 - 0x00007ffa9c2d7000 	C:\WINDOWS\System32\OLEAUT32.dll
0x00007ffa7f1e0000 - 0x00007ffa7f212000 	C:\WINDOWS\SYSTEM32\dbgcore.DLL
0x00007ffa9a610000 - 0x00007ffa9a68a000 	C:\WINDOWS\System32\bcryptPrimitives.dll
0x00007ffa28550000 - 0x00007ffa28575000 	C:\Program Files\Java\jdk-17\bin\java.dll
0x00007ffa00450000 - 0x00007ffa00527000 	C:\Program Files\Java\jdk-17\bin\jsvml.dll
0x00007ffa9c610000 - 0x00007ffa9ce33000 	C:\WINDOWS\System32\SHELL32.dll
0x00007ffa981a0000 - 0x00007ffa98a8a000 	C:\WINDOWS\SYSTEM32\windows.storage.dll
0x00007ffa98060000 - 0x00007ffa9819e000 	C:\WINDOWS\SYSTEM32\wintypes.dll
0x00007ffa9b570000 - 0x00007ffa9b663000 	C:\WINDOWS\System32\SHCORE.dll
0x00007ffa9ac40000 - 0x00007ffa9ac9e000 	C:\WINDOWS\System32\shlwapi.dll
0x00007ffa9a190000 - 0x00007ffa9a1b6000 	C:\WINDOWS\SYSTEM32\profapi.dll
0x00007ffa33590000 - 0x00007ffa335a9000 	C:\Program Files\Java\jdk-17\bin\net.dll
0x00007ffa8fee0000 - 0x00007ffa90017000 	C:\WINDOWS\SYSTEM32\WINHTTP.dll
0x00007ffa997e0000 - 0x00007ffa99849000 	C:\WINDOWS\system32\mswsock.dll
0x00007ffa2ef30000 - 0x00007ffa2ef46000 	C:\Program Files\Java\jdk-17\bin\nio.dll
0x00007ffa28b30000 - 0x00007ffa28b48000 	C:\Program Files\Java\jdk-17\bin\zip.dll
0x00007ff9eb9e0000 - 0x00007ff9ebb71000 	C:\Program Files\Java\jdk-17\bin\awt.dll
0x00007ffa97400000 - 0x00007ffa974ab000 	C:\WINDOWS\system32\uxtheme.dll
0x00007ffa4fbd0000 - 0x00007ffa4fd09000 	C:\ProgramData\A-Volute\A-Volute.Nahimic\Modules\Scheduled\x64\AudioDevProps2.dll
0x00007ffa9c020000 - 0x00007ffa9c1be000 	C:\WINDOWS\System32\ole32.dll
0x00007ffa9b0a0000 - 0x00007ffa9b1e9000 	C:\WINDOWS\System32\MSCTF.dll
0x00007ffa97810000 - 0x00007ffa9783b000 	C:\WINDOWS\system32\DWMAPI.DLL
0x00007ffa7e970000 - 0x00007ffa7ea70000 	C:\WINDOWS\system32\opengl32.dll
0x00007ffa7f150000 - 0x00007ffa7f17d000 	C:\WINDOWS\SYSTEM32\GLU32.dll
0x00007ffa974e0000 - 0x00007ffa97518000 	C:\WINDOWS\SYSTEM32\dxcore.dll
0x00007ffa99a50000 - 0x00007ffa99a6b000 	C:\WINDOWS\SYSTEM32\CRYPTSP.dll
0x00007ffa99280000 - 0x00007ffa992b5000 	C:\WINDOWS\system32\rsaenh.dll
0x00007ffa998b0000 - 0x00007ffa998dc000 	C:\WINDOWS\SYSTEM32\USERENV.dll
0x00007ffa99c10000 - 0x00007ffa99c38000 	C:\WINDOWS\SYSTEM32\bcrypt.dll
0x00007ffa99a70000 - 0x00007ffa99a7c000 	C:\WINDOWS\SYSTEM32\CRYPTBASE.dll
0x00007ffa98d30000 - 0x00007ffa98d5d000 	C:\WINDOWS\SYSTEM32\IPHLPAPI.DLL
0x00007ffa9ae20000 - 0x00007ffa9ae29000 	C:\WINDOWS\System32\NSI.dll
0x00007ffa90590000 - 0x00007ffa905a9000 	C:\WINDOWS\SYSTEM32\dhcpcsvc6.DLL
0x00007ffa8fa40000 - 0x00007ffa8fa5f000 	C:\WINDOWS\SYSTEM32\dhcpcsvc.DLL
0x00007ffa98d60000 - 0x00007ffa98e52000 	C:\WINDOWS\SYSTEM32\DNSAPI.dll
0x000000006e8c0000 - 0x000000006e8cd000 	C:\Users\mcris\Desktop\CelestialVibes\src\CelestialVibesPDE\windows-amd64\lib\gluegen_rt.dll
0x00007ffa8f330000 - 0x00007ffa8f337000 	C:\Program Files\Java\jdk-17\bin\jawt.dll
0x000000006a440000 - 0x000000006a44d000 	C:\Users\mcris\Desktop\CelestialVibes\src\CelestialVibesPDE\windows-amd64\lib\nativewindow_awt.dll
0x000000006c100000 - 0x000000006c110000 	C:\Users\mcris\Desktop\CelestialVibes\src\CelestialVibesPDE\windows-amd64\lib\nativewindow_win32.dll
0x0000000064500000 - 0x0000000064585000 	C:\Users\mcris\Desktop\CelestialVibes\src\CelestialVibesPDE\windows-amd64\lib\jogl_desktop.dll
0x0000000064340000 - 0x0000000064391000 	C:\Users\mcris\Desktop\CelestialVibes\src\CelestialVibesPDE\windows-amd64\lib\jogl_mobile.dll
0x00007ffa92840000 - 0x00007ffa9288a000 	C:\WINDOWS\SYSTEM32\directxdatabasehelper.dll
0x00007ffa9ad70000 - 0x00007ffa9ae20000 	C:\WINDOWS\System32\clbcatq.dll
0x00007ff9d6d50000 - 0x00007ff9d7dd7000 	C:\WINDOWS\System32\DriverStore\FileRepository\iigd_dch.inf_amd64_357acc06f2c40efb\igxelpicd64.dll
0x00007ffa97520000 - 0x00007ffa97618000 	C:\WINDOWS\system32\dxgi.dll
0x00007ff9f2390000 - 0x00007ff9f24cc000 	C:\WINDOWS\System32\DriverStore\FileRepository\iigd_dch.inf_amd64_357acc06f2c40efb\igdml64.dll
0x00007ffa8b420000 - 0x00007ffa8b829000 	C:\WINDOWS\System32\DriverStore\FileRepository\iigd_dch.inf_amd64_357acc06f2c40efb\igdgmm64.dll
0x00007ffa99f70000 - 0x00007ffa99f9c000 	C:\WINDOWS\SYSTEM32\DEVOBJ.dll
0x00007ffa99f20000 - 0x00007ffa99f6e000 	C:\WINDOWS\SYSTEM32\cfgmgr32.dll
0x00007ffa9a6c0000 - 0x00007ffa9a72b000 	C:\WINDOWS\System32\WINTRUST.dll
0x00007ffa9a8f0000 - 0x00007ffa9aa56000 	C:\WINDOWS\System32\CRYPT32.dll
0x00007ffa99f00000 - 0x00007ffa99f12000 	C:\WINDOWS\SYSTEM32\MSASN1.dll
0x00007ffa86950000 - 0x00007ffa8afd4000 	C:\WINDOWS\System32\DriverStore\FileRepository\iigd_dch.inf_amd64_357acc06f2c40efb\igc64.dll
0x00007ffa992e0000 - 0x00007ffa9932d000 	C:\WINDOWS\SYSTEM32\powrprof.dll
0x00007ffa99260000 - 0x00007ffa99273000 	C:\WINDOWS\SYSTEM32\UMPDC.dll
0x0000000070d80000 - 0x0000000070d93000 	C:\Users\mcris\Desktop\CelestialVibes\src\CelestialVibesPDE\windows-amd64\lib\newt_head.dll
0x00007ffa90300000 - 0x00007ffa903bc000 	C:\WINDOWS\SYSTEM32\mscms.dll
0x00007ffa7d280000 - 0x00007ffa7d2c9000 	C:\WINDOWS\SYSTEM32\icm32.dll
0x00007ffa9ba00000 - 0x00007ffa9be74000 	C:\WINDOWS\System32\setupapi.dll
0x00007ffa74b50000 - 0x00007ffa74c94000 	C:\WINDOWS\SYSTEM32\textinputframework.dll
0x00007ffa96f70000 - 0x00007ffa970a3000 	C:\WINDOWS\SYSTEM32\CoreMessaging.dll
0x00007ffa91650000 - 0x00007ffa919bc000 	C:\WINDOWS\SYSTEM32\CoreUIComponents.dll
0x00007ffa8f320000 - 0x00007ffa8f330000 	C:\Program Files\Java\jdk-17\bin\verify.dll
0x00007ffa955f0000 - 0x00007ffa95607000 	C:\WINDOWS\system32\napinsp.dll
0x00007ffa84260000 - 0x00007ffa8427b000 	C:\WINDOWS\system32\pnrpnsp.dll
0x00007ffa834f0000 - 0x00007ffa83501000 	C:\WINDOWS\System32\winrnr.dll
0x00007ffa8ecc0000 - 0x00007ffa8ecd5000 	C:\WINDOWS\system32\wshbth.dll
0x00007ffa81210000 - 0x00007ffa81231000 	C:\WINDOWS\system32\nlansp_c.dll
0x00007ffa85eb0000 - 0x00007ffa85eba000 	C:\Windows\System32\rasadhlp.dll
0x00007ffa8e770000 - 0x00007ffa8e7f4000 	C:\WINDOWS\System32\fwpuclnt.dll
0x00007ffa7d1b0000 - 0x00007ffa7d1de000 	C:\Program Files\Java\jdk-17\bin\javajpeg.dll
0x00007ffa08540000 - 0x00007ffa085c6000 	C:\Program Files\Java\jdk-17\bin\freetype.dll
0x00007ffa06910000 - 0x00007ffa069d5000 	C:\Program Files\Java\jdk-17\bin\fontmanager.dll

dbghelp: loaded successfully - version: 4.0.5 - missing functions: none
symbol engine: initialized successfully - sym options: 0x614 - pdb path: .;C:\Program Files\Java\jdk-17\bin;C:\WINDOWS\SYSTEM32;C:\WINDOWS\WinSxS\amd64_microsoft.windows.common-controls_6595b64144ccf1df_6.0.22621.2215_none_270d72677387dfc3;C:\Program Files\Java\jdk-17\bin\server;C:\ProgramData\A-Volute\A-Volute.Nahimic\Modules\Scheduled\x64;C:\Users\mcris\Desktop\CelestialVibes\src\CelestialVibesPDE\windows-amd64\lib;C:\WINDOWS\System32\DriverStore\FileRepository\iigd_dch.inf_amd64_357acc06f2c40efb

VM Arguments:
jvm_args: -Djna.nosys=true -Djava.library.path=C:\Users\mcris\Desktop\CelestialVibes\src\CelestialVibesPDE\windows-amd64\lib 
java_command: CelestialVibesPDE
java_class_path (initial): lib\CelestialVibesPDE.jar;lib\core.jar;lib\gluegen-rt.jar;lib\jogl-all.jar;lib\controlP5.jar;lib\peasy-math.jar;lib\peasycam.jar;lib\oscP5.jar;lib\supercollider.jar
Launcher Type: SUN_STANDARD

[Global flags]
     intx CICompilerCount                          = 12                                        {product} {ergonomic}
     uint ConcGCThreads                            = 3                                         {product} {ergonomic}
     uint G1ConcRefinementThreads                  = 13                                        {product} {ergonomic}
   size_t G1HeapRegionSize                         = 2097152                                   {product} {ergonomic}
    uintx GCDrainStackTargetSize                   = 64                                        {product} {ergonomic}
   size_t InitialHeapSize                          = 264241152                                 {product} {ergonomic}
   size_t MarkStackSize                            = 4194304                                   {product} {ergonomic}
   size_t MaxHeapSize                              = 4217372672                                {product} {ergonomic}
   size_t MaxNewSize                               = 2529165312                                {product} {ergonomic}
   size_t MinHeapDeltaBytes                        = 2097152                                   {product} {ergonomic}
   size_t MinHeapSize                              = 8388608                                   {product} {ergonomic}
    uintx NonNMethodCodeHeapSize                   = 7602480                                {pd product} {ergonomic}
    uintx NonProfiledCodeHeapSize                  = 122027880                              {pd product} {ergonomic}
    uintx ProfiledCodeHeapSize                     = 122027880                              {pd product} {ergonomic}
    uintx ReservedCodeCacheSize                    = 251658240                              {pd product} {ergonomic}
     bool SegmentedCodeCache                       = true                                      {product} {ergonomic}
   size_t SoftMaxHeapSize                          = 4217372672                             {manageable} {ergonomic}
     bool UseCompressedClassPointers               = true                           {product lp64_product} {ergonomic}
     bool UseCompressedOops                        = true                           {product lp64_product} {ergonomic}
     bool UseG1GC                                  = true                                      {product} {ergonomic}
     bool UseLargePagesIndividualAllocation        = false                                  {pd product} {ergonomic}

Logging:
Log output configuration:
 #0: stdout all=off uptime,level,tags
 #1: stderr all=off uptime,level,tags

Environment Variables:
PATH=C:\Users\mcris\AppData\Local\Temp\_MEI176162\cv2\../../x64/vc14/bin;C:\Users\mcris\AppData\Local\Temp\_MEI176162\pywin32_system32;C:\Program Files\Common Files\Oracle\Java\javapath;C:\Program Files (x86)\Common Files\Oracle\Java\javapath;C:\Python310\Scripts\;C:\Python310\;C:\Windows\system32;C:\Windows;C:\Windows\System32\Wbem;C:\Windows\System32\WindowsPowerShell\v1.0\;C:\Windows\System32\OpenSSH\;C:\Program Files (x86)\NVIDIA Corporation\PhysX\Common;C:\Program Files\NVIDIA Corporation\NVIDIA NvDLISR;C:\WINDOWS\system32;C:\WINDOWS;C:\WINDOWS\System32\Wbem;C:\WINDOWS\System32\WindowsPowerShell\v1.0\;C:\WINDOWS\System32\OpenSSH\;C:\Program Files\Git\cmd;C:\msys64\mingw64\bin;C:\ProgramData\chocolatey\bin;C:\Program Files\MATLAB\R2021b\bin;C:\Program Files\dotnet\;C:\Program Files\processing-4.0b7;C:\Users\mcris\AppData\Local\Programs\Python\Python311\Scripts\;C:\Users\mcris\AppData\Local\Programs\Python\Python311\;C:\Users\mcris\AppData\Local\Microsoft\WindowsApps;C:\Users\mcris\AppData\Local\Programs\Microsoft VS Code\bin;C:\Users\mcris\AppData\Local\GitHubDesktop\bin;C:\Users\mcris\AppData\Local\Microsoft\WindowsApps;C:\Program Files\Java\jdk-17\bin
USERNAME=mcris
OS=Windows_NT
PROCESSOR_IDENTIFIER=Intel64 Family 6 Model 141 Stepping 1, GenuineIntel



---------------  S Y S T E M  ---------------

OS:
 Windows 11 , 64 bit Build 22621 (10.0.22621.2215)
OS uptime: 3 days 3:56 hours
Hyper-V role detected

CPU: total 16 (initial active 16) (8 cores per cpu, 2 threads per core) family 6 model 141 stepping 1 microcode 0x26, cx8, cmov, fxsr, ht, mmx, 3dnowpref, sse, sse2, sse3, ssse3, sse4.1, sse4.2, popcnt, lzcnt, tsc, tscinvbit, avx, avx2, aes, erms, clmul, bmi1, bmi2, adx, avx512f, avx512dq, avx512cd, avx512bw, avx512vl, sha, fma, vzeroupper, avx512_vpopcntdq, avx512_vpclmulqdq, avx512_vaes, avx512_vnni, clflush, clflushopt, clwb, avx512_vbmi2, avx512_vbmi, hv

Memory: 4k page, system-wide physical 16085M (5492M free)
TotalPageFile size 18645M (AvailPageFile size 3029M)
current process WorkingSet (physical memory assigned to process): 846M, peak: 851M
current process commit charge ("private bytes"): 961M, peak: 962M

vm_info: Java HotSpot(TM) 64-Bit Server VM (17.0.6+9-LTS-190) for windows-amd64 JRE (17.0.6+9-LTS-190), built on Dec  6 2022 15:53:54 by "mach5one" with MS VC++ 17.1 (VS2022)

END.
