#
# A fatal error has been detected by the Java Runtime Environment:
#
#  EXCEPTION_ACCESS_VIOLATION (0xc0000005) at pc=0x00007ff9d6df7a32, pid=6788, tid=25004
#
# JRE version: Java(TM) SE Runtime Environment (17.0.6+9) (build 17.0.6+9-LTS-190)
# Java VM: Java HotSpot(TM) 64-Bit Server VM (17.0.6+9-LTS-190, mixed mode, sharing, tiered, compressed oops, compressed class ptrs, g1 gc, windows-amd64)
# Problematic frame:
# C  [igxelpicd64.dll+0xa7a32]
#
# No core dump will be written. Minidumps are not enabled by default on client versions of Windows
#
# If you would like to submit a bug report, please visit:
#   https://bugreport.java.com/bugreport/crash.jsp
#

---------------  S U M M A R Y ------------

Command Line: -Djna.nosys=true -Djava.library.path=C:\Users\mcris\Desktop\CelestialVibes\src\CelestialVibesPDE\windows-amd64\lib CelestialVibesPDE

Host: 11th Gen Intel(R) Core(TM) i7-11800H @ 2.30GHz, 16 cores, 15G,  Windows 11 , 64 bit Build 22621 (10.0.22621.2215)
Time: Sat Sep 30 18:20:59 2023 ora legale Europa occidentale elapsed time: 13.131691 seconds (0d 0h 0m 13s)

---------------  T H R E A D  ---------------

Current thread (0x0000021fec77a2a0):  VMThread "VM Thread" [stack: 0x00000059e6c00000,0x00000059e6d00000] [id=25004]

Stack: [0x00000059e6c00000,0x00000059e6d00000],  sp=0x00000059e6cfe530,  free space=1017k
Native frames: (J=compiled Java code, j=interpreted, Vv=VM code, C=native code)
C  [igxelpicd64.dll+0xa7a32]


siginfo: EXCEPTION_ACCESS_VIOLATION (0xc0000005), reading address 0x0000000000035898


Register to memory mapping:

RIP=0x00007ff9d6df7a32 igxelpicd64.dll
RAX=0x0000021f8898ca08 points into unknown readable memory: 0x0000000000062f6c | 6c 2f 06 00 00 00 00 00
RBX=0x0000021f8898c7e0 points into unknown readable memory: 0x0000021fed9090c0 | c0 90 90 ed 1f 02 00 00
RCX=0x00000000000624cc is an unknown value
RDX=0x00000000fffffff4 is an unknown value
RSP=0x00000059e6cfe530 points into unknown readable memory: 0x0000021feda63a70 | 70 3a a6 ed 1f 02 00 00
RBP=0x0 is NULL
RSI=0x0000021f8898cdb0 points into unknown readable memory: 0x0000021f85315630 | 30 56 31 85 1f 02 00 00
RDI=0x0000021ff4eb81b0 points into unknown readable memory: 0x0000021ff5102a00 | 00 2a 10 f5 1f 02 00 00
R8 =0x0000000000000014 is an unknown value
R9 =0x0000000000000004 is an unknown value
R10=0x0 is NULL
R11=0x0000000000000246 is an unknown value
R12=0x0000021ff5217d00 points into unknown readable memory: 0x0000000000000000 | 00 00 00 00 00 00 00 00
R13=0x0000021f85315630 points into unknown readable memory: 0x0000021fed9090c0 | c0 90 90 ed 1f 02 00 00
R14=0x0000000000063700 is an unknown value
R15=0x0000000000000016 is an unknown value


Registers:
RAX=0x0000021f8898ca08, RBX=0x0000021f8898c7e0, RCX=0x00000000000624cc, RDX=0x00000000fffffff4
RSP=0x00000059e6cfe530, RBP=0x0000000000000000, RSI=0x0000021f8898cdb0, RDI=0x0000021ff4eb81b0
R8 =0x0000000000000014, R9 =0x0000000000000004, R10=0x0000000000000000, R11=0x0000000000000246
R12=0x0000021ff5217d00, R13=0x0000021f85315630, R14=0x0000000000063700, R15=0x0000000000000016
RIP=0x00007ff9d6df7a32, EFLAGS=0x0000000000010202

Top of Stack: (sp=0x00000059e6cfe530)
0x00000059e6cfe530:   0000021feda63a70 0000000000000000
0x00000059e6cfe540:   0000000000000001 00007ffa9cf52d94
0x00000059e6cfe550:   00000059e6cfe650 00007ffa9cf45391
0x00000059e6cfe560:   0000000000000009 00007ffa9cf45391
0x00000059e6cfe570:   0000000000000015 0000000000063750
0x00000059e6cfe580:   0000b80274a70000 0000021ff5217d98
0x00000059e6cfe590:   0000000000000000 0000000000000000
0x00000059e6cfe5a0:   00000059e6cfe6b0 00007ff9d6ddd5df
0x00000059e6cfe5b0:   0000021feda63a70 0000021ff4eb81b0
0x00000059e6cfe5c0:   00000059e604c000 00007ffa9cecd800
0x00000059e6cfe5d0:   000000590046beb0 00007ffa00000000
0x00000059e6cfe5e0:   0000000000000000 001040187a000004
0x00000059e6cfe5f0:   0000000000000000 0000000000000000
0x00000059e6cfe600:   000010027a000004 0000000000000000
0x00000059e6cfe610:   0000000000000000 001040007a000004
0x00000059e6cfe620:   0000000000000000 0000000000000000 

Instructions: (pc=0x00007ff9d6df7a32)
0x00007ff9d6df7932:   8b fa 48 8b e9 48 8b 1d 92 c4 f1 00 48 89 58 08
0x00007ff9d6df7942:   48 8b cb ff 15 dd 48 a9 00 90 4c 8b af 78 02 00
0x00007ff9d6df7952:   00 48 8b 05 c6 69 e1 00 44 8b b8 a0 0b 00 00 45
0x00007ff9d6df7962:   33 d2 45 8a f2 4c 89 97 78 02 00 00 44 89 97 80
0x00007ff9d6df7972:   02 00 00 4c 89 97 a0 02 00 00 4c 89 97 88 02 00
0x00007ff9d6df7982:   00 48 85 ed 75 38 8b 35 22 9e f1 00 65 48 8b 04
0x00007ff9d6df7992:   25 58 00 00 00 b9 14 00 00 00 48 8b 04 f0 44 38
0x00007ff9d6df79a2:   14 01 0f 84 86 98 94 00 65 48 8b 04 25 58 00 00
0x00007ff9d6df79b2:   00 bd 20 00 00 00 48 8b 04 f0 48 8b 2c 28 48 3b
0x00007ff9d6df79c2:   2d 79 ab f1 00 45 0f 44 fa 4d 85 ed 0f 84 2b 01
0x00007ff9d6df79d2:   00 00 44 8a a4 24 90 00 00 00 49 8b dd 49 8d b5
0x00007ff9d6df79e2:   d0 05 00 00 4c 8b 2e 45 84 e4 0f 85 39 03 00 00
0x00007ff9d6df79f2:   44 8b 8f c8 01 00 00 48 8b 05 20 69 e1 00 83 b8
0x00007ff9d6df7a02:   70 03 00 00 02 75 36 41 8d 51 f0 41 83 f9 10 0f
0x00007ff9d6df7a12:   83 2d 01 00 00 4a 8d 04 cd 21 00 00 00 49 03 c1
0x00007ff9d6df7a22:   48 8d 04 c3 48 85 c0 0f 85 03 01 00 00 49 8b ca
0x00007ff9d6df7a32:   48 3b 8d 98 58 03 00 0f 87 fe 97 94 00 48 8d 93
0x00007ff9d6df7a42:   08 01 00 00 4c 39 93 48 06 00 00 0f 85 69 99 94
0x00007ff9d6df7a52:   00 44 8b 9f c8 01 00 00 48 8b 87 e0 01 00 00 4c
0x00007ff9d6df7a62:   8b 10 44 8b 87 c8 01 00 00 41 83 f8 10 0f 83 fc
0x00007ff9d6df7a72:   00 00 00 4b 8d 0c c0 48 8d 04 ca 48 85 c0 0f 85
0x00007ff9d6df7a82:   b5 00 00 00 33 c9 49 3b ca 0f 86 11 01 00 00 45
0x00007ff9d6df7a92:   33 d2 48 8b 87 78 02 00 00 48 89 06 48 89 9f 78
0x00007ff9d6df7aa2:   02 00 00 ff 87 80 02 00 00 48 8b 43 08 48 8b 88
0x00007ff9d6df7ab2:   18 01 00 00 48 81 e1 00 00 ff ff 48 81 c1 00 00
0x00007ff9d6df7ac2:   01 00 48 01 8f 88 02 00 00 48 8b 43 08 48 8b 88
0x00007ff9d6df7ad2:   18 01 00 00 48 01 8f a0 02 00 00 4d 85 ed 0f 85
0x00007ff9d6df7ae2:   f6 fe ff ff 45 84 f6 44 8a a4 24 98 00 00 00 0f
0x00007ff9d6df7af2:   85 11 99 94 00 48 8b 9c 24 80 00 00 00 48 8b cf
0x00007ff9d6df7b02:   45 84 e4 0f 85 30 02 00 00 e8 d0 fa ff ff 90 48
0x00007ff9d6df7b12:   8b cb 48 8b 9c 24 88 00 00 00 48 83 c4 40 41 5f
0x00007ff9d6df7b22:   41 5e 41 5d 41 5c 5f 5e 5d 48 ff 25 ee 46 a9 00 


Stack slot to memory mapping:
stack at sp + 0 slots: 0x0000021feda63a70 points into unknown readable memory: 0xffffffffffffffff | ff ff ff ff ff ff ff ff
stack at sp + 1 slots: 0x0 is NULL
stack at sp + 2 slots: 0x0000000000000001 is an unknown value
stack at sp + 3 slots: 0x00007ffa9cf52d94 ntdll.dll
stack at sp + 4 slots: 0x00000059e6cfe650 points into unknown readable memory: 0x0000021ff1ca0000 | 00 00 ca f1 1f 02 00 00
stack at sp + 5 slots: 0x00007ffa9cf45391 ntdll.dll
stack at sp + 6 slots: 0x0000000000000009 is an unknown value
stack at sp + 7 slots: 0x00007ffa9cf45391 ntdll.dll

VM_Operation (0x00000059e93fe730): Exit, mode: safepoint, requested by thread 0x0000021ff4f9daf0


---------------  P R O C E S S  ---------------

Threads class SMR info:
_java_thread_list=0x0000021fed978440, length=18, elements={
0x0000021fec7818f0, 0x0000021fec782c40, 0x0000021fec79cd60, 0x0000021fec79d810,
0x0000021fec79e960, 0x0000021fed138130, 0x0000021fed13b160, 0x0000021fed13c3a0,
0x0000021fed14dcf0, 0x0000021fed279950, 0x0000021fed284410, 0x0000021fed593720,
0x0000021ff4eabde0, 0x0000021ff4f9dfc0, 0x0000021ff4f9daf0, 0x0000021ff4f9cc80,
0x0000021ff552f0d0, 0x0000021f81c5fa50
}

Java Threads: ( => current thread )
  0x0000021fec7818f0 JavaThread "Reference Handler" daemon [_thread_blocked, id=1508, stack(0x00000059e6d00000,0x00000059e6e00000)]
  0x0000021fec782c40 JavaThread "Finalizer" daemon [_thread_blocked, id=22192, stack(0x00000059e6e00000,0x00000059e6f00000)]
  0x0000021fec79cd60 JavaThread "Signal Dispatcher" daemon [_thread_blocked, id=17004, stack(0x00000059e6f00000,0x00000059e7000000)]
  0x0000021fec79d810 JavaThread "Attach Listener" daemon [_thread_blocked, id=21872, stack(0x00000059e7000000,0x00000059e7100000)]
  0x0000021fec79e960 JavaThread "Service Thread" daemon [_thread_blocked, id=13648, stack(0x00000059e7100000,0x00000059e7200000)]
  0x0000021fed138130 JavaThread "Monitor Deflation Thread" daemon [_thread_blocked, id=18192, stack(0x00000059e7200000,0x00000059e7300000)]
  0x0000021fed13b160 JavaThread "C2 CompilerThread0" daemon [_thread_blocked, id=23444, stack(0x00000059e7300000,0x00000059e7400000)]
  0x0000021fed13c3a0 JavaThread "C1 CompilerThread0" daemon [_thread_blocked, id=8508, stack(0x00000059e7400000,0x00000059e7500000)]
  0x0000021fed14dcf0 JavaThread "Sweeper thread" daemon [_thread_blocked, id=10564, stack(0x00000059e7500000,0x00000059e7600000)]
  0x0000021fed279950 JavaThread "Notification Thread" daemon [_thread_blocked, id=15484, stack(0x00000059e7800000,0x00000059e7900000)]
  0x0000021fed284410 JavaThread "Common-Cleaner" daemon [_thread_blocked, id=20288, stack(0x00000059e7a00000,0x00000059e7b00000)]
  0x0000021fed593720 JavaThread "Java2D Disposer" daemon [_thread_blocked, id=16228, stack(0x00000059e7b00000,0x00000059e7c00000)]
  0x0000021ff4eabde0 JavaThread "HighResTimerThread" daemon [_thread_blocked, id=8176, stack(0x00000059e8f00000,0x00000059e9000000)]
  0x0000021ff4f9dfc0 JavaThread "DestroyJavaVM" [_thread_blocked, id=7372, stack(0x00000059e6600000,0x00000059e6700000)]
  0x0000021ff4f9daf0 JavaThread "main-FPSAWTAnimator#00-Timer0-FPSAWTAnimator#00-Timer1" [_thread_blocked, id=25368, stack(0x00000059e9300000,0x00000059e9400000)]
  0x0000021ff4f9cc80 JavaThread "Thread-7" [_thread_in_native, id=22184, stack(0x00000059e7c00000,0x00000059e7d00000)]
  0x0000021ff552f0d0 JavaThread "C1 CompilerThread1" daemon [_thread_blocked, id=18024, stack(0x00000059e7600000,0x00000059e7700000)]
  0x0000021f81c5fa50 JavaThread "AWT-Shutdown" [_thread_blocked, id=15944, stack(0x00000059e9000000,0x00000059e9100000)]

Other Threads:
=>0x0000021fec77a2a0 VMThread "VM Thread" [stack: 0x00000059e6c00000,0x00000059e6d00000] [id=25004]
  0x0000021fc71f6120 GCTaskThread "GC Thread#0" [stack: 0x00000059e6700000,0x00000059e6800000] [id=14968]
  0x0000021ff48ea610 GCTaskThread "GC Thread#1" [stack: 0x00000059e8600000,0x00000059e8700000] [id=2992]
  0x0000021ff48ea8c0 GCTaskThread "GC Thread#2" [stack: 0x00000059e8700000,0x00000059e8800000] [id=22036]
  0x0000021ff48eab70 GCTaskThread "GC Thread#3" [stack: 0x00000059e8800000,0x00000059e8900000] [id=2840]
  0x0000021ff48eae20 GCTaskThread "GC Thread#4" [stack: 0x00000059e8900000,0x00000059e8a00000] [id=14472]
  0x0000021ff48eb0d0 GCTaskThread "GC Thread#5" [stack: 0x00000059e8a00000,0x00000059e8b00000] [id=3816]
  0x0000021ff490c7b0 GCTaskThread "GC Thread#6" [stack: 0x00000059e8b00000,0x00000059e8c00000] [id=12780]
  0x0000021ff490ca60 GCTaskThread "GC Thread#7" [stack: 0x00000059e8c00000,0x00000059e8d00000] [id=12324]
  0x0000021ff4eb43f0 GCTaskThread "GC Thread#8" [stack: 0x00000059e9500000,0x00000059e9600000] [id=20048]
  0x0000021ff4eb2910 GCTaskThread "GC Thread#9" [stack: 0x00000059e9600000,0x00000059e9700000] [id=16964]
  0x0000021ff4eb3e90 GCTaskThread "GC Thread#10" [stack: 0x00000059e9700000,0x00000059e9800000] [id=16072]
  0x0000021ff4eb3120 GCTaskThread "GC Thread#11" [stack: 0x00000059e9800000,0x00000059e9900000] [id=12808]
  0x0000021ff4eb33d0 GCTaskThread "GC Thread#12" [stack: 0x00000059e9900000,0x00000059e9a00000] [id=23316]
  0x0000021fc7209370 ConcurrentGCThread "G1 Main Marker" terminated
  0x0000021fc7209d80 ConcurrentGCThread "G1 Conc#0" [stack: 0x00000059e6900000,0x00000059e6a00000] [id=8316]
  0x0000021fc725e970 ConcurrentGCThread "G1 Refine#0" terminated
  0x0000021ff5573960 ConcurrentGCThread "G1 Refine#1" terminated
  0x0000021ff55bd520 ConcurrentGCThread "G1 Refine#2" terminated
  0x0000021f80e2fda0 ConcurrentGCThread "G1 Refine#3" terminated
  0x0000021fec638910 ConcurrentGCThread "G1 Service" terminated

Threads with active compile tasks:

VM state: at safepoint (shutting down)

VM Mutex/Monitor currently owned by a thread:  ([mutex/lock_event])
[0x0000021fc7184040] Threads_lock - owner thread: 0x0000021fec77a2a0
[0x0000021fc7185090] Heap_lock - owner thread: 0x0000021ff4f9daf0

Heap address: 0x0000000704a00000, size: 4022 MB, Compressed Oops mode: Zero based, Oop shift amount: 3

CDS archive(s) mapped at: [0x0000000800000000-0x0000000800bd0000-0x0000000800bd0000), size 12386304, SharedBaseAddress: 0x0000000800000000, ArchiveRelocationMode: 0.
Compressed class space mapped at: 0x0000000800c00000-0x0000000840c00000, reserved size: 1073741824
Narrow klass base: 0x0000000800000000, Narrow klass shift: 0, Narrow klass range: 0x100000000

GC Precious Log:
 CPUs: 16 total, 16 available
 Memory: 16085M
 Large Page Support: Disabled
 NUMA Support: Disabled
 Compressed Oops: Enabled (Zero based)
 Heap Region Size: 2M
 Heap Min Capacity: 8M
 Heap Initial Capacity: 252M
 Heap Max Capacity: 4022M
 Pre-touch: Disabled
 Parallel Workers: 13
 Concurrent Workers: 3
 Concurrent Refinement Workers: 13
 Periodic GC: Disabled

Heap:
 garbage-first heap   total 258048K, used 154628K [0x0000000704a00000, 0x0000000800000000)
  region size 2048K, 39 young (79872K), 8 survivors (16384K)
 Metaspace       used 18376K, committed 18560K, reserved 1073152K
  class space    used 1443K, committed 1536K, reserved 1048576K

Heap Regions: E=young(eden), S=young(survivor), O=old, HS=humongous(starts), HC=humongous(continues), CS=collection set, F=free, OA=open archive, CA=closed archive, TAMS=top-at-mark-start (previous, next)
|   0|0x0000000704a00000, 0x0000000704c00000, 0x0000000704c00000|100%|HS|  |TAMS 0x0000000704a00000, 0x0000000704c00000| Complete 
|   1|0x0000000704c00000, 0x0000000704e00000, 0x0000000704e00000|100%|HS|  |TAMS 0x0000000704c00000, 0x0000000704c00000| Complete 
|   2|0x0000000704e00000, 0x0000000705000000, 0x0000000705000000|100%|HS|  |TAMS 0x0000000704e00000, 0x0000000705000000| Complete 
|   3|0x0000000705000000, 0x0000000705200000, 0x0000000705200000|100%|HS|  |TAMS 0x0000000705000000, 0x0000000705200000| Complete 
|   4|0x0000000705200000, 0x0000000705400000, 0x0000000705400000|100%|HS|  |TAMS 0x0000000705200000, 0x0000000705400000| Complete 
|   5|0x0000000705400000, 0x0000000705600000, 0x0000000705600000|100%|HS|  |TAMS 0x0000000705400000, 0x0000000705400000| Complete 
|   6|0x0000000705600000, 0x0000000705800000, 0x0000000705800000|100%|HS|  |TAMS 0x0000000705600000, 0x0000000705800000| Complete 
|   7|0x0000000705800000, 0x0000000705a00000, 0x0000000705a00000|100%|HS|  |TAMS 0x0000000705800000, 0x0000000705800000| Complete 
|   8|0x0000000705a00000, 0x0000000705bc4a00, 0x0000000705c00000| 88%| O|  |TAMS 0x0000000705a00000, 0x0000000705bc4a00| Untracked 
|   9|0x0000000705c00000, 0x0000000705e00000, 0x0000000705e00000|100%|HS|  |TAMS 0x0000000705c00000, 0x0000000705e00000| Complete 
|  10|0x0000000705e00000, 0x0000000706000000, 0x0000000706000000|100%|HS|  |TAMS 0x0000000705e00000, 0x0000000705e00000| Complete 
|  11|0x0000000706000000, 0x0000000706200000, 0x0000000706200000|100%|HS|  |TAMS 0x0000000706000000, 0x0000000706200000| Complete 
|  12|0x0000000706200000, 0x0000000706400000, 0x0000000706400000|100%|HS|  |TAMS 0x0000000706200000, 0x0000000706200000| Complete 
|  13|0x0000000706400000, 0x0000000706600000, 0x0000000706600000|100%|HS|  |TAMS 0x0000000706400000, 0x0000000706600000| Complete 
|  14|0x0000000706600000, 0x0000000706800000, 0x0000000706800000|100%|HS|  |TAMS 0x0000000706600000, 0x0000000706600000| Complete 
|  15|0x0000000706800000, 0x0000000706a00000, 0x0000000706a00000|100%|HS|  |TAMS 0x0000000706800000, 0x0000000706a00000| Complete 
|  16|0x0000000706a00000, 0x0000000706c00000, 0x0000000706c00000|100%|HS|  |TAMS 0x0000000706a00000, 0x0000000706a00000| Complete 
|  17|0x0000000706c00000, 0x0000000706e00000, 0x0000000706e00000|100%|HS|  |TAMS 0x0000000706c00000, 0x0000000706e00000| Complete 
|  18|0x0000000706e00000, 0x0000000707000000, 0x0000000707000000|100%|HS|  |TAMS 0x0000000706e00000, 0x0000000706e00000| Complete 
|  19|0x0000000707000000, 0x0000000707200000, 0x0000000707200000|100%|HS|  |TAMS 0x0000000707000000, 0x0000000707200000| Complete 
|  20|0x0000000707200000, 0x0000000707400000, 0x0000000707400000|100%|HS|  |TAMS 0x0000000707200000, 0x0000000707200000| Complete 
|  21|0x0000000707400000, 0x0000000707600000, 0x0000000707600000|100%|HS|  |TAMS 0x0000000707400000, 0x0000000707600000| Complete 
|  22|0x0000000707600000, 0x0000000707800000, 0x0000000707800000|100%|HS|  |TAMS 0x0000000707600000, 0x0000000707600000| Complete 
|  23|0x0000000707800000, 0x0000000707a00000, 0x0000000707a00000|100%|HS|  |TAMS 0x0000000707800000, 0x0000000707800000| Complete 
|  24|0x0000000707a00000, 0x0000000707c00000, 0x0000000707c00000|100%|HS|  |TAMS 0x0000000707a00000, 0x0000000707c00000| Complete 
|  25|0x0000000707c00000, 0x0000000707e00000, 0x0000000707e00000|100%|HS|  |TAMS 0x0000000707c00000, 0x0000000707c00000| Complete 
|  26|0x0000000707e00000, 0x0000000708000000, 0x0000000708000000|100%|HS|  |TAMS 0x0000000707e00000, 0x0000000707e00000| Complete 
|  27|0x0000000708000000, 0x0000000708200000, 0x0000000708200000|100%|HS|  |TAMS 0x0000000708000000, 0x0000000708000000| Complete 
|  28|0x0000000708200000, 0x0000000708400000, 0x0000000708400000|100%|HS|  |TAMS 0x0000000708200000, 0x0000000708200000| Complete 
|  29|0x0000000708400000, 0x0000000708600000, 0x0000000708600000|100%|HS|  |TAMS 0x0000000708400000, 0x0000000708400000| Complete 
|  30|0x0000000708600000, 0x0000000708600000, 0x0000000708800000|  0%| F|  |TAMS 0x0000000708600000, 0x0000000708600000| Untracked 
|  31|0x0000000708800000, 0x0000000708a00000, 0x0000000708a00000|100%|HS|  |TAMS 0x0000000708800000, 0x0000000708a00000| Complete 
|  32|0x0000000708a00000, 0x0000000708c00000, 0x0000000708c00000|100%|HC|  |TAMS 0x0000000708a00000, 0x0000000708c00000| Complete 
|  33|0x0000000708c00000, 0x0000000708e00000, 0x0000000708e00000|100%|HC|  |TAMS 0x0000000708c00000, 0x0000000708e00000| Complete 
|  34|0x0000000708e00000, 0x0000000709000000, 0x0000000709000000|100%|HS|  |TAMS 0x0000000708e00000, 0x0000000709000000| Complete 
|  35|0x0000000709000000, 0x0000000709200000, 0x0000000709200000|100%|HC|  |TAMS 0x0000000709000000, 0x0000000709200000| Complete 
|  36|0x0000000709200000, 0x0000000709400000, 0x0000000709400000|100%|HC|  |TAMS 0x0000000709200000, 0x0000000709400000| Complete 
|  37|0x0000000709400000, 0x0000000709600000, 0x0000000709600000|100%|HS|  |TAMS 0x0000000709400000, 0x0000000709600000| Complete 
|  38|0x0000000709600000, 0x0000000709800000, 0x0000000709800000|100%|HC|  |TAMS 0x0000000709600000, 0x0000000709800000| Complete 
|  39|0x0000000709800000, 0x0000000709a00000, 0x0000000709a00000|100%|HC|  |TAMS 0x0000000709800000, 0x0000000709a00000| Complete 
|  40|0x0000000709a00000, 0x0000000709a00000, 0x0000000709c00000|  0%| F|  |TAMS 0x0000000709a00000, 0x0000000709a00000| Untracked 
|  41|0x0000000709c00000, 0x0000000709c00000, 0x0000000709e00000|  0%| F|  |TAMS 0x0000000709c00000, 0x0000000709c00000| Untracked 
|  42|0x0000000709e00000, 0x0000000709e00000, 0x000000070a000000|  0%| F|  |TAMS 0x0000000709e00000, 0x0000000709e00000| Untracked 
|  43|0x000000070a000000, 0x000000070a000000, 0x000000070a200000|  0%| F|  |TAMS 0x000000070a000000, 0x000000070a000000| Untracked 
|  44|0x000000070a200000, 0x000000070a200000, 0x000000070a400000|  0%| F|  |TAMS 0x000000070a200000, 0x000000070a200000| Untracked 
|  45|0x000000070a400000, 0x000000070a400000, 0x000000070a600000|  0%| F|  |TAMS 0x000000070a400000, 0x000000070a400000| Untracked 
|  46|0x000000070a600000, 0x000000070a600000, 0x000000070a800000|  0%| F|  |TAMS 0x000000070a600000, 0x000000070a600000| Untracked 
|  47|0x000000070a800000, 0x000000070a800000, 0x000000070aa00000|  0%| F|  |TAMS 0x000000070a800000, 0x000000070a800000| Untracked 
|  48|0x000000070aa00000, 0x000000070aa00000, 0x000000070ac00000|  0%| F|  |TAMS 0x000000070aa00000, 0x000000070aa00000| Untracked 
|  49|0x000000070ac00000, 0x000000070ac00000, 0x000000070ae00000|  0%| F|  |TAMS 0x000000070ac00000, 0x000000070ac00000| Untracked 
|  50|0x000000070ae00000, 0x000000070ae00000, 0x000000070b000000|  0%| F|  |TAMS 0x000000070ae00000, 0x000000070ae00000| Untracked 
|  51|0x000000070b000000, 0x000000070b000000, 0x000000070b200000|  0%| F|  |TAMS 0x000000070b000000, 0x000000070b000000| Untracked 
|  52|0x000000070b200000, 0x000000070b200000, 0x000000070b400000|  0%| F|  |TAMS 0x000000070b200000, 0x000000070b200000| Untracked 
|  53|0x000000070b400000, 0x000000070b400000, 0x000000070b600000|  0%| F|  |TAMS 0x000000070b400000, 0x000000070b400000| Untracked 
|  54|0x000000070b600000, 0x000000070b600000, 0x000000070b800000|  0%| F|  |TAMS 0x000000070b600000, 0x000000070b600000| Untracked 
|  55|0x000000070b800000, 0x000000070b800000, 0x000000070ba00000|  0%| F|  |TAMS 0x000000070b800000, 0x000000070b800000| Untracked 
|  56|0x000000070ba00000, 0x000000070ba00000, 0x000000070bc00000|  0%| F|  |TAMS 0x000000070ba00000, 0x000000070ba00000| Untracked 
|  57|0x000000070bc00000, 0x000000070bc00000, 0x000000070be00000|  0%| F|  |TAMS 0x000000070bc00000, 0x000000070bc00000| Untracked 
|  58|0x000000070be00000, 0x000000070be00000, 0x000000070c000000|  0%| F|  |TAMS 0x000000070be00000, 0x000000070be00000| Untracked 
|  59|0x000000070c000000, 0x000000070c000000, 0x000000070c200000|  0%| F|  |TAMS 0x000000070c000000, 0x000000070c000000| Untracked 
|  60|0x000000070c200000, 0x000000070c200000, 0x000000070c400000|  0%| F|  |TAMS 0x000000070c200000, 0x000000070c200000| Untracked 
|  61|0x000000070c400000, 0x000000070c400000, 0x000000070c600000|  0%| F|  |TAMS 0x000000070c400000, 0x000000070c400000| Untracked 
|  62|0x000000070c600000, 0x000000070c600000, 0x000000070c800000|  0%| F|  |TAMS 0x000000070c600000, 0x000000070c600000| Untracked 
|  63|0x000000070c800000, 0x000000070c800000, 0x000000070ca00000|  0%| F|  |TAMS 0x000000070c800000, 0x000000070c800000| Untracked 
|  64|0x000000070ca00000, 0x000000070ca00000, 0x000000070cc00000|  0%| F|  |TAMS 0x000000070ca00000, 0x000000070ca00000| Untracked 
|  65|0x000000070cc00000, 0x000000070cc00000, 0x000000070ce00000|  0%| F|  |TAMS 0x000000070cc00000, 0x000000070cc00000| Untracked 
|  66|0x000000070ce00000, 0x000000070ce00000, 0x000000070d000000|  0%| F|  |TAMS 0x000000070ce00000, 0x000000070ce00000| Untracked 
|  67|0x000000070d000000, 0x000000070d000000, 0x000000070d200000|  0%| F|  |TAMS 0x000000070d000000, 0x000000070d000000| Untracked 
|  68|0x000000070d200000, 0x000000070d200000, 0x000000070d400000|  0%| F|  |TAMS 0x000000070d200000, 0x000000070d200000| Untracked 
|  69|0x000000070d400000, 0x000000070d400000, 0x000000070d600000|  0%| F|  |TAMS 0x000000070d400000, 0x000000070d400000| Untracked 
|  70|0x000000070d600000, 0x000000070d600000, 0x000000070d800000|  0%| F|  |TAMS 0x000000070d600000, 0x000000070d600000| Untracked 
|  71|0x000000070d800000, 0x000000070d800000, 0x000000070da00000|  0%| F|  |TAMS 0x000000070d800000, 0x000000070d800000| Untracked 
|  72|0x000000070da00000, 0x000000070da00000, 0x000000070dc00000|  0%| F|  |TAMS 0x000000070da00000, 0x000000070da00000| Untracked 
|  73|0x000000070dc00000, 0x000000070dc00000, 0x000000070de00000|  0%| F|  |TAMS 0x000000070dc00000, 0x000000070dc00000| Untracked 
|  74|0x000000070de00000, 0x000000070de00000, 0x000000070e000000|  0%| F|  |TAMS 0x000000070de00000, 0x000000070de00000| Untracked 
|  75|0x000000070e000000, 0x000000070e000000, 0x000000070e200000|  0%| F|  |TAMS 0x000000070e000000, 0x000000070e000000| Untracked 
|  76|0x000000070e200000, 0x000000070e200000, 0x000000070e400000|  0%| F|  |TAMS 0x000000070e200000, 0x000000070e200000| Untracked 
|  77|0x000000070e400000, 0x000000070e400000, 0x000000070e600000|  0%| F|  |TAMS 0x000000070e400000, 0x000000070e400000| Untracked 
|  78|0x000000070e600000, 0x000000070e600000, 0x000000070e800000|  0%| F|  |TAMS 0x000000070e600000, 0x000000070e600000| Untracked 
|  79|0x000000070e800000, 0x000000070e93c620, 0x000000070ea00000| 61%| S|CS|TAMS 0x000000070e800000, 0x000000070e800000| Complete 
|  80|0x000000070ea00000, 0x000000070ec00000, 0x000000070ec00000|100%| S|CS|TAMS 0x000000070ea00000, 0x000000070ea00000| Complete 
|  81|0x000000070ec00000, 0x000000070ee00000, 0x000000070ee00000|100%| S|CS|TAMS 0x000000070ec00000, 0x000000070ec00000| Complete 
|  82|0x000000070ee00000, 0x000000070f000000, 0x000000070f000000|100%| S|CS|TAMS 0x000000070ee00000, 0x000000070ee00000| Complete 
|  83|0x000000070f000000, 0x000000070f200000, 0x000000070f200000|100%| S|CS|TAMS 0x000000070f000000, 0x000000070f000000| Complete 
|  84|0x000000070f200000, 0x000000070f400000, 0x000000070f400000|100%| S|CS|TAMS 0x000000070f200000, 0x000000070f200000| Complete 
|  85|0x000000070f400000, 0x000000070f600000, 0x000000070f600000|100%| S|CS|TAMS 0x000000070f400000, 0x000000070f400000| Complete 
|  86|0x000000070f600000, 0x000000070f800000, 0x000000070f800000|100%| S|CS|TAMS 0x000000070f600000, 0x000000070f600000| Complete 
|  87|0x000000070f800000, 0x000000070f800000, 0x000000070fa00000|  0%| F|  |TAMS 0x000000070f800000, 0x000000070f800000| Untracked 
|  88|0x000000070fa00000, 0x000000070fa00000, 0x000000070fc00000|  0%| F|  |TAMS 0x000000070fa00000, 0x000000070fa00000| Untracked 
|  89|0x000000070fc00000, 0x000000070fc00000, 0x000000070fe00000|  0%| F|  |TAMS 0x000000070fc00000, 0x000000070fc00000| Untracked 
|  90|0x000000070fe00000, 0x000000070fe00000, 0x0000000710000000|  0%| F|  |TAMS 0x000000070fe00000, 0x000000070fe00000| Untracked 
|  91|0x0000000710000000, 0x0000000710000000, 0x0000000710200000|  0%| F|  |TAMS 0x0000000710000000, 0x0000000710000000| Untracked 
|  92|0x0000000710200000, 0x0000000710200000, 0x0000000710400000|  0%| F|  |TAMS 0x0000000710200000, 0x0000000710200000| Untracked 
|  93|0x0000000710400000, 0x0000000710400000, 0x0000000710600000|  0%| F|  |TAMS 0x0000000710400000, 0x0000000710400000| Untracked 
|  94|0x0000000710600000, 0x0000000710600000, 0x0000000710800000|  0%| F|  |TAMS 0x0000000710600000, 0x0000000710600000| Untracked 
|  95|0x0000000710800000, 0x0000000710a00000, 0x0000000710a00000|100%| E|  |TAMS 0x0000000710800000, 0x0000000710800000| Complete 
|  96|0x0000000710a00000, 0x0000000710c00000, 0x0000000710c00000|100%| E|CS|TAMS 0x0000000710a00000, 0x0000000710a00000| Complete 
|  97|0x0000000710c00000, 0x0000000710e00000, 0x0000000710e00000|100%| E|  |TAMS 0x0000000710c00000, 0x0000000710c00000| Complete 
|  98|0x0000000710e00000, 0x0000000711000000, 0x0000000711000000|100%| E|CS|TAMS 0x0000000710e00000, 0x0000000710e00000| Complete 
|  99|0x0000000711000000, 0x0000000711200000, 0x0000000711200000|100%| E|CS|TAMS 0x0000000711000000, 0x0000000711000000| Complete 
| 100|0x0000000711200000, 0x0000000711400000, 0x0000000711400000|100%| E|CS|TAMS 0x0000000711200000, 0x0000000711200000| Complete 
| 101|0x0000000711400000, 0x0000000711600000, 0x0000000711600000|100%| E|CS|TAMS 0x0000000711400000, 0x0000000711400000| Complete 
| 102|0x0000000711600000, 0x0000000711800000, 0x0000000711800000|100%| E|CS|TAMS 0x0000000711600000, 0x0000000711600000| Complete 
| 103|0x0000000711800000, 0x0000000711a00000, 0x0000000711a00000|100%| E|CS|TAMS 0x0000000711800000, 0x0000000711800000| Complete 
| 104|0x0000000711a00000, 0x0000000711c00000, 0x0000000711c00000|100%| E|CS|TAMS 0x0000000711a00000, 0x0000000711a00000| Complete 
| 105|0x0000000711c00000, 0x0000000711e00000, 0x0000000711e00000|100%| E|CS|TAMS 0x0000000711c00000, 0x0000000711c00000| Complete 
| 106|0x0000000711e00000, 0x0000000712000000, 0x0000000712000000|100%| E|CS|TAMS 0x0000000711e00000, 0x0000000711e00000| Complete 
| 107|0x0000000712000000, 0x0000000712200000, 0x0000000712200000|100%| E|CS|TAMS 0x0000000712000000, 0x0000000712000000| Complete 
| 108|0x0000000712200000, 0x0000000712400000, 0x0000000712400000|100%| E|CS|TAMS 0x0000000712200000, 0x0000000712200000| Complete 
| 109|0x0000000712400000, 0x0000000712600000, 0x0000000712600000|100%| E|CS|TAMS 0x0000000712400000, 0x0000000712400000| Complete 
| 110|0x0000000712600000, 0x0000000712800000, 0x0000000712800000|100%| E|CS|TAMS 0x0000000712600000, 0x0000000712600000| Complete 
| 111|0x0000000712800000, 0x0000000712a00000, 0x0000000712a00000|100%| E|CS|TAMS 0x0000000712800000, 0x0000000712800000| Complete 
| 112|0x0000000712a00000, 0x0000000712c00000, 0x0000000712c00000|100%| E|CS|TAMS 0x0000000712a00000, 0x0000000712a00000| Complete 
| 113|0x0000000712c00000, 0x0000000712e00000, 0x0000000712e00000|100%| E|CS|TAMS 0x0000000712c00000, 0x0000000712c00000| Complete 
| 114|0x0000000712e00000, 0x0000000713000000, 0x0000000713000000|100%| E|CS|TAMS 0x0000000712e00000, 0x0000000712e00000| Complete 
| 115|0x0000000713000000, 0x0000000713200000, 0x0000000713200000|100%| E|CS|TAMS 0x0000000713000000, 0x0000000713000000| Complete 
| 116|0x0000000713200000, 0x0000000713400000, 0x0000000713400000|100%| E|CS|TAMS 0x0000000713200000, 0x0000000713200000| Complete 
| 117|0x0000000713400000, 0x0000000713600000, 0x0000000713600000|100%| E|CS|TAMS 0x0000000713400000, 0x0000000713400000| Complete 
| 118|0x0000000713600000, 0x0000000713800000, 0x0000000713800000|100%| E|CS|TAMS 0x0000000713600000, 0x0000000713600000| Complete 
| 119|0x0000000713800000, 0x0000000713a00000, 0x0000000713a00000|100%| E|CS|TAMS 0x0000000713800000, 0x0000000713800000| Complete 
| 120|0x0000000713a00000, 0x0000000713c00000, 0x0000000713c00000|100%| E|CS|TAMS 0x0000000713a00000, 0x0000000713a00000| Complete 
| 121|0x0000000713c00000, 0x0000000713e00000, 0x0000000713e00000|100%| E|CS|TAMS 0x0000000713c00000, 0x0000000713c00000| Complete 
| 122|0x0000000713e00000, 0x0000000714000000, 0x0000000714000000|100%| E|CS|TAMS 0x0000000713e00000, 0x0000000713e00000| Complete 
| 123|0x0000000714000000, 0x0000000714200000, 0x0000000714200000|100%| E|CS|TAMS 0x0000000714000000, 0x0000000714000000| Complete 
| 124|0x0000000714200000, 0x0000000714400000, 0x0000000714400000|100%| E|CS|TAMS 0x0000000714200000, 0x0000000714200000| Complete 
| 125|0x0000000714400000, 0x0000000714600000, 0x0000000714600000|100%| E|CS|TAMS 0x0000000714400000, 0x0000000714400000| Complete 

Card table byte_map: [0x0000021fe0980000,0x0000021fe1160000] _byte_map_base: 0x0000021fdd15b000

Marking Bits (Prev, Next): (CMBitMap*) 0x0000021fc71f6730, (CMBitMap*) 0x0000021fc71f6770
 Prev Bits: [0x0000021fe1940000, 0x0000021fe5818000)
 Next Bits: [0x0000021fe5820000, 0x0000021fe96f8000)

Polling page: 0x0000021fd01c0000

Metaspace:

Usage:
  Non-class:     16.54 MB used.
      Class:      1.41 MB used.
       Both:     17.95 MB used.

Virtual space:
  Non-class space:       24.00 MB reserved,      16.62 MB ( 69%) committed,  3 nodes.
      Class space:        1.00 GB reserved,       1.50 MB ( <1%) committed,  1 nodes.
             Both:        1.02 GB reserved,      18.12 MB (  2%) committed. 

Chunk freelists:
   Non-Class:  2.58 MB
       Class:  2.50 MB
        Both:  5.08 MB

MaxMetaspaceSize: unlimited
CompressedClassSpaceSize: 1.00 GB
Initial GC threshold: 21.00 MB
Current GC threshold: 21.00 MB
CDS: on
MetaspaceReclaimPolicy: balanced
 - commit_granule_bytes: 65536.
 - commit_granule_words: 8192.
 - virtual_space_node_default_size: 1048576.
 - enlarge_chunks_in_place: 1.
 - new_chunks_are_fully_committed: 0.
 - uncommit_free_chunks: 1.
 - use_allocation_guard: 0.
 - handle_deallocations: 1.


Internal statistics:

num_allocs_failed_limit: 0.
num_arena_births: 172.
num_arena_deaths: 0.
num_vsnodes_births: 4.
num_vsnodes_deaths: 0.
num_space_committed: 286.
num_space_uncommitted: 0.
num_chunks_returned_to_freelist: 0.
num_chunks_taken_from_freelist: 527.
num_chunk_merges: 0.
num_chunk_splits: 385.
num_chunks_enlarged: 297.
num_purges: 0.
num_inconsistent_stats: 0.

CodeHeap 'non-profiled nmethods': size=119168Kb used=1196Kb max_used=1196Kb free=117971Kb
 bounds [0x0000021fd7d80000, 0x0000021fd7ff0000, 0x0000021fdf1e0000]
CodeHeap 'profiled nmethods': size=119104Kb used=5494Kb max_used=5494Kb free=113609Kb
 bounds [0x0000021fd01e0000, 0x0000021fd0740000, 0x0000021fd7630000]
CodeHeap 'non-nmethods': size=7488Kb used=2202Kb max_used=3368Kb free=5285Kb
 bounds [0x0000021fd7630000, 0x0000021fd7980000, 0x0000021fd7d80000]
 total_blobs=3810 nmethods=2756 adapters=965
 compilation: enabled
              stopped_count=0, restarted_count=0
 full_count=0

Compilation events (20 events):
Event: 12.519 Thread 0x0000021ff552f0d0 2749       3       processing.opengl.PGraphicsOpenGL$InGeometry::expandStrokeWeights (24 bytes)
Event: 12.519 Thread 0x0000021fed13c3a0 nmethod 2748 0x0000021fd0737c10 code [0x0000021fd0737dc0, 0x0000021fd0738028]
Event: 12.519 Thread 0x0000021fed13c3a0 2750       3       processing.opengl.PGraphicsOpenGL$InGeometry::expandAmbient (24 bytes)
Event: 12.519 Thread 0x0000021ff552f0d0 nmethod 2749 0x0000021fd0738110 code [0x0000021fd07382c0, 0x0000021fd0738528]
Event: 12.519 Thread 0x0000021fed13c3a0 nmethod 2750 0x0000021fd0738610 code [0x0000021fd07387c0, 0x0000021fd0738a28]
Event: 12.519 Thread 0x0000021ff552f0d0 2751       3       processing.opengl.PGraphicsOpenGL$InGeometry::expandSpecular (24 bytes)
Event: 12.519 Thread 0x0000021fed13c3a0 2752       3       processing.opengl.PGraphicsOpenGL$InGeometry::expandEmissive (24 bytes)
Event: 12.519 Thread 0x0000021ff552f0d0 nmethod 2751 0x0000021fd0738b10 code [0x0000021fd0738cc0, 0x0000021fd0738f28]
Event: 12.520 Thread 0x0000021ff552f0d0 2753       3       processing.opengl.PGraphicsOpenGL$InGeometry::expandShininess (24 bytes)
Event: 12.520 Thread 0x0000021fed13c3a0 nmethod 2752 0x0000021fd0739010 code [0x0000021fd07391c0, 0x0000021fd0739428]
Event: 12.520 Thread 0x0000021fed13c3a0 2754       3       processing.opengl.PGraphicsOpenGL$InGeometry::expandAttribs (109 bytes)
Event: 12.520 Thread 0x0000021ff552f0d0 nmethod 2753 0x0000021fd0739510 code [0x0000021fd07396c0, 0x0000021fd0739928]
Event: 12.520 Thread 0x0000021fed13c3a0 nmethod 2754 0x0000021fd0739a10 code [0x0000021fd0739ca0, 0x0000021fd073ab08]
Event: 12.560 Thread 0x0000021fed13b160 nmethod 2742 0x0000021fd7ea4d90 code [0x0000021fd7ea5040, 0x0000021fd7ea8a50]
Event: 12.560 Thread 0x0000021fed13b160 2746       4       processing.opengl.PJOGL::bindBuffer (12 bytes)
Event: 12.562 Thread 0x0000021fed13b160 nmethod 2746 0x0000021fd7eaa910 code [0x0000021fd7eaaaa0, 0x0000021fd7eaad08]
Event: 12.690 Thread 0x0000021fed13c3a0 2755       1       processing.event.Event::getAction (5 bytes)
Event: 12.690 Thread 0x0000021ff552f0d0 2756   !   3       processing.core.PApplet$RegisteredMethods::handle (169 bytes)
Event: 12.690 Thread 0x0000021fed13c3a0 nmethod 2755 0x0000021fd7eab010 code [0x0000021fd7eab1a0, 0x0000021fd7eab278]
Event: 12.691 Thread 0x0000021ff552f0d0 nmethod 2756 0x0000021fd073af90 code [0x0000021fd073b320, 0x0000021fd073cfd8]

GC Heap History (6 events):
Event: 0.802 GC heap before
{Heap before GC invocations=0 (full 0):
 garbage-first heap   total 258048K, used 20480K [0x0000000704a00000, 0x0000000800000000)
  region size 2048K, 11 young (22528K), 0 survivors (0K)
 Metaspace       used 10519K, committed 10688K, reserved 1064960K
  class space    used 735K, committed 832K, reserved 1048576K
}
Event: 0.811 GC heap after
{Heap after GC invocations=1 (full 0):
 garbage-first heap   total 258048K, used 2634K [0x0000000704a00000, 0x0000000800000000)
  region size 2048K, 2 young (4096K), 2 survivors (4096K)
 Metaspace       used 10519K, committed 10688K, reserved 1064960K
  class space    used 735K, committed 832K, reserved 1048576K
}
Event: 2.581 GC heap before
{Heap before GC invocations=1 (full 0):
 garbage-first heap   total 258048K, used 53834K [0x0000000704a00000, 0x0000000800000000)
  region size 2048K, 20 young (40960K), 2 survivors (4096K)
 Metaspace       used 14329K, committed 14528K, reserved 1064960K
  class space    used 1113K, committed 1216K, reserved 1048576K
}
Event: 2.585 GC heap after
{Heap after GC invocations=2 (full 0):
 garbage-first heap   total 258048K, used 16146K [0x0000000704a00000, 0x0000000800000000)
  region size 2048K, 3 young (6144K), 3 survivors (6144K)
 Metaspace       used 14329K, committed 14528K, reserved 1064960K
  class space    used 1113K, committed 1216K, reserved 1048576K
}
Event: 10.532 GC heap before
{Heap before GC invocations=2 (full 0):
 garbage-first heap   total 258048K, used 190226K [0x0000000704a00000, 0x0000000800000000)
  region size 2048K, 39 young (79872K), 3 survivors (6144K)
 Metaspace       used 18270K, committed 18496K, reserved 1073152K
  class space    used 1439K, committed 1536K, reserved 1048576K
}
Event: 10.545 GC heap after
{Heap after GC invocations=3 (full 0):
 garbage-first heap   total 258048K, used 62468K [0x0000000704a00000, 0x0000000800000000)
  region size 2048K, 8 young (16384K), 8 survivors (16384K)
 Metaspace       used 18270K, committed 18496K, reserved 1073152K
  class space    used 1439K, committed 1536K, reserved 1048576K
}

Deoptimization events (20 events):
Event: 12.269 Thread 0x0000021ff4f9daf0 DEOPT PACKING pc=0x0000021fd06fad2c sp=0x00000059e93fe4d0
Event: 12.269 Thread 0x0000021ff4f9daf0 DEOPT UNPACKING pc=0x0000021fd76866e3 sp=0x00000059e93fd970 mode 0
Event: 12.273 Thread 0x0000021ff4f9daf0 DEOPT PACKING pc=0x0000021fd06fad2c sp=0x00000059e93fe4d0
Event: 12.273 Thread 0x0000021ff4f9daf0 DEOPT UNPACKING pc=0x0000021fd76866e3 sp=0x00000059e93fd970 mode 0
Event: 12.287 Thread 0x0000021ff4f9daf0 DEOPT PACKING pc=0x0000021fd06ed613 sp=0x00000059e93fe390
Event: 12.287 Thread 0x0000021ff4f9daf0 DEOPT UNPACKING pc=0x0000021fd76866e3 sp=0x00000059e93fd838 mode 0
Event: 12.294 Thread 0x0000021ff4f9daf0 DEOPT PACKING pc=0x0000021fd06ed613 sp=0x00000059e93fe390
Event: 12.294 Thread 0x0000021ff4f9daf0 DEOPT UNPACKING pc=0x0000021fd76866e3 sp=0x00000059e93fd838 mode 0
Event: 12.504 Thread 0x0000021ff4f9daf0 DEOPT PACKING pc=0x0000021fd0713973 sp=0x00000059e93fe3d0
Event: 12.504 Thread 0x0000021ff4f9daf0 DEOPT UNPACKING pc=0x0000021fd76866e3 sp=0x00000059e93fd8e0 mode 0
Event: 12.509 Thread 0x0000021ff4f9daf0 DEOPT PACKING pc=0x0000021fd0713973 sp=0x00000059e93fe3d0
Event: 12.509 Thread 0x0000021ff4f9daf0 DEOPT UNPACKING pc=0x0000021fd76866e3 sp=0x00000059e93fd8e0 mode 0
Event: 12.514 Thread 0x0000021ff4f9daf0 DEOPT PACKING pc=0x0000021fd0713973 sp=0x00000059e93fe3d0
Event: 12.514 Thread 0x0000021ff4f9daf0 DEOPT UNPACKING pc=0x0000021fd76866e3 sp=0x00000059e93fd8e0 mode 0
Event: 12.519 Thread 0x0000021ff4f9daf0 DEOPT PACKING pc=0x0000021fd0713973 sp=0x00000059e93fe3d0
Event: 12.519 Thread 0x0000021ff4f9daf0 DEOPT UNPACKING pc=0x0000021fd76866e3 sp=0x00000059e93fd8e0 mode 0
Event: 12.714 Thread 0x0000021fed9e5420 Uncommon trap: trap_request=0xffffff45 fr.pc=0x0000021fd7e8a580 relative=0x0000000000000200
Event: 12.714 Thread 0x0000021fed9e5420 Uncommon trap: reason=unstable_if action=reinterpret pc=0x0000021fd7e8a580 method=java.util.HashMap$HashIterator.<init>(Ljava/util/HashMap;)V @ 38 c2
Event: 12.714 Thread 0x0000021fed9e5420 DEOPT PACKING pc=0x0000021fd7e8a580 sp=0x00000059e7fff110
Event: 12.714 Thread 0x0000021fed9e5420 DEOPT UNPACKING pc=0x0000021fd7685ba3 sp=0x00000059e7fff0b8 mode 2

Classes unloaded (0 events):
No events

Classes redefined (0 events):
No events

Internal exceptions (20 events):
Event: 1.227 Thread 0x0000021ff4f9d620 Exception <a 'java/lang/NoSuchMethodError'{0x00000007136ba0b8}: 'void java.lang.invoke.DirectMethodHandle$Holder.invokeSpecial(java.lang.Object, java.lang.Object, int, int)'> (0x00000007136ba0b8) 
thrown [s\open\src\hotspot\share\interpreter\linkResolver.cpp, line 759]
Event: 1.228 Thread 0x0000021ff4f9d620 Exception <a 'java/lang/NoSuchMethodError'{0x00000007136e54d8}: 'java.lang.Object java.lang.invoke.DirectMethodHandle$Holder.newInvokeSpecial(java.lang.Object, java.lang.Object, int, int)'> (0x00000007136e54d8) 
thrown [s\open\src\hotspot\share\interpreter\linkResolver.cpp, line 759]
Event: 1.237 Thread 0x0000021ff4f9d620 Exception <a 'java/io/IOException'{0x0000000713741360}> (0x0000000713741360) 
thrown [s\open\src\hotspot\share\prims\jni.cpp, line 516]
Event: 1.237 Thread 0x0000021ff4f9d620 Exception <a 'java/io/IOException'{0x00000007137416f8}> (0x00000007137416f8) 
thrown [s\open\src\hotspot\share\prims\jni.cpp, line 516]
Event: 1.270 Thread 0x0000021ff4f9d620 Exception <a 'java/io/IOException'{0x0000000713536050}> (0x0000000713536050) 
thrown [s\open\src\hotspot\share\prims\jni.cpp, line 516]
Event: 1.270 Thread 0x0000021ff4f9d620 Exception <a 'java/io/IOException'{0x0000000713536360}> (0x0000000713536360) 
thrown [s\open\src\hotspot\share\prims\jni.cpp, line 516]
Event: 1.282 Thread 0x0000021ff4f9d620 Exception <a 'java/io/IOException'{0x000000071354eca8}> (0x000000071354eca8) 
thrown [s\open\src\hotspot\share\prims\jni.cpp, line 516]
Event: 1.282 Thread 0x0000021ff4f9d620 Exception <a 'java/io/IOException'{0x000000071354f558}> (0x000000071354f558) 
thrown [s\open\src\hotspot\share\prims\jni.cpp, line 516]
Event: 2.288 Thread 0x0000021ff4f9d620 Exception <a 'java/io/IOException'{0x0000000713558998}> (0x0000000713558998) 
thrown [s\open\src\hotspot\share\prims\jni.cpp, line 516]
Event: 2.288 Thread 0x0000021ff4f9d620 Exception <a 'java/io/IOException'{0x0000000713558f50}> (0x0000000713558f50) 
thrown [s\open\src\hotspot\share\prims\jni.cpp, line 516]
Event: 2.289 Thread 0x0000021ff4f9cc80 Exception <a 'java/io/IOException'{0x0000000713200e68}> (0x0000000713200e68) 
thrown [s\open\src\hotspot\share\prims\jni.cpp, line 516]
Event: 2.289 Thread 0x0000021ff4f9cc80 Exception <a 'java/io/IOException'{0x0000000713201178}> (0x0000000713201178) 
thrown [s\open\src\hotspot\share\prims\jni.cpp, line 516]
Event: 2.293 Thread 0x0000021ff4f9d620 Exception <a 'java/io/IOException'{0x000000071355deb8}> (0x000000071355deb8) 
thrown [s\open\src\hotspot\share\prims\jni.cpp, line 516]
Event: 2.293 Thread 0x0000021ff4f9d620 Exception <a 'java/io/IOException'{0x000000071355e1c8}> (0x000000071355e1c8) 
thrown [s\open\src\hotspot\share\prims\jni.cpp, line 516]
Event: 2.319 Thread 0x0000021ff4f9d620 Exception <a 'java/io/IOException'{0x00000007130241e0}> (0x00000007130241e0) 
thrown [s\open\src\hotspot\share\prims\jni.cpp, line 516]
Event: 2.319 Thread 0x0000021ff4f9d620 Exception <a 'java/io/IOException'{0x00000007130244f0}> (0x00000007130244f0) 
thrown [s\open\src\hotspot\share\prims\jni.cpp, line 516]
Event: 2.330 Thread 0x0000021ff4f9d150 Exception <a 'java/lang/NoSuchMethodError'{0x00000007130df020}: 'java.lang.Object java.lang.invoke.DirectMethodHandle$Holder.newInvokeSpecial(java.lang.Object, java.lang.Object, java.lang.Object, int, int, int, int, int)'> (0x00000007130df020) 
thrown [s\open\src\hotspot\share\interpreter\linkResolver.cpp, line 759]
Event: 3.328 Thread 0x0000021ff4f9d620 Implicit null exception at 0x0000021fd7e47503 to 0x0000021fd7e47580
Event: 3.328 Thread 0x0000021ff4f9d620 Implicit null exception at 0x0000021fd7e47974 to 0x0000021fd7e479e8
Event: 12.691 Thread 0x0000021ff4f621f0 Exception <a 'java/lang/InterruptedException'{0x0000000710dfbc98}> (0x0000000710dfbc98) 
thrown [s\open\src\hotspot\share\runtime\objectMonitor.cpp, line 1661]

VM Operations (20 events):
Event: 3.120 Executing VM operation: HandshakeAllThreads done
Event: 3.315 Executing VM operation: HandshakeAllThreads
Event: 3.315 Executing VM operation: HandshakeAllThreads done
Event: 3.315 Executing VM operation: HandshakeAllThreads
Event: 3.315 Executing VM operation: HandshakeAllThreads done
Event: 3.993 Executing VM operation: ICBufferFull
Event: 3.993 Executing VM operation: ICBufferFull done
Event: 4.993 Executing VM operation: Cleanup
Event: 4.994 Executing VM operation: Cleanup done
Event: 5.994 Executing VM operation: Cleanup
Event: 5.994 Executing VM operation: Cleanup done
Event: 8.995 Executing VM operation: Cleanup
Event: 8.996 Executing VM operation: Cleanup done
Event: 9.996 Executing VM operation: Cleanup
Event: 9.996 Executing VM operation: Cleanup done
Event: 10.531 Executing VM operation: G1TryInitiateConcMark
Event: 10.545 Executing VM operation: G1TryInitiateConcMark done
Event: 12.545 Executing VM operation: Cleanup
Event: 12.545 Executing VM operation: Cleanup done
Event: 12.795 Executing VM operation: Exit

Events (20 events):
Event: 10.020 Thread 0x0000021fed25c790 Thread exited: 0x0000021fed25c790
Event: 10.020 Thread 0x0000021fed25c1d0 Thread exited: 0x0000021fed25c1d0
Event: 10.356 Thread 0x0000021ff552faf0 Thread exited: 0x0000021ff552faf0
Event: 10.357 Thread 0x0000021ff5530000 Thread exited: 0x0000021ff5530000
Event: 12.301 Thread 0x0000021ff552f0d0 Thread added: 0x0000021ff552f0d0
Event: 12.691 Thread 0x0000021ff4f621f0 Thread exited: 0x0000021ff4f621f0
Event: 12.693 Thread 0x0000021f81c5cf00 Thread added: 0x0000021f81c5cf00
Event: 12.693 Thread 0x0000021f81c5dd70 Thread added: 0x0000021f81c5dd70
Event: 12.693 Thread 0x0000021f81c603f0 Thread added: 0x0000021f81c603f0
Event: 12.693 Thread 0x0000021f81c5f580 Thread added: 0x0000021f81c5f580
Event: 12.693 Thread 0x0000021f81c5f580 Thread exited: 0x0000021f81c5f580
Event: 12.693 loading class java/nio/channels/ClosedChannelException
Event: 12.693 loading class java/nio/channels/ClosedChannelException done
Event: 12.693 Thread 0x0000021f81c5fa50 Thread added: 0x0000021f81c5fa50
Event: 12.693 Thread 0x0000021f81c5dd70 Thread exited: 0x0000021f81c5dd70
Event: 12.694 Thread 0x0000021fed5d4790 Thread exited: 0x0000021fed5d4790
Event: 12.696 Thread 0x0000021ff4faa910 Thread exited: 0x0000021ff4faa910
Event: 12.718 Thread 0x0000021fed9e5420 Thread exited: 0x0000021fed9e5420
Event: 12.720 Thread 0x0000021f81c5cf00 Thread exited: 0x0000021f81c5cf00
Event: 12.795 Thread 0x0000021f81c603f0 Thread exited: 0x0000021f81c603f0


Dynamic libraries:
0x00007ff65d360000 - 0x00007ff65d370000 	C:\Program Files\Java\jdk-17\bin\javaw.exe
0x00007ffa9ceb0000 - 0x00007ffa9d0c4000 	C:\WINDOWS\SYSTEM32\ntdll.dll
0x00007ffa9b2e0000 - 0x00007ffa9b3a4000 	C:\WINDOWS\System32\KERNEL32.DLL
0x00007ffa9a260000 - 0x00007ffa9a604000 	C:\WINDOWS\System32\KERNELBASE.dll
0x00007ffa9a7d0000 - 0x00007ffa9a8e1000 	C:\WINDOWS\System32\ucrtbase.dll
0x00007ffa41fa0000 - 0x00007ffa41fb8000 	C:\Program Files\Java\jdk-17\bin\jli.dll
0x00007ffa33890000 - 0x00007ffa338ab000 	C:\Program Files\Java\jdk-17\bin\VCRUNTIME140.dll
0x00007ffa9c4c0000 - 0x00007ffa9c570000 	C:\WINDOWS\System32\ADVAPI32.dll
0x00007ffa9ae30000 - 0x00007ffa9aed7000 	C:\WINDOWS\System32\msvcrt.dll
0x00007ffa9c2e0000 - 0x00007ffa9c386000 	C:\WINDOWS\System32\sechost.dll
0x00007ffa9c390000 - 0x00007ffa9c4a7000 	C:\WINDOWS\System32\RPCRT4.dll
0x00007ffa9aef0000 - 0x00007ffa9b09e000 	C:\WINDOWS\System32\USER32.dll
0x00007ffa9a690000 - 0x00007ffa9a6b6000 	C:\WINDOWS\System32\win32u.dll
0x00007ffa824b0000 - 0x00007ffa82743000 	C:\WINDOWS\WinSxS\amd64_microsoft.windows.common-controls_6595b64144ccf1df_6.0.22621.2215_none_270d72677387dfc3\COMCTL32.dll
0x00007ffa9ce40000 - 0x00007ffa9ce69000 	C:\WINDOWS\System32\GDI32.dll
0x00007ffa9aa60000 - 0x00007ffa9ab78000 	C:\WINDOWS\System32\gdi32full.dll
0x00007ffa9a730000 - 0x00007ffa9a7ca000 	C:\WINDOWS\System32\msvcp_win.dll
0x00007ffa90580000 - 0x00007ffa9058a000 	C:\WINDOWS\SYSTEM32\VERSION.dll
0x00007ffa9c1c0000 - 0x00007ffa9c1f1000 	C:\WINDOWS\System32\IMM32.DLL
0x00007ffa66fb0000 - 0x00007ffa66fbc000 	C:\Program Files\Java\jdk-17\bin\vcruntime140_1.dll
0x00007ffa06770000 - 0x00007ffa067fe000 	C:\Program Files\Java\jdk-17\bin\msvcp140.dll
0x00007ff9d5140000 - 0x00007ff9d5d17000 	C:\Program Files\Java\jdk-17\bin\server\jvm.dll
0x00007ffa9aee0000 - 0x00007ffa9aee8000 	C:\WINDOWS\System32\PSAPI.DLL
0x00007ffa59480000 - 0x00007ffa59489000 	C:\WINDOWS\SYSTEM32\WSOCK32.dll
0x00007ffa8f200000 - 0x00007ffa8f234000 	C:\WINDOWS\SYSTEM32\WINMM.dll
0x00007ffa9b240000 - 0x00007ffa9b2b1000 	C:\WINDOWS\System32\WS2_32.dll
0x00007ffa992c0000 - 0x00007ffa992d8000 	C:\WINDOWS\SYSTEM32\kernel.appcore.dll
0x00007ffa659b0000 - 0x00007ffa659ba000 	C:\Program Files\Java\jdk-17\bin\jimage.dll
0x00007ffa97b80000 - 0x00007ffa97dae000 	C:\WINDOWS\SYSTEM32\DBGHELP.DLL
0x00007ffa9b670000 - 0x00007ffa9b9fa000 	C:\WINDOWS\System32\combase.dll
0x00007ffa9c200000 - 0x00007ffa9c2d7000 	C:\WINDOWS\System32\OLEAUT32.dll
0x00007ffa7f1e0000 - 0x00007ffa7f212000 	C:\WINDOWS\SYSTEM32\dbgcore.DLL
0x00007ffa9a610000 - 0x00007ffa9a68a000 	C:\WINDOWS\System32\bcryptPrimitives.dll
0x00007ffa2f360000 - 0x00007ffa2f385000 	C:\Program Files\Java\jdk-17\bin\java.dll
0x00007ff9ef7c0000 - 0x00007ff9ef897000 	C:\Program Files\Java\jdk-17\bin\jsvml.dll
0x00007ffa9c610000 - 0x00007ffa9ce33000 	C:\WINDOWS\System32\SHELL32.dll
0x00007ffa981a0000 - 0x00007ffa98a8a000 	C:\WINDOWS\SYSTEM32\windows.storage.dll
0x00007ffa98060000 - 0x00007ffa9819e000 	C:\WINDOWS\SYSTEM32\wintypes.dll
0x00007ffa9b570000 - 0x00007ffa9b663000 	C:\WINDOWS\System32\SHCORE.dll
0x00007ffa9ac40000 - 0x00007ffa9ac9e000 	C:\WINDOWS\System32\shlwapi.dll
0x00007ffa9a190000 - 0x00007ffa9a1b6000 	C:\WINDOWS\SYSTEM32\profapi.dll
0x00007ffa33590000 - 0x00007ffa335a9000 	C:\Program Files\Java\jdk-17\bin\net.dll
0x00007ffa8fee0000 - 0x00007ffa90017000 	C:\WINDOWS\SYSTEM32\WINHTTP.dll
0x00007ffa997e0000 - 0x00007ffa99849000 	C:\WINDOWS\system32\mswsock.dll
0x00007ffa2ef30000 - 0x00007ffa2ef46000 	C:\Program Files\Java\jdk-17\bin\nio.dll
0x00007ffa28b30000 - 0x00007ffa28b48000 	C:\Program Files\Java\jdk-17\bin\zip.dll
0x00007ff9eb9e0000 - 0x00007ff9ebb71000 	C:\Program Files\Java\jdk-17\bin\awt.dll
0x00007ffa97340000 - 0x00007ffa973d7000 	C:\WINDOWS\SYSTEM32\apphelp.dll
0x00007ffa97400000 - 0x00007ffa974ab000 	C:\WINDOWS\system32\uxtheme.dll
0x00007ffa4fbd0000 - 0x00007ffa4fd09000 	C:\ProgramData\A-Volute\A-Volute.Nahimic\Modules\Scheduled\x64\AudioDevProps2.dll
0x00007ffa9c020000 - 0x00007ffa9c1be000 	C:\WINDOWS\System32\ole32.dll
0x00007ffa9b0a0000 - 0x00007ffa9b1e9000 	C:\WINDOWS\System32\MSCTF.dll
0x00007ffa97810000 - 0x00007ffa9783b000 	C:\WINDOWS\system32\DWMAPI.DLL
0x00007ffa7e970000 - 0x00007ffa7ea70000 	C:\WINDOWS\system32\opengl32.dll
0x00007ffa7f150000 - 0x00007ffa7f17d000 	C:\WINDOWS\SYSTEM32\GLU32.dll
0x00007ffa974e0000 - 0x00007ffa97518000 	C:\WINDOWS\SYSTEM32\dxcore.dll
0x00007ffa99a50000 - 0x00007ffa99a6b000 	C:\WINDOWS\SYSTEM32\CRYPTSP.dll
0x00007ffa99280000 - 0x00007ffa992b5000 	C:\WINDOWS\system32\rsaenh.dll
0x00007ffa998b0000 - 0x00007ffa998dc000 	C:\WINDOWS\SYSTEM32\USERENV.dll
0x00007ffa99c10000 - 0x00007ffa99c38000 	C:\WINDOWS\SYSTEM32\bcrypt.dll
0x00007ffa99a70000 - 0x00007ffa99a7c000 	C:\WINDOWS\SYSTEM32\CRYPTBASE.dll
0x00007ffa98d30000 - 0x00007ffa98d5d000 	C:\WINDOWS\SYSTEM32\IPHLPAPI.DLL
0x00007ffa9ae20000 - 0x00007ffa9ae29000 	C:\WINDOWS\System32\NSI.dll
0x00007ffa90590000 - 0x00007ffa905a9000 	C:\WINDOWS\SYSTEM32\dhcpcsvc6.DLL
0x00007ffa8fa40000 - 0x00007ffa8fa5f000 	C:\WINDOWS\SYSTEM32\dhcpcsvc.DLL
0x00007ffa98d60000 - 0x00007ffa98e52000 	C:\WINDOWS\SYSTEM32\DNSAPI.dll
0x000000006e8c0000 - 0x000000006e8cd000 	C:\Users\mcris\Desktop\CelestialVibes\src\CelestialVibesPDE\windows-amd64\lib\gluegen_rt.dll
0x00007ffa8f330000 - 0x00007ffa8f337000 	C:\Program Files\Java\jdk-17\bin\jawt.dll
0x000000006a440000 - 0x000000006a44d000 	C:\Users\mcris\Desktop\CelestialVibes\src\CelestialVibesPDE\windows-amd64\lib\nativewindow_awt.dll
0x000000006c100000 - 0x000000006c110000 	C:\Users\mcris\Desktop\CelestialVibes\src\CelestialVibesPDE\windows-amd64\lib\nativewindow_win32.dll
0x0000000064500000 - 0x0000000064585000 	C:\Users\mcris\Desktop\CelestialVibes\src\CelestialVibesPDE\windows-amd64\lib\jogl_desktop.dll
0x0000000064340000 - 0x0000000064391000 	C:\Users\mcris\Desktop\CelestialVibes\src\CelestialVibesPDE\windows-amd64\lib\jogl_mobile.dll
0x00007ffa92840000 - 0x00007ffa9288a000 	C:\WINDOWS\SYSTEM32\directxdatabasehelper.dll
0x00007ffa9ad70000 - 0x00007ffa9ae20000 	C:\WINDOWS\System32\clbcatq.dll
0x00007ff9d6d50000 - 0x00007ff9d7dd7000 	C:\WINDOWS\System32\DriverStore\FileRepository\iigd_dch.inf_amd64_357acc06f2c40efb\igxelpicd64.dll
0x00007ffa97520000 - 0x00007ffa97618000 	C:\WINDOWS\system32\dxgi.dll
0x00007ff9f2390000 - 0x00007ff9f24cc000 	C:\WINDOWS\System32\DriverStore\FileRepository\iigd_dch.inf_amd64_357acc06f2c40efb\igdml64.dll
0x00007ffa8b420000 - 0x00007ffa8b829000 	C:\WINDOWS\System32\DriverStore\FileRepository\iigd_dch.inf_amd64_357acc06f2c40efb\igdgmm64.dll
0x00007ffa99f70000 - 0x00007ffa99f9c000 	C:\WINDOWS\SYSTEM32\DEVOBJ.dll
0x00007ffa99f20000 - 0x00007ffa99f6e000 	C:\WINDOWS\SYSTEM32\cfgmgr32.dll
0x00007ffa9a6c0000 - 0x00007ffa9a72b000 	C:\WINDOWS\System32\WINTRUST.dll
0x00007ffa9a8f0000 - 0x00007ffa9aa56000 	C:\WINDOWS\System32\CRYPT32.dll
0x00007ffa99f00000 - 0x00007ffa99f12000 	C:\WINDOWS\SYSTEM32\MSASN1.dll
0x00007ffa86950000 - 0x00007ffa8afd4000 	C:\WINDOWS\System32\DriverStore\FileRepository\iigd_dch.inf_amd64_357acc06f2c40efb\igc64.dll
0x00007ffa992e0000 - 0x00007ffa9932d000 	C:\WINDOWS\SYSTEM32\powrprof.dll
0x00007ffa99260000 - 0x00007ffa99273000 	C:\WINDOWS\SYSTEM32\UMPDC.dll
0x0000000070d80000 - 0x0000000070d93000 	C:\Users\mcris\Desktop\CelestialVibes\src\CelestialVibesPDE\windows-amd64\lib\newt_head.dll
0x00007ffa90300000 - 0x00007ffa903bc000 	C:\WINDOWS\SYSTEM32\mscms.dll
0x00007ffa7d280000 - 0x00007ffa7d2c9000 	C:\WINDOWS\SYSTEM32\icm32.dll
0x00007ffa9ba00000 - 0x00007ffa9be74000 	C:\WINDOWS\System32\setupapi.dll
0x00007ffa74b50000 - 0x00007ffa74c94000 	C:\WINDOWS\SYSTEM32\textinputframework.dll
0x00007ffa8f320000 - 0x00007ffa8f330000 	C:\Program Files\Java\jdk-17\bin\verify.dll
0x00007ffa955f0000 - 0x00007ffa95607000 	C:\WINDOWS\system32\napinsp.dll
0x00007ffa84260000 - 0x00007ffa8427b000 	C:\WINDOWS\system32\pnrpnsp.dll
0x00007ffa834f0000 - 0x00007ffa83501000 	C:\WINDOWS\System32\winrnr.dll
0x00007ffa8ecc0000 - 0x00007ffa8ecd5000 	C:\WINDOWS\system32\wshbth.dll
0x00007ffa81210000 - 0x00007ffa81231000 	C:\WINDOWS\system32\nlansp_c.dll
0x00007ffa85eb0000 - 0x00007ffa85eba000 	C:\Windows\System32\rasadhlp.dll
0x00007ffa8e770000 - 0x00007ffa8e7f4000 	C:\WINDOWS\System32\fwpuclnt.dll
0x00007ffa7d1b0000 - 0x00007ffa7d1de000 	C:\Program Files\Java\jdk-17\bin\javajpeg.dll
0x00007ffa2f430000 - 0x00007ffa2f4b6000 	C:\Program Files\Java\jdk-17\bin\freetype.dll
0x00007ffa06910000 - 0x00007ffa069d5000 	C:\Program Files\Java\jdk-17\bin\fontmanager.dll
0x00007ffa96f70000 - 0x00007ffa970a3000 	C:\WINDOWS\SYSTEM32\CoreMessaging.dll
0x00007ffa91650000 - 0x00007ffa919bc000 	C:\WINDOWS\SYSTEM32\CoreUIComponents.dll

dbghelp: loaded successfully - version: 4.0.5 - missing functions: none
symbol engine: initialized successfully - sym options: 0x614 - pdb path: .;C:\Program Files\Java\jdk-17\bin;C:\WINDOWS\SYSTEM32;C:\WINDOWS\WinSxS\amd64_microsoft.windows.common-controls_6595b64144ccf1df_6.0.22621.2215_none_270d72677387dfc3;C:\Program Files\Java\jdk-17\bin\server;C:\ProgramData\A-Volute\A-Volute.Nahimic\Modules\Scheduled\x64;C:\Users\mcris\Desktop\CelestialVibes\src\CelestialVibesPDE\windows-amd64\lib;C:\WINDOWS\System32\DriverStore\FileRepository\iigd_dch.inf_amd64_357acc06f2c40efb

VM Arguments:
jvm_args: -Djna.nosys=true -Djava.library.path=C:\Users\mcris\Desktop\CelestialVibes\src\CelestialVibesPDE\windows-amd64\lib 
java_command: CelestialVibesPDE
java_class_path (initial): lib\CelestialVibesPDE.jar;lib\core.jar;lib\gluegen-rt.jar;lib\jogl-all.jar;lib\controlP5.jar;lib\peasy-math.jar;lib\peasycam.jar;lib\oscP5.jar;lib\supercollider.jar
Launcher Type: SUN_STANDARD

[Global flags]
     intx CICompilerCount                          = 12                                        {product} {ergonomic}
     uint ConcGCThreads                            = 3                                         {product} {ergonomic}
     uint G1ConcRefinementThreads                  = 13                                        {product} {ergonomic}
   size_t G1HeapRegionSize                         = 2097152                                   {product} {ergonomic}
    uintx GCDrainStackTargetSize                   = 64                                        {product} {ergonomic}
   size_t InitialHeapSize                          = 264241152                                 {product} {ergonomic}
   size_t MarkStackSize                            = 4194304                                   {product} {ergonomic}
   size_t MaxHeapSize                              = 4217372672                                {product} {ergonomic}
   size_t MaxNewSize                               = 2529165312                                {product} {ergonomic}
   size_t MinHeapDeltaBytes                        = 2097152                                   {product} {ergonomic}
   size_t MinHeapSize                              = 8388608                                   {product} {ergonomic}
    uintx NonNMethodCodeHeapSize                   = 7602480                                {pd product} {ergonomic}
    uintx NonProfiledCodeHeapSize                  = 122027880                              {pd product} {ergonomic}
    uintx ProfiledCodeHeapSize                     = 122027880                              {pd product} {ergonomic}
    uintx ReservedCodeCacheSize                    = 251658240                              {pd product} {ergonomic}
     bool SegmentedCodeCache                       = true                                      {product} {ergonomic}
   size_t SoftMaxHeapSize                          = 4217372672                             {manageable} {ergonomic}
     bool UseCompressedClassPointers               = true                           {product lp64_product} {ergonomic}
     bool UseCompressedOops                        = true                           {product lp64_product} {ergonomic}
     bool UseG1GC                                  = true                                      {product} {ergonomic}
     bool UseLargePagesIndividualAllocation        = false                                  {pd product} {ergonomic}

Logging:
Log output configuration:
 #0: stdout all=off uptime,level,tags
 #1: stderr all=off uptime,level,tags

Environment Variables:
PATH=C:\Users\mcris\AppData\Local\Temp\_MEI118682\cv2\../../x64/vc14/bin;C:\Users\mcris\AppData\Local\Temp\_MEI118682\pywin32_system32;C:\Program Files\Common Files\Oracle\Java\javapath;C:\Program Files (x86)\Common Files\Oracle\Java\javapath;C:\Python310\Scripts\;C:\Python310\;C:\Windows\system32;C:\Windows;C:\Windows\System32\Wbem;C:\Windows\System32\WindowsPowerShell\v1.0\;C:\Windows\System32\OpenSSH\;C:\Program Files (x86)\NVIDIA Corporation\PhysX\Common;C:\Program Files\NVIDIA Corporation\NVIDIA NvDLISR;C:\WINDOWS\system32;C:\WINDOWS;C:\WINDOWS\System32\Wbem;C:\WINDOWS\System32\WindowsPowerShell\v1.0\;C:\WINDOWS\System32\OpenSSH\;C:\Program Files\Git\cmd;C:\msys64\mingw64\bin;C:\ProgramData\chocolatey\bin;C:\Program Files\MATLAB\R2021b\bin;C:\Program Files\dotnet\;C:\Program Files\processing-4.0b7;C:\Users\mcris\AppData\Local\Programs\Python\Python311\Scripts\;C:\Users\mcris\AppData\Local\Programs\Python\Python311\;C:\Users\mcris\AppData\Local\Microsoft\WindowsApps;C:\Users\mcris\AppData\Local\Programs\Microsoft VS Code\bin;C:\Users\mcris\AppData\Local\GitHubDesktop\bin;C:\Users\mcris\AppData\Local\Microsoft\WindowsApps;C:\Program Files\Java\jdk-17\bin
USERNAME=mcris
OS=Windows_NT
PROCESSOR_IDENTIFIER=Intel64 Family 6 Model 141 Stepping 1, GenuineIntel



---------------  S Y S T E M  ---------------

OS:
 Windows 11 , 64 bit Build 22621 (10.0.22621.2215)
OS uptime: 3 days 3:57 hours
Hyper-V role detected

CPU: total 16 (initial active 16) (8 cores per cpu, 2 threads per core) family 6 model 141 stepping 1 microcode 0x26, cx8, cmov, fxsr, ht, mmx, 3dnowpref, sse, sse2, sse3, ssse3, sse4.1, sse4.2, popcnt, lzcnt, tsc, tscinvbit, avx, avx2, aes, erms, clmul, bmi1, bmi2, adx, avx512f, avx512dq, avx512cd, avx512bw, avx512vl, sha, fma, vzeroupper, avx512_vpopcntdq, avx512_vpclmulqdq, avx512_vaes, avx512_vnni, clflush, clflushopt, clwb, avx512_vbmi2, avx512_vbmi, hv

Memory: 4k page, system-wide physical 16085M (5577M free)
TotalPageFile size 18645M (AvailPageFile size 3231M)
current process WorkingSet (physical memory assigned to process): 789M, peak: 794M
current process commit charge ("private bytes"): 815M, peak: 816M

vm_info: Java HotSpot(TM) 64-Bit Server VM (17.0.6+9-LTS-190) for windows-amd64 JRE (17.0.6+9-LTS-190), built on Dec  6 2022 15:53:54 by "mach5one" with MS VC++ 17.1 (VS2022)

END.
