#
# A fatal error has been detected by the Java Runtime Environment:
#
#  EXCEPTION_ACCESS_VIOLATION (0xc0000005) at pc=0x00007ff9d6df7a32, pid=25008, tid=21136
#
# JRE version: Java(TM) SE Runtime Environment (17.0.6+9) (build 17.0.6+9-LTS-190)
# Java VM: Java HotSpot(TM) 64-Bit Server VM (17.0.6+9-LTS-190, mixed mode, sharing, tiered, compressed oops, compressed class ptrs, g1 gc, windows-amd64)
# Problematic frame:
# C  [igxelpicd64.dll+0xa7a32]
#
# No core dump will be written. Minidumps are not enabled by default on client versions of Windows
#
# If you would like to submit a bug report, please visit:
#   https://bugreport.java.com/bugreport/crash.jsp
#

---------------  S U M M A R Y ------------

Command Line: -Djna.nosys=true -Djava.library.path=C:\Users\mcris\Desktop\CelestialVibes\src\CelestialVibesPDE\windows-amd64\lib CelestialVibesPDE

Host: 11th Gen Intel(R) Core(TM) i7-11800H @ 2.30GHz, 16 cores, 15G,  Windows 11 , 64 bit Build 22621 (10.0.22621.2215)
Time: Sat Sep 30 18:29:23 2023 ora legale Europa occidentale elapsed time: 14.952363 seconds (0d 0h 0m 14s)

---------------  T H R E A D  ---------------

Current thread (0x00000282bf6802a0):  VMThread "VM Thread" [stack: 0x0000009794d00000,0x0000009794e00000] [id=21136]

Stack: [0x0000009794d00000,0x0000009794e00000],  sp=0x0000009794dfe4a0,  free space=1017k
Native frames: (J=compiled Java code, j=interpreted, Vv=VM code, C=native code)
C  [igxelpicd64.dll+0xa7a32]


siginfo: EXCEPTION_ACCESS_VIOLATION (0xc0000005), reading address 0x0000000000035898


Register to memory mapping:

RIP=0x00007ff9d6df7a32 igxelpicd64.dll
RAX=0x00000282da0e3c68 points into unknown readable memory: 0x0000000000022dc0 | c0 2d 02 00 00 00 00 00
RBX=0x00000282da0e3a40 points into unknown readable memory: 0x00000282c05ac1d0 | d0 c1 5a c0 82 02 00 00
RCX=0x000000000002270b is an unknown value
RDX=0x00000000fffffff4 is an unknown value
RSP=0x0000009794dfe4a0 points into unknown readable memory: 0x00000282c07def50 | 50 ef 7d c0 82 02 00 00
RBP=0x0 is NULL
RSI=0x00000282da0e4010 points into unknown readable memory: 0x00000282d8b2f950 | 50 f9 b2 d8 82 02 00 00
RDI=0x00000282c78f7170 points into unknown readable memory: 0x00000282c7fa5d00 | 00 5d fa c7 82 02 00 00
R8 =0x0000000000000014 is an unknown value
R9 =0x0000000000000004 is an unknown value
R10=0x0 is NULL
R11=0x0000000000000246 is an unknown value
R12=0x00000282c7f4dd00 points into unknown readable memory: 0x00000282c7f4d990 | 90 d9 f4 c7 82 02 00 00
R13=0x00000282d8b2f950 points into unknown readable memory: 0x00000282c05ac1d0 | d0 c1 5a c0 82 02 00 00
R14=0x0000000000022d00 is an unknown value
R15=0x0000000000000016 is an unknown value


Registers:
RAX=0x00000282da0e3c68, RBX=0x00000282da0e3a40, RCX=0x000000000002270b, RDX=0x00000000fffffff4
RSP=0x0000009794dfe4a0, RBP=0x0000000000000000, RSI=0x00000282da0e4010, RDI=0x00000282c78f7170
R8 =0x0000000000000014, R9 =0x0000000000000004, R10=0x0000000000000000, R11=0x0000000000000246
R12=0x00000282c7f4dd00, R13=0x00000282d8b2f950, R14=0x0000000000022d00, R15=0x0000000000000016
RIP=0x00007ff9d6df7a32, EFLAGS=0x0000000000010202

Top of Stack: (sp=0x0000009794dfe4a0)
0x0000009794dfe4a0:   00000282c07def50 0000000000000000
0x0000009794dfe4b0:   0000000000000000 00007ffa9cf52d94
0x0000009794dfe4c0:   00007ff9c9acd10a 00007ff9c9eb6ab4
0x0000009794dfe4d0:   0000009794dfe510 0000009794dfea10
0x0000009794dfe4e0:   0000000000000015 0000000000022dd3
0x0000009794dfe4f0:   0000b8021a520000 00000282c7f4dd58
0x0000009794dfe500:   0000000000000000 0000000000000000
0x0000009794dfe510:   0000009794dfe620 00007ff9d6ddd5df
0x0000009794dfe520:   00000282c07def50 00000282c78f7170
0x0000009794dfe530:   0000009794288000 00007ffa9cecd800
0x0000009794dfe540:   0000009700474ac4 0053002b00000000
0x0000009794dfe550:   0000000000000000 00007ffa9cecd474
0x0000009794dfe560:   0000028299c70b2c 00000000000000c0
0x0000009794dfe570:   0000028299c70b44 0000028299c70b00
0x0000009794dfe580:   0000009794dfe698 0000009794dfe8d8
0x0000009794dfe590:   0000009794273000 00007ffa9cecd8d6 

Instructions: (pc=0x00007ff9d6df7a32)
0x00007ff9d6df7932:   8b fa 48 8b e9 48 8b 1d 92 c4 f1 00 48 89 58 08
0x00007ff9d6df7942:   48 8b cb ff 15 dd 48 a9 00 90 4c 8b af 78 02 00
0x00007ff9d6df7952:   00 48 8b 05 c6 69 e1 00 44 8b b8 a0 0b 00 00 45
0x00007ff9d6df7962:   33 d2 45 8a f2 4c 89 97 78 02 00 00 44 89 97 80
0x00007ff9d6df7972:   02 00 00 4c 89 97 a0 02 00 00 4c 89 97 88 02 00
0x00007ff9d6df7982:   00 48 85 ed 75 38 8b 35 22 9e f1 00 65 48 8b 04
0x00007ff9d6df7992:   25 58 00 00 00 b9 14 00 00 00 48 8b 04 f0 44 38
0x00007ff9d6df79a2:   14 01 0f 84 86 98 94 00 65 48 8b 04 25 58 00 00
0x00007ff9d6df79b2:   00 bd 20 00 00 00 48 8b 04 f0 48 8b 2c 28 48 3b
0x00007ff9d6df79c2:   2d 79 ab f1 00 45 0f 44 fa 4d 85 ed 0f 84 2b 01
0x00007ff9d6df79d2:   00 00 44 8a a4 24 90 00 00 00 49 8b dd 49 8d b5
0x00007ff9d6df79e2:   d0 05 00 00 4c 8b 2e 45 84 e4 0f 85 39 03 00 00
0x00007ff9d6df79f2:   44 8b 8f c8 01 00 00 48 8b 05 20 69 e1 00 83 b8
0x00007ff9d6df7a02:   70 03 00 00 02 75 36 41 8d 51 f0 41 83 f9 10 0f
0x00007ff9d6df7a12:   83 2d 01 00 00 4a 8d 04 cd 21 00 00 00 49 03 c1
0x00007ff9d6df7a22:   48 8d 04 c3 48 85 c0 0f 85 03 01 00 00 49 8b ca
0x00007ff9d6df7a32:   48 3b 8d 98 58 03 00 0f 87 fe 97 94 00 48 8d 93
0x00007ff9d6df7a42:   08 01 00 00 4c 39 93 48 06 00 00 0f 85 69 99 94
0x00007ff9d6df7a52:   00 44 8b 9f c8 01 00 00 48 8b 87 e0 01 00 00 4c
0x00007ff9d6df7a62:   8b 10 44 8b 87 c8 01 00 00 41 83 f8 10 0f 83 fc
0x00007ff9d6df7a72:   00 00 00 4b 8d 0c c0 48 8d 04 ca 48 85 c0 0f 85
0x00007ff9d6df7a82:   b5 00 00 00 33 c9 49 3b ca 0f 86 11 01 00 00 45
0x00007ff9d6df7a92:   33 d2 48 8b 87 78 02 00 00 48 89 06 48 89 9f 78
0x00007ff9d6df7aa2:   02 00 00 ff 87 80 02 00 00 48 8b 43 08 48 8b 88
0x00007ff9d6df7ab2:   18 01 00 00 48 81 e1 00 00 ff ff 48 81 c1 00 00
0x00007ff9d6df7ac2:   01 00 48 01 8f 88 02 00 00 48 8b 43 08 48 8b 88
0x00007ff9d6df7ad2:   18 01 00 00 48 01 8f a0 02 00 00 4d 85 ed 0f 85
0x00007ff9d6df7ae2:   f6 fe ff ff 45 84 f6 44 8a a4 24 98 00 00 00 0f
0x00007ff9d6df7af2:   85 11 99 94 00 48 8b 9c 24 80 00 00 00 48 8b cf
0x00007ff9d6df7b02:   45 84 e4 0f 85 30 02 00 00 e8 d0 fa ff ff 90 48
0x00007ff9d6df7b12:   8b cb 48 8b 9c 24 88 00 00 00 48 83 c4 40 41 5f
0x00007ff9d6df7b22:   41 5e 41 5d 41 5c 5f 5e 5d 48 ff 25 ee 46 a9 00 


Stack slot to memory mapping:
stack at sp + 0 slots: 0x00000282c07def50 points into unknown readable memory: 0xffffffffffffffff | ff ff ff ff ff ff ff ff
stack at sp + 1 slots: 0x0 is NULL
stack at sp + 2 slots: 0x0 is NULL
stack at sp + 3 slots: 0x00007ffa9cf52d94 ntdll.dll
stack at sp + 4 slots: 0x00007ff9c9acd10a jvm.dll
stack at sp + 5 slots: 0x00007ff9c9eb6ab4 jvm.dll
stack at sp + 6 slots: 0x0000009794dfe510 points into unknown readable memory: 0x0000009794dfe620 | 20 e6 df 94 97 00 00 00
stack at sp + 7 slots: 0x0000009794dfea10 points into unknown readable memory: 0x0000000000000000 | 00 00 00 00 00 00 00 00

VM_Operation (0x00000097972fe910): Exit, mode: safepoint, requested by thread 0x00000282c01999f0


---------------  P R O C E S S  ---------------

Threads class SMR info:
_java_thread_list=0x00000282c8204b00, length=19, elements={
0x00000282bf684340, 0x00000282bf684ef0, 0x00000282c000f450, 0x00000282c0030010,
0x00000282c0034de0, 0x00000282c003dbb0, 0x00000282c0043570, 0x00000282c0045f30,
0x00000282c0056ff0, 0x00000282c0199ec0, 0x00000282c019a860, 0x00000282c019ad30,
0x00000282c0197d10, 0x00000282c0199050, 0x00000282c01999f0, 0x00000282c019a390,
0x00000282d435f400, 0x00000282d435d5a0, 0x00000282d489acf0
}

Java Threads: ( => current thread )
  0x00000282bf684340 JavaThread "Reference Handler" daemon [_thread_blocked, id=19784, stack(0x0000009794e00000,0x0000009794f00000)]
  0x00000282bf684ef0 JavaThread "Finalizer" daemon [_thread_blocked, id=20628, stack(0x0000009794f00000,0x0000009795000000)]
  0x00000282c000f450 JavaThread "Signal Dispatcher" daemon [_thread_blocked, id=4408, stack(0x0000009795000000,0x0000009795100000)]
  0x00000282c0030010 JavaThread "Attach Listener" daemon [_thread_blocked, id=21772, stack(0x0000009795100000,0x0000009795200000)]
  0x00000282c0034de0 JavaThread "Service Thread" daemon [_thread_blocked, id=20952, stack(0x0000009795200000,0x0000009795300000)]
  0x00000282c003dbb0 JavaThread "Monitor Deflation Thread" daemon [_thread_blocked, id=2580, stack(0x0000009795300000,0x0000009795400000)]
  0x00000282c0043570 JavaThread "C2 CompilerThread0" daemon [_thread_blocked, id=12392, stack(0x0000009795400000,0x0000009795500000)]
  0x00000282c0045f30 JavaThread "C1 CompilerThread0" daemon [_thread_blocked, id=16068, stack(0x0000009795500000,0x0000009795600000)]
  0x00000282c0056ff0 JavaThread "Sweeper thread" daemon [_thread_blocked, id=21536, stack(0x0000009795600000,0x0000009795700000)]
  0x00000282c0199ec0 JavaThread "Notification Thread" daemon [_thread_blocked, id=15516, stack(0x0000009795900000,0x0000009795a00000)]
  0x00000282c019a860 JavaThread "Common-Cleaner" daemon [_thread_blocked, id=3460, stack(0x0000009795b00000,0x0000009795c00000)]
  0x00000282c019ad30 JavaThread "Java2D Disposer" daemon [_thread_blocked, id=14572, stack(0x0000009795c00000,0x0000009795d00000)]
  0x00000282c0197d10 JavaThread "HighResTimerThread" daemon [_thread_blocked, id=11108, stack(0x0000009796e00000,0x0000009796f00000)]
  0x00000282c0199050 JavaThread "DestroyJavaVM" [_thread_blocked, id=3628, stack(0x0000009794700000,0x0000009794800000)]
  0x00000282c01999f0 JavaThread "main-FPSAWTAnimator#00-Timer0-FPSAWTAnimator#00-Timer1" [_thread_blocked, id=18876, stack(0x0000009797200000,0x0000009797300000)]
  0x00000282c019a390 JavaThread "Thread-7" [_thread_in_native, id=11096, stack(0x0000009795d00000,0x0000009795e00000)]
  0x00000282d435f400 JavaThread "C1 CompilerThread1" daemon [_thread_blocked, id=5760, stack(0x0000009795700000,0x0000009795800000)]
  0x00000282d435d5a0 JavaThread "C1 CompilerThread2" daemon [_thread_blocked, id=25552, stack(0x0000009795800000,0x0000009795900000)]
  0x00000282d489acf0 JavaThread "AWT-Shutdown" [_thread_blocked, id=18864, stack(0x0000009797400000,0x0000009797500000)]

Other Threads:
=>0x00000282bf6802a0 VMThread "VM Thread" [stack: 0x0000009794d00000,0x0000009794e00000] [id=21136]
  0x000002829c0c8910 GCTaskThread "GC Thread#0" [stack: 0x0000009794800000,0x0000009794900000] [id=12412]
  0x00000282c04ea550 GCTaskThread "GC Thread#1" [stack: 0x0000009795f00000,0x0000009796000000] [id=17720]
  0x00000282c04ea800 GCTaskThread "GC Thread#2" [stack: 0x0000009796600000,0x0000009796700000] [id=6584]
  0x00000282c04eaab0 GCTaskThread "GC Thread#3" [stack: 0x0000009796700000,0x0000009796800000] [id=17536]
  0x00000282c7590af0 GCTaskThread "GC Thread#4" [stack: 0x0000009796800000,0x0000009796900000] [id=16492]
  0x00000282c75911b0 GCTaskThread "GC Thread#5" [stack: 0x0000009796900000,0x0000009796a00000] [id=23448]
  0x00000282c75b3660 GCTaskThread "GC Thread#6" [stack: 0x0000009796a00000,0x0000009796b00000] [id=24952]
  0x00000282c75b3910 GCTaskThread "GC Thread#7" [stack: 0x0000009796b00000,0x0000009796c00000] [id=10652]
  0x00000282d3aeff50 GCTaskThread "GC Thread#8" [stack: 0x0000009797500000,0x0000009797600000] [id=11564]
  0x00000282d3aef740 GCTaskThread "GC Thread#9" [stack: 0x0000009797600000,0x0000009797700000] [id=21316]
  0x00000282d3aec6e0 GCTaskThread "GC Thread#10" [stack: 0x0000009797700000,0x0000009797800000] [id=4536]
  0x00000282d3aee1c0 GCTaskThread "GC Thread#11" [stack: 0x0000009797800000,0x0000009797900000] [id=23360]
  0x00000282d3aed9b0 GCTaskThread "GC Thread#12" [stack: 0x0000009797900000,0x0000009797a00000] [id=13648]
  0x000002829c0dab50 ConcurrentGCThread "G1 Main Marker" terminated
  0x000002829c0dc570 ConcurrentGCThread "G1 Conc#0" [stack: 0x0000009794a00000,0x0000009794b00000] [id=20676]
  0x00000282bf53b600 ConcurrentGCThread "G1 Refine#0" terminated
  0x00000282d3ad6fb0 ConcurrentGCThread "G1 Refine#1" terminated
  0x00000282d3ad7b30 ConcurrentGCThread "G1 Refine#2" terminated
  0x00000282d3ad7290 ConcurrentGCThread "G1 Refine#3" terminated
  0x00000282d3ad7850 ConcurrentGCThread "G1 Refine#4" terminated
  0x00000282bf53be30 ConcurrentGCThread "G1 Service" terminated

Threads with active compile tasks:

VM state: at safepoint (shutting down)

VM Mutex/Monitor currently owned by a thread:  ([mutex/lock_event])
[0x000002829c055f00] Threads_lock - owner thread: 0x00000282bf6802a0
[0x000002829c0550f0] Heap_lock - owner thread: 0x00000282c01999f0

Heap address: 0x0000000704a00000, size: 4022 MB, Compressed Oops mode: Zero based, Oop shift amount: 3

CDS archive(s) mapped at: [0x0000000800000000-0x0000000800bd0000-0x0000000800bd0000), size 12386304, SharedBaseAddress: 0x0000000800000000, ArchiveRelocationMode: 0.
Compressed class space mapped at: 0x0000000800c00000-0x0000000840c00000, reserved size: 1073741824
Narrow klass base: 0x0000000800000000, Narrow klass shift: 0, Narrow klass range: 0x100000000

GC Precious Log:
 CPUs: 16 total, 16 available
 Memory: 16085M
 Large Page Support: Disabled
 NUMA Support: Disabled
 Compressed Oops: Enabled (Zero based)
 Heap Region Size: 2M
 Heap Min Capacity: 8M
 Heap Initial Capacity: 252M
 Heap Max Capacity: 4022M
 Pre-touch: Disabled
 Parallel Workers: 13
 Concurrent Workers: 3
 Concurrent Refinement Workers: 13
 Periodic GC: Disabled

Heap:
 garbage-first heap   total 258048K, used 158425K [0x0000000704a00000, 0x0000000800000000)
  region size 2048K, 40 young (81920K), 8 survivors (16384K)
 Metaspace       used 18409K, committed 18688K, reserved 1073152K
  class space    used 1444K, committed 1600K, reserved 1048576K

Heap Regions: E=young(eden), S=young(survivor), O=old, HS=humongous(starts), HC=humongous(continues), CS=collection set, F=free, OA=open archive, CA=closed archive, TAMS=top-at-mark-start (previous, next)
|   0|0x0000000704a00000, 0x0000000704c00000, 0x0000000704c00000|100%|HS|  |TAMS 0x0000000704a00000, 0x0000000704c00000| Complete 
|   1|0x0000000704c00000, 0x0000000704e00000, 0x0000000704e00000|100%|HS|  |TAMS 0x0000000704c00000, 0x0000000704c00000| Complete 
|   2|0x0000000704e00000, 0x0000000705000000, 0x0000000705000000|100%|HS|  |TAMS 0x0000000704e00000, 0x0000000705000000| Complete 
|   3|0x0000000705000000, 0x0000000705200000, 0x0000000705200000|100%|HS|  |TAMS 0x0000000705000000, 0x0000000705200000| Complete 
|   4|0x0000000705200000, 0x0000000705400000, 0x0000000705400000|100%|HS|  |TAMS 0x0000000705200000, 0x0000000705400000| Complete 
|   5|0x0000000705400000, 0x0000000705600000, 0x0000000705600000|100%|HS|  |TAMS 0x0000000705400000, 0x0000000705400000| Complete 
|   6|0x0000000705600000, 0x0000000705800000, 0x0000000705800000|100%|HS|  |TAMS 0x0000000705600000, 0x0000000705800000| Complete 
|   7|0x0000000705800000, 0x0000000705a00000, 0x0000000705a00000|100%|HS|  |TAMS 0x0000000705800000, 0x0000000705800000| Complete 
|   8|0x0000000705a00000, 0x0000000705c00000, 0x0000000705c00000|100%| O|  |TAMS 0x0000000705a00000, 0x0000000705c00000| Untracked 
|   9|0x0000000705c00000, 0x0000000705c1d000, 0x0000000705e00000|  5%| O|  |TAMS 0x0000000705c00000, 0x0000000705c1d000| Untracked 
|  10|0x0000000705e00000, 0x0000000706000000, 0x0000000706000000|100%|HS|  |TAMS 0x0000000705e00000, 0x0000000706000000| Complete 
|  11|0x0000000706000000, 0x0000000706200000, 0x0000000706200000|100%|HS|  |TAMS 0x0000000706000000, 0x0000000706000000| Complete 
|  12|0x0000000706200000, 0x0000000706400000, 0x0000000706400000|100%|HS|  |TAMS 0x0000000706200000, 0x0000000706400000| Complete 
|  13|0x0000000706400000, 0x0000000706600000, 0x0000000706600000|100%|HS|  |TAMS 0x0000000706400000, 0x0000000706400000| Complete 
|  14|0x0000000706600000, 0x0000000706800000, 0x0000000706800000|100%|HS|  |TAMS 0x0000000706600000, 0x0000000706800000| Complete 
|  15|0x0000000706800000, 0x0000000706a00000, 0x0000000706a00000|100%|HS|  |TAMS 0x0000000706800000, 0x0000000706800000| Complete 
|  16|0x0000000706a00000, 0x0000000706c00000, 0x0000000706c00000|100%|HS|  |TAMS 0x0000000706a00000, 0x0000000706c00000| Complete 
|  17|0x0000000706c00000, 0x0000000706e00000, 0x0000000706e00000|100%|HS|  |TAMS 0x0000000706c00000, 0x0000000706c00000| Complete 
|  18|0x0000000706e00000, 0x0000000707000000, 0x0000000707000000|100%|HS|  |TAMS 0x0000000706e00000, 0x0000000707000000| Complete 
|  19|0x0000000707000000, 0x0000000707200000, 0x0000000707200000|100%|HS|  |TAMS 0x0000000707000000, 0x0000000707000000| Complete 
|  20|0x0000000707200000, 0x0000000707400000, 0x0000000707400000|100%|HS|  |TAMS 0x0000000707200000, 0x0000000707400000| Complete 
|  21|0x0000000707400000, 0x0000000707600000, 0x0000000707600000|100%|HS|  |TAMS 0x0000000707400000, 0x0000000707400000| Complete 
|  22|0x0000000707600000, 0x0000000707800000, 0x0000000707800000|100%|HS|  |TAMS 0x0000000707600000, 0x0000000707800000| Complete 
|  23|0x0000000707800000, 0x0000000707a00000, 0x0000000707a00000|100%|HS|  |TAMS 0x0000000707800000, 0x0000000707800000| Complete 
|  24|0x0000000707a00000, 0x0000000707c00000, 0x0000000707c00000|100%|HS|  |TAMS 0x0000000707a00000, 0x0000000707a00000| Complete 
|  25|0x0000000707c00000, 0x0000000707e00000, 0x0000000707e00000|100%|HS|  |TAMS 0x0000000707c00000, 0x0000000707e00000| Complete 
|  26|0x0000000707e00000, 0x0000000708000000, 0x0000000708000000|100%|HS|  |TAMS 0x0000000707e00000, 0x0000000707e00000| Complete 
|  27|0x0000000708000000, 0x0000000708200000, 0x0000000708200000|100%|HS|  |TAMS 0x0000000708000000, 0x0000000708000000| Complete 
|  28|0x0000000708200000, 0x0000000708400000, 0x0000000708400000|100%|HS|  |TAMS 0x0000000708200000, 0x0000000708200000| Complete 
|  29|0x0000000708400000, 0x0000000708600000, 0x0000000708600000|100%|HS|  |TAMS 0x0000000708400000, 0x0000000708400000| Complete 
|  30|0x0000000708600000, 0x0000000708800000, 0x0000000708800000|100%|HS|  |TAMS 0x0000000708600000, 0x0000000708600000| Complete 
|  31|0x0000000708800000, 0x0000000708a00000, 0x0000000708a00000|100%|HS|  |TAMS 0x0000000708800000, 0x0000000708800000| Complete 
|  32|0x0000000708a00000, 0x0000000708c00000, 0x0000000708c00000|100%|HS|  |TAMS 0x0000000708a00000, 0x0000000708c00000| Complete 
|  33|0x0000000708c00000, 0x0000000708e00000, 0x0000000708e00000|100%|HC|  |TAMS 0x0000000708c00000, 0x0000000708e00000| Complete 
|  34|0x0000000708e00000, 0x0000000709000000, 0x0000000709000000|100%|HC|  |TAMS 0x0000000708e00000, 0x0000000709000000| Complete 
|  35|0x0000000709000000, 0x0000000709200000, 0x0000000709200000|100%|HS|  |TAMS 0x0000000709000000, 0x0000000709200000| Complete 
|  36|0x0000000709200000, 0x0000000709400000, 0x0000000709400000|100%|HC|  |TAMS 0x0000000709200000, 0x0000000709400000| Complete 
|  37|0x0000000709400000, 0x0000000709600000, 0x0000000709600000|100%|HC|  |TAMS 0x0000000709400000, 0x0000000709600000| Complete 
|  38|0x0000000709600000, 0x0000000709800000, 0x0000000709800000|100%|HS|  |TAMS 0x0000000709600000, 0x0000000709800000| Complete 
|  39|0x0000000709800000, 0x0000000709a00000, 0x0000000709a00000|100%|HC|  |TAMS 0x0000000709800000, 0x0000000709a00000| Complete 
|  40|0x0000000709a00000, 0x0000000709c00000, 0x0000000709c00000|100%|HC|  |TAMS 0x0000000709a00000, 0x0000000709c00000| Complete 
|  41|0x0000000709c00000, 0x0000000709c00000, 0x0000000709e00000|  0%| F|  |TAMS 0x0000000709c00000, 0x0000000709c00000| Untracked 
|  42|0x0000000709e00000, 0x0000000709e00000, 0x000000070a000000|  0%| F|  |TAMS 0x0000000709e00000, 0x0000000709e00000| Untracked 
|  43|0x000000070a000000, 0x000000070a000000, 0x000000070a200000|  0%| F|  |TAMS 0x000000070a000000, 0x000000070a000000| Untracked 
|  44|0x000000070a200000, 0x000000070a200000, 0x000000070a400000|  0%| F|  |TAMS 0x000000070a200000, 0x000000070a200000| Untracked 
|  45|0x000000070a400000, 0x000000070a400000, 0x000000070a600000|  0%| F|  |TAMS 0x000000070a400000, 0x000000070a400000| Untracked 
|  46|0x000000070a600000, 0x000000070a600000, 0x000000070a800000|  0%| F|  |TAMS 0x000000070a600000, 0x000000070a600000| Untracked 
|  47|0x000000070a800000, 0x000000070a800000, 0x000000070aa00000|  0%| F|  |TAMS 0x000000070a800000, 0x000000070a800000| Untracked 
|  48|0x000000070aa00000, 0x000000070aa00000, 0x000000070ac00000|  0%| F|  |TAMS 0x000000070aa00000, 0x000000070aa00000| Untracked 
|  49|0x000000070ac00000, 0x000000070ac00000, 0x000000070ae00000|  0%| F|  |TAMS 0x000000070ac00000, 0x000000070ac00000| Untracked 
|  50|0x000000070ae00000, 0x000000070ae00000, 0x000000070b000000|  0%| F|  |TAMS 0x000000070ae00000, 0x000000070ae00000| Untracked 
|  51|0x000000070b000000, 0x000000070b000000, 0x000000070b200000|  0%| F|  |TAMS 0x000000070b000000, 0x000000070b000000| Untracked 
|  52|0x000000070b200000, 0x000000070b200000, 0x000000070b400000|  0%| F|  |TAMS 0x000000070b200000, 0x000000070b200000| Untracked 
|  53|0x000000070b400000, 0x000000070b400000, 0x000000070b600000|  0%| F|  |TAMS 0x000000070b400000, 0x000000070b400000| Untracked 
|  54|0x000000070b600000, 0x000000070b600000, 0x000000070b800000|  0%| F|  |TAMS 0x000000070b600000, 0x000000070b600000| Untracked 
|  55|0x000000070b800000, 0x000000070b800000, 0x000000070ba00000|  0%| F|  |TAMS 0x000000070b800000, 0x000000070b800000| Untracked 
|  56|0x000000070ba00000, 0x000000070ba00000, 0x000000070bc00000|  0%| F|  |TAMS 0x000000070ba00000, 0x000000070ba00000| Untracked 
|  57|0x000000070bc00000, 0x000000070bc00000, 0x000000070be00000|  0%| F|  |TAMS 0x000000070bc00000, 0x000000070bc00000| Untracked 
|  58|0x000000070be00000, 0x000000070be00000, 0x000000070c000000|  0%| F|  |TAMS 0x000000070be00000, 0x000000070be00000| Untracked 
|  59|0x000000070c000000, 0x000000070c000000, 0x000000070c200000|  0%| F|  |TAMS 0x000000070c000000, 0x000000070c000000| Untracked 
|  60|0x000000070c200000, 0x000000070c200000, 0x000000070c400000|  0%| F|  |TAMS 0x000000070c200000, 0x000000070c200000| Untracked 
|  61|0x000000070c400000, 0x000000070c400000, 0x000000070c600000|  0%| F|  |TAMS 0x000000070c400000, 0x000000070c400000| Untracked 
|  62|0x000000070c600000, 0x000000070c600000, 0x000000070c800000|  0%| F|  |TAMS 0x000000070c600000, 0x000000070c600000| Untracked 
|  63|0x000000070c800000, 0x000000070c800000, 0x000000070ca00000|  0%| F|  |TAMS 0x000000070c800000, 0x000000070c800000| Untracked 
|  64|0x000000070ca00000, 0x000000070ca00000, 0x000000070cc00000|  0%| F|  |TAMS 0x000000070ca00000, 0x000000070ca00000| Untracked 
|  65|0x000000070cc00000, 0x000000070cc00000, 0x000000070ce00000|  0%| F|  |TAMS 0x000000070cc00000, 0x000000070cc00000| Untracked 
|  66|0x000000070ce00000, 0x000000070ce00000, 0x000000070d000000|  0%| F|  |TAMS 0x000000070ce00000, 0x000000070ce00000| Untracked 
|  67|0x000000070d000000, 0x000000070d000000, 0x000000070d200000|  0%| F|  |TAMS 0x000000070d000000, 0x000000070d000000| Untracked 
|  68|0x000000070d200000, 0x000000070d200000, 0x000000070d400000|  0%| F|  |TAMS 0x000000070d200000, 0x000000070d200000| Untracked 
|  69|0x000000070d400000, 0x000000070d400000, 0x000000070d600000|  0%| F|  |TAMS 0x000000070d400000, 0x000000070d400000| Untracked 
|  70|0x000000070d600000, 0x000000070d600000, 0x000000070d800000|  0%| F|  |TAMS 0x000000070d600000, 0x000000070d600000| Untracked 
|  71|0x000000070d800000, 0x000000070d800000, 0x000000070da00000|  0%| F|  |TAMS 0x000000070d800000, 0x000000070d800000| Untracked 
|  72|0x000000070da00000, 0x000000070da00000, 0x000000070dc00000|  0%| F|  |TAMS 0x000000070da00000, 0x000000070da00000| Untracked 
|  73|0x000000070dc00000, 0x000000070dc00000, 0x000000070de00000|  0%| F|  |TAMS 0x000000070dc00000, 0x000000070dc00000| Untracked 
|  74|0x000000070de00000, 0x000000070de00000, 0x000000070e000000|  0%| F|  |TAMS 0x000000070de00000, 0x000000070de00000| Untracked 
|  75|0x000000070e000000, 0x000000070e000000, 0x000000070e200000|  0%| F|  |TAMS 0x000000070e000000, 0x000000070e000000| Untracked 
|  76|0x000000070e200000, 0x000000070e200000, 0x000000070e400000|  0%| F|  |TAMS 0x000000070e200000, 0x000000070e200000| Untracked 
|  77|0x000000070e400000, 0x000000070e400000, 0x000000070e600000|  0%| F|  |TAMS 0x000000070e400000, 0x000000070e400000| Untracked 
|  78|0x000000070e600000, 0x000000070e600000, 0x000000070e800000|  0%| F|  |TAMS 0x000000070e600000, 0x000000070e600000| Untracked 
|  79|0x000000070e800000, 0x000000070e899480, 0x000000070ea00000| 29%| S|CS|TAMS 0x000000070e800000, 0x000000070e800000| Complete 
|  80|0x000000070ea00000, 0x000000070ec00000, 0x000000070ec00000|100%| S|CS|TAMS 0x000000070ea00000, 0x000000070ea00000| Complete 
|  81|0x000000070ec00000, 0x000000070ee00000, 0x000000070ee00000|100%| S|CS|TAMS 0x000000070ec00000, 0x000000070ec00000| Complete 
|  82|0x000000070ee00000, 0x000000070f000000, 0x000000070f000000|100%| S|CS|TAMS 0x000000070ee00000, 0x000000070ee00000| Complete 
|  83|0x000000070f000000, 0x000000070f200000, 0x000000070f200000|100%| S|CS|TAMS 0x000000070f000000, 0x000000070f000000| Complete 
|  84|0x000000070f200000, 0x000000070f400000, 0x000000070f400000|100%| S|CS|TAMS 0x000000070f200000, 0x000000070f200000| Complete 
|  85|0x000000070f400000, 0x000000070f600000, 0x000000070f600000|100%| S|CS|TAMS 0x000000070f400000, 0x000000070f400000| Complete 
|  86|0x000000070f600000, 0x000000070f800000, 0x000000070f800000|100%| S|CS|TAMS 0x000000070f600000, 0x000000070f600000| Complete 
|  87|0x000000070f800000, 0x000000070f800000, 0x000000070fa00000|  0%| F|  |TAMS 0x000000070f800000, 0x000000070f800000| Untracked 
|  88|0x000000070fa00000, 0x000000070fa00000, 0x000000070fc00000|  0%| F|  |TAMS 0x000000070fa00000, 0x000000070fa00000| Untracked 
|  89|0x000000070fc00000, 0x000000070fc00000, 0x000000070fe00000|  0%| F|  |TAMS 0x000000070fc00000, 0x000000070fc00000| Untracked 
|  90|0x000000070fe00000, 0x000000070fe00000, 0x0000000710000000|  0%| F|  |TAMS 0x000000070fe00000, 0x000000070fe00000| Untracked 
|  91|0x0000000710000000, 0x0000000710000000, 0x0000000710200000|  0%| F|  |TAMS 0x0000000710000000, 0x0000000710000000| Untracked 
|  92|0x0000000710200000, 0x0000000710200000, 0x0000000710400000|  0%| F|  |TAMS 0x0000000710200000, 0x0000000710200000| Untracked 
|  93|0x0000000710400000, 0x0000000710400000, 0x0000000710600000|  0%| F|  |TAMS 0x0000000710400000, 0x0000000710400000| Untracked 
|  94|0x0000000710600000, 0x0000000710700800, 0x0000000710800000| 50%| E|  |TAMS 0x0000000710600000, 0x0000000710600000| Complete 
|  95|0x0000000710800000, 0x0000000710a00000, 0x0000000710a00000|100%| E|CS|TAMS 0x0000000710800000, 0x0000000710800000| Complete 
|  96|0x0000000710a00000, 0x0000000710c00000, 0x0000000710c00000|100%| E|  |TAMS 0x0000000710a00000, 0x0000000710a00000| Complete 
|  97|0x0000000710c00000, 0x0000000710e00000, 0x0000000710e00000|100%| E|CS|TAMS 0x0000000710c00000, 0x0000000710c00000| Complete 
|  98|0x0000000710e00000, 0x0000000711000000, 0x0000000711000000|100%| E|CS|TAMS 0x0000000710e00000, 0x0000000710e00000| Complete 
|  99|0x0000000711000000, 0x0000000711200000, 0x0000000711200000|100%| E|CS|TAMS 0x0000000711000000, 0x0000000711000000| Complete 
| 100|0x0000000711200000, 0x0000000711400000, 0x0000000711400000|100%| E|CS|TAMS 0x0000000711200000, 0x0000000711200000| Complete 
| 101|0x0000000711400000, 0x0000000711600000, 0x0000000711600000|100%| E|CS|TAMS 0x0000000711400000, 0x0000000711400000| Complete 
| 102|0x0000000711600000, 0x0000000711800000, 0x0000000711800000|100%| E|CS|TAMS 0x0000000711600000, 0x0000000711600000| Complete 
| 103|0x0000000711800000, 0x0000000711a00000, 0x0000000711a00000|100%| E|CS|TAMS 0x0000000711800000, 0x0000000711800000| Complete 
| 104|0x0000000711a00000, 0x0000000711c00000, 0x0000000711c00000|100%| E|CS|TAMS 0x0000000711a00000, 0x0000000711a00000| Complete 
| 105|0x0000000711c00000, 0x0000000711e00000, 0x0000000711e00000|100%| E|CS|TAMS 0x0000000711c00000, 0x0000000711c00000| Complete 
| 106|0x0000000711e00000, 0x0000000712000000, 0x0000000712000000|100%| E|CS|TAMS 0x0000000711e00000, 0x0000000711e00000| Complete 
| 107|0x0000000712000000, 0x0000000712200000, 0x0000000712200000|100%| E|CS|TAMS 0x0000000712000000, 0x0000000712000000| Complete 
| 108|0x0000000712200000, 0x0000000712400000, 0x0000000712400000|100%| E|CS|TAMS 0x0000000712200000, 0x0000000712200000| Complete 
| 109|0x0000000712400000, 0x0000000712600000, 0x0000000712600000|100%| E|CS|TAMS 0x0000000712400000, 0x0000000712400000| Complete 
| 110|0x0000000712600000, 0x0000000712800000, 0x0000000712800000|100%| E|CS|TAMS 0x0000000712600000, 0x0000000712600000| Complete 
| 111|0x0000000712800000, 0x0000000712a00000, 0x0000000712a00000|100%| E|CS|TAMS 0x0000000712800000, 0x0000000712800000| Complete 
| 112|0x0000000712a00000, 0x0000000712c00000, 0x0000000712c00000|100%| E|CS|TAMS 0x0000000712a00000, 0x0000000712a00000| Complete 
| 113|0x0000000712c00000, 0x0000000712e00000, 0x0000000712e00000|100%| E|CS|TAMS 0x0000000712c00000, 0x0000000712c00000| Complete 
| 114|0x0000000712e00000, 0x0000000713000000, 0x0000000713000000|100%| E|CS|TAMS 0x0000000712e00000, 0x0000000712e00000| Complete 
| 115|0x0000000713000000, 0x0000000713200000, 0x0000000713200000|100%| E|CS|TAMS 0x0000000713000000, 0x0000000713000000| Complete 
| 116|0x0000000713200000, 0x0000000713400000, 0x0000000713400000|100%| E|CS|TAMS 0x0000000713200000, 0x0000000713200000| Complete 
| 117|0x0000000713400000, 0x0000000713600000, 0x0000000713600000|100%| E|CS|TAMS 0x0000000713400000, 0x0000000713400000| Complete 
| 118|0x0000000713600000, 0x0000000713800000, 0x0000000713800000|100%| E|CS|TAMS 0x0000000713600000, 0x0000000713600000| Complete 
| 119|0x0000000713800000, 0x0000000713a00000, 0x0000000713a00000|100%| E|CS|TAMS 0x0000000713800000, 0x0000000713800000| Complete 
| 120|0x0000000713a00000, 0x0000000713c00000, 0x0000000713c00000|100%| E|CS|TAMS 0x0000000713a00000, 0x0000000713a00000| Complete 
| 121|0x0000000713c00000, 0x0000000713e00000, 0x0000000713e00000|100%| E|CS|TAMS 0x0000000713c00000, 0x0000000713c00000| Complete 
| 122|0x0000000713e00000, 0x0000000714000000, 0x0000000714000000|100%| E|CS|TAMS 0x0000000713e00000, 0x0000000713e00000| Complete 
| 123|0x0000000714000000, 0x0000000714200000, 0x0000000714200000|100%| E|CS|TAMS 0x0000000714000000, 0x0000000714000000| Complete 
| 124|0x0000000714200000, 0x0000000714400000, 0x0000000714400000|100%| E|CS|TAMS 0x0000000714200000, 0x0000000714200000| Complete 
| 125|0x0000000714400000, 0x0000000714600000, 0x0000000714600000|100%| E|CS|TAMS 0x0000000714400000, 0x0000000714400000| Complete 

Card table byte_map: [0x00000282b3930000,0x00000282b4110000] _byte_map_base: 0x00000282b010b000

Marking Bits (Prev, Next): (CMBitMap*) 0x000002829c0c8f20, (CMBitMap*) 0x000002829c0c8f60
 Prev Bits: [0x00000282b48f0000, 0x00000282b87c8000)
 Next Bits: [0x00000282b87d0000, 0x00000282bc6a8000)

Polling page: 0x000002829a030000

Metaspace:

Usage:
  Non-class:     16.57 MB used.
      Class:      1.41 MB used.
       Both:     17.98 MB used.

Virtual space:
  Non-class space:       24.00 MB reserved,      16.69 MB ( 70%) committed,  3 nodes.
      Class space:        1.00 GB reserved,       1.56 MB ( <1%) committed,  1 nodes.
             Both:        1.02 GB reserved,      18.25 MB (  2%) committed. 

Chunk freelists:
   Non-Class:  2.56 MB
       Class:  2.50 MB
        Both:  5.06 MB

MaxMetaspaceSize: unlimited
CompressedClassSpaceSize: 1.00 GB
Initial GC threshold: 21.00 MB
Current GC threshold: 21.00 MB
CDS: on
MetaspaceReclaimPolicy: balanced
 - commit_granule_bytes: 65536.
 - commit_granule_words: 8192.
 - virtual_space_node_default_size: 1048576.
 - enlarge_chunks_in_place: 1.
 - new_chunks_are_fully_committed: 0.
 - uncommit_free_chunks: 1.
 - use_allocation_guard: 0.
 - handle_deallocations: 1.


Internal statistics:

num_allocs_failed_limit: 0.
num_arena_births: 170.
num_arena_deaths: 0.
num_vsnodes_births: 4.
num_vsnodes_deaths: 0.
num_space_committed: 288.
num_space_uncommitted: 0.
num_chunks_returned_to_freelist: 0.
num_chunks_taken_from_freelist: 527.
num_chunk_merges: 0.
num_chunk_splits: 382.
num_chunks_enlarged: 297.
num_purges: 0.
num_inconsistent_stats: 0.

CodeHeap 'non-profiled nmethods': size=119168Kb used=1182Kb max_used=1182Kb free=117985Kb
 bounds [0x00000282ab470000, 0x00000282ab6e0000, 0x00000282b28d0000]
CodeHeap 'profiled nmethods': size=119104Kb used=5684Kb max_used=5684Kb free=113419Kb
 bounds [0x00000282a38d0000, 0x00000282a3e60000, 0x00000282aad20000]
CodeHeap 'non-nmethods': size=7488Kb used=2767Kb max_used=3356Kb free=4720Kb
 bounds [0x00000282aad20000, 0x00000282ab070000, 0x00000282ab470000]
 total_blobs=3846 nmethods=2788 adapters=968
 compilation: enabled
              stopped_count=0, restarted_count=0
 full_count=0

Compilation events (20 events):
Event: 14.349 Thread 0x00000282d435d5a0 2783       3       processing.opengl.PGraphicsOpenGL$InGeometry::expandSpecular (24 bytes)
Event: 14.349 Thread 0x00000282d435f400 2784       3       processing.opengl.PGraphicsOpenGL$InGeometry::expandEmissive (24 bytes)
Event: 14.349 Thread 0x00000282c0045f30 nmethod 2782 0x00000282a3e54f10 code [0x00000282a3e550c0, 0x00000282a3e55328]
Event: 14.349 Thread 0x00000282c0045f30 2785       3       processing.opengl.PGraphicsOpenGL$InGeometry::expandShininess (24 bytes)
Event: 14.349 Thread 0x00000282d435f400 nmethod 2784 0x00000282a3e55410 code [0x00000282a3e555c0, 0x00000282a3e55828]
Event: 14.349 Thread 0x00000282d435d5a0 nmethod 2783 0x00000282a3e55910 code [0x00000282a3e55ac0, 0x00000282a3e55d28]
Event: 14.349 Thread 0x00000282d435f400 2786       3       processing.opengl.PGraphicsOpenGL$InGeometry::expandAttribs (109 bytes)
Event: 14.349 Thread 0x00000282c0045f30 nmethod 2785 0x00000282a3e55e10 code [0x00000282a3e55fc0, 0x00000282a3e56228]
Event: 14.350 Thread 0x00000282d435f400 nmethod 2786 0x00000282a3e56310 code [0x00000282a3e565a0, 0x00000282a3e57408]
Event: 14.365 Thread 0x00000282c0043570 nmethod 2776% 0x00000282ab593c10 code [0x00000282ab593e60, 0x00000282ab595e48]
Event: 14.365 Thread 0x00000282c0043570 2780       4       processing.opengl.PJOGL::bindBuffer (12 bytes)
Event: 14.368 Thread 0x00000282c0043570 nmethod 2780 0x00000282ab597110 code [0x00000282ab5972a0, 0x00000282ab597508]
Event: 14.512 Thread 0x00000282c0045f30 2787       3       processing.opengl.PGraphicsOpenGL::hint (340 bytes)
Event: 14.512 Thread 0x00000282d435d5a0 2788       3       processing.core.PGraphics::hint (70 bytes)
Event: 14.512 Thread 0x00000282d435d5a0 nmethod 2788 0x00000282a3e57890 code [0x00000282a3e57a60, 0x00000282a3e57dc8]
Event: 14.513 Thread 0x00000282d435d5a0 2789       1       processing.event.Event::getAction (5 bytes)
Event: 14.513 Thread 0x00000282d435f400 2790   !   3       processing.core.PApplet$RegisteredMethods::handle (169 bytes)
Event: 14.513 Thread 0x00000282d435d5a0 nmethod 2789 0x00000282ab597810 code [0x00000282ab5979a0, 0x00000282ab597a78]
Event: 14.513 Thread 0x00000282c0045f30 nmethod 2787 0x00000282a3e57f90 code [0x00000282a3e583a0, 0x00000282a3e5a2e8]
Event: 14.514 Thread 0x00000282d435f400 nmethod 2790 0x00000282a3e5a910 code [0x00000282a3e5aca0, 0x00000282a3e5c958]

GC Heap History (6 events):
Event: 0.845 GC heap before
{Heap before GC invocations=0 (full 0):
 garbage-first heap   total 258048K, used 20480K [0x0000000704a00000, 0x0000000800000000)
  region size 2048K, 11 young (22528K), 0 survivors (0K)
 Metaspace       used 10521K, committed 10688K, reserved 1064960K
  class space    used 735K, committed 832K, reserved 1048576K
}
Event: 0.853 GC heap after
{Heap after GC invocations=1 (full 0):
 garbage-first heap   total 258048K, used 2671K [0x0000000704a00000, 0x0000000800000000)
  region size 2048K, 2 young (4096K), 2 survivors (4096K)
 Metaspace       used 10521K, committed 10688K, reserved 1064960K
  class space    used 735K, committed 832K, reserved 1048576K
}
Event: 2.790 GC heap before
{Heap before GC invocations=1 (full 0):
 garbage-first heap   total 258048K, used 53871K [0x0000000704a00000, 0x0000000800000000)
  region size 2048K, 20 young (40960K), 2 survivors (4096K)
 Metaspace       used 14331K, committed 14528K, reserved 1064960K
  class space    used 1113K, committed 1216K, reserved 1048576K
}
Event: 2.795 GC heap after
{Heap after GC invocations=2 (full 0):
 garbage-first heap   total 258048K, used 16500K [0x0000000704a00000, 0x0000000800000000)
  region size 2048K, 3 young (6144K), 3 survivors (6144K)
 Metaspace       used 14331K, committed 14528K, reserved 1064960K
  class space    used 1113K, committed 1216K, reserved 1048576K
}
Event: 11.784 GC heap before
{Heap before GC invocations=2 (full 0):
 garbage-first heap   total 258048K, used 188532K [0x0000000704a00000, 0x0000000800000000)
  region size 2048K, 39 young (79872K), 3 survivors (6144K)
 Metaspace       used 18304K, committed 18560K, reserved 1073152K
  class space    used 1440K, committed 1600K, reserved 1048576K
}
Event: 11.792 GC heap after
{Heap after GC invocations=3 (full 0):
 garbage-first heap   total 258048K, used 62169K [0x0000000704a00000, 0x0000000800000000)
  region size 2048K, 8 young (16384K), 8 survivors (16384K)
 Metaspace       used 18304K, committed 18560K, reserved 1073152K
  class space    used 1440K, committed 1600K, reserved 1048576K
}

Deoptimization events (20 events):
Event: 9.159 Thread 0x00000282c01999f0 Uncommon trap: trap_request=0xffffffbe fr.pc=0x00000282ab55cfc4 relative=0x0000000000000de4
Event: 9.159 Thread 0x00000282c01999f0 Uncommon trap: reason=profile_predicate action=maybe_recompile pc=0x00000282ab55cfc4 method=java.util.regex.Pattern$BnM.optimize(Ljava/util/regex/Pattern$Node;)Ljava/util/regex/Pattern$Node; @ 67 c2
Event: 9.159 Thread 0x00000282c01999f0 DEOPT PACKING pc=0x00000282ab55cfc4 sp=0x00000097972fe330
Event: 9.159 Thread 0x00000282c01999f0 DEOPT UNPACKING pc=0x00000282aad75ba3 sp=0x00000097972fe280 mode 2
Event: 9.159 Thread 0x00000282c01999f0 Uncommon trap: trap_request=0xffffffbe fr.pc=0x00000282ab55cfc4 relative=0x0000000000000de4
Event: 9.159 Thread 0x00000282c01999f0 Uncommon trap: reason=profile_predicate action=maybe_recompile pc=0x00000282ab55cfc4 method=java.util.regex.Pattern$BnM.optimize(Ljava/util/regex/Pattern$Node;)Ljava/util/regex/Pattern$Node; @ 67 c2
Event: 9.159 Thread 0x00000282c01999f0 DEOPT PACKING pc=0x00000282ab55cfc4 sp=0x00000097972fe330
Event: 9.159 Thread 0x00000282c01999f0 DEOPT UNPACKING pc=0x00000282aad75ba3 sp=0x00000097972fe280 mode 2
Event: 14.074 Thread 0x00000282c01999f0 DEOPT PACKING pc=0x00000282a3e176ac sp=0x00000097972fe6b0
Event: 14.074 Thread 0x00000282c01999f0 DEOPT UNPACKING pc=0x00000282aad766e3 sp=0x00000097972fdb50 mode 0
Event: 14.249 Thread 0x00000282c01999f0 DEOPT PACKING pc=0x00000282a3ddeb93 sp=0x00000097972fe570
Event: 14.249 Thread 0x00000282c01999f0 DEOPT UNPACKING pc=0x00000282aad766e3 sp=0x00000097972fda18 mode 0
Event: 14.257 Thread 0x00000282c01999f0 DEOPT PACKING pc=0x00000282a3ddeb93 sp=0x00000097972fe570
Event: 14.257 Thread 0x00000282c01999f0 DEOPT UNPACKING pc=0x00000282aad766e3 sp=0x00000097972fda18 mode 0
Event: 14.326 Thread 0x00000282c01999f0 DEOPT PACKING pc=0x00000282a3e2f4c3 sp=0x00000097972fe5b0
Event: 14.326 Thread 0x00000282c01999f0 DEOPT UNPACKING pc=0x00000282aad766e3 sp=0x00000097972fdac0 mode 0
Event: 14.337 Thread 0x00000282c01999f0 DEOPT PACKING pc=0x00000282a3e2f4c3 sp=0x00000097972fe5b0
Event: 14.337 Thread 0x00000282c01999f0 DEOPT UNPACKING pc=0x00000282aad766e3 sp=0x00000097972fdac0 mode 0
Event: 14.354 Thread 0x00000282c01999f0 DEOPT PACKING pc=0x00000282a3e2f4c3 sp=0x00000097972fe5b0
Event: 14.354 Thread 0x00000282c01999f0 DEOPT UNPACKING pc=0x00000282aad766e3 sp=0x00000097972fdac0 mode 0

Classes unloaded (0 events):
No events

Classes redefined (0 events):
No events

Internal exceptions (20 events):
Event: 1.379 Thread 0x000002829c05c800 Exception <a 'java/lang/NoSuchMethodError'{0x00000007139eb978}: 'java.lang.Object java.lang.invoke.DirectMethodHandle$Holder.newInvokeSpecial(java.lang.Object, java.lang.Object, int)'> (0x00000007139eb978) 
thrown [s\open\src\hotspot\share\interpreter\linkResolver.cpp, line 759]
Event: 1.473 Thread 0x00000282c0198b80 Exception <a 'java/lang/NoSuchMethodError'{0x0000000713645868}: 'void java.lang.invoke.DirectMethodHandle$Holder.invokeSpecial(java.lang.Object, java.lang.Object, int, int)'> (0x0000000713645868) 
thrown [s\open\src\hotspot\share\interpreter\linkResolver.cpp, line 759]
Event: 1.474 Thread 0x00000282c0198b80 Exception <a 'java/lang/NoSuchMethodError'{0x000000071364bd28}: 'java.lang.Object java.lang.invoke.DirectMethodHandle$Holder.newInvokeSpecial(java.lang.Object, java.lang.Object, int, int)'> (0x000000071364bd28) 
thrown [s\open\src\hotspot\share\interpreter\linkResolver.cpp, line 759]
Event: 1.487 Thread 0x00000282c0198b80 Exception <a 'java/io/IOException'{0x00000007136a79c8}> (0x00000007136a79c8) 
thrown [s\open\src\hotspot\share\prims\jni.cpp, line 516]
Event: 1.487 Thread 0x00000282c0198b80 Exception <a 'java/io/IOException'{0x00000007136a7d60}> (0x00000007136a7d60) 
thrown [s\open\src\hotspot\share\prims\jni.cpp, line 516]
Event: 1.525 Thread 0x00000282c0198b80 Exception <a 'java/io/IOException'{0x000000071349bd18}> (0x000000071349bd18) 
thrown [s\open\src\hotspot\share\prims\jni.cpp, line 516]
Event: 1.525 Thread 0x00000282c0198b80 Exception <a 'java/io/IOException'{0x000000071349c028}> (0x000000071349c028) 
thrown [s\open\src\hotspot\share\prims\jni.cpp, line 516]
Event: 1.539 Thread 0x00000282c0198b80 Exception <a 'java/io/IOException'{0x00000007134b4970}> (0x00000007134b4970) 
thrown [s\open\src\hotspot\share\prims\jni.cpp, line 516]
Event: 1.539 Thread 0x00000282c0198b80 Exception <a 'java/io/IOException'{0x00000007134b4f28}> (0x00000007134b4f28) 
thrown [s\open\src\hotspot\share\prims\jni.cpp, line 516]
Event: 2.544 Thread 0x00000282c0198b80 Exception <a 'java/io/IOException'{0x00000007135d2f00}> (0x00000007135d2f00) 
thrown [s\open\src\hotspot\share\prims\jni.cpp, line 516]
Event: 2.544 Thread 0x00000282c0198b80 Exception <a 'java/io/IOException'{0x00000007135d34b8}> (0x00000007135d34b8) 
thrown [s\open\src\hotspot\share\prims\jni.cpp, line 516]
Event: 2.545 Thread 0x00000282c019a390 Exception <a 'java/io/IOException'{0x00000007135f2e28}> (0x00000007135f2e28) 
thrown [s\open\src\hotspot\share\prims\jni.cpp, line 516]
Event: 2.545 Thread 0x00000282c019a390 Exception <a 'java/io/IOException'{0x00000007135f3138}> (0x00000007135f3138) 
thrown [s\open\src\hotspot\share\prims\jni.cpp, line 516]
Event: 2.550 Thread 0x00000282c0198b80 Exception <a 'java/io/IOException'{0x00000007135d8420}> (0x00000007135d8420) 
thrown [s\open\src\hotspot\share\prims\jni.cpp, line 516]
Event: 2.550 Thread 0x00000282c0198b80 Exception <a 'java/io/IOException'{0x00000007135d8730}> (0x00000007135d8730) 
thrown [s\open\src\hotspot\share\prims\jni.cpp, line 516]
Event: 2.576 Thread 0x00000282c0198b80 Exception <a 'java/io/IOException'{0x00000007133fa710}> (0x00000007133fa710) 
thrown [s\open\src\hotspot\share\prims\jni.cpp, line 516]
Event: 2.576 Thread 0x00000282c0198b80 Exception <a 'java/io/IOException'{0x00000007133faa20}> (0x00000007133faa20) 
thrown [s\open\src\hotspot\share\prims\jni.cpp, line 516]
Event: 2.588 Thread 0x00000282c0197370 Exception <a 'java/lang/NoSuchMethodError'{0x00000007130b62e0}: 'java.lang.Object java.lang.invoke.DirectMethodHandle$Holder.newInvokeSpecial(java.lang.Object, java.lang.Object, java.lang.Object, int, int, int, int, int)'> (0x00000007130b62e0) 
thrown [s\open\src\hotspot\share\interpreter\linkResolver.cpp, line 759]
Event: 3.564 Thread 0x00000282c0198b80 Implicit null exception at 0x00000282ab537183 to 0x00000282ab537200
Event: 14.513 Thread 0x00000282c01981e0 Exception <a 'java/lang/InterruptedException'{0x0000000710b94e58}> (0x0000000710b94e58) 
thrown [s\open\src\hotspot\share\runtime\objectMonitor.cpp, line 1661]

VM Operations (20 events):
Event: 3.552 Executing VM operation: HandshakeAllThreads done
Event: 3.994 Executing VM operation: ICBufferFull
Event: 3.994 Executing VM operation: ICBufferFull done
Event: 4.995 Executing VM operation: Cleanup
Event: 4.995 Executing VM operation: Cleanup done
Event: 5.995 Executing VM operation: Cleanup
Event: 5.995 Executing VM operation: Cleanup done
Event: 6.995 Executing VM operation: Cleanup
Event: 6.996 Executing VM operation: Cleanup done
Event: 7.996 Executing VM operation: Cleanup
Event: 7.996 Executing VM operation: Cleanup done
Event: 8.997 Executing VM operation: Cleanup
Event: 8.997 Executing VM operation: Cleanup done
Event: 9.998 Executing VM operation: Cleanup
Event: 9.998 Executing VM operation: Cleanup done
Event: 10.998 Executing VM operation: Cleanup
Event: 10.998 Executing VM operation: Cleanup done
Event: 11.784 Executing VM operation: G1TryInitiateConcMark
Event: 11.792 Executing VM operation: G1TryInitiateConcMark done
Event: 14.618 Executing VM operation: Exit

Events (20 events):
Event: 9.423 Thread 0x00000282d435dfc0 Thread exited: 0x00000282d435dfc0
Event: 11.693 Thread 0x00000282c015f7a0 Thread exited: 0x00000282c015f7a0
Event: 13.697 Thread 0x00000282c015f290 Thread exited: 0x00000282c015f290
Event: 14.264 Thread 0x00000282d435f400 Thread added: 0x00000282d435f400
Event: 14.264 Thread 0x00000282d435d5a0 Thread added: 0x00000282d435d5a0
Event: 14.513 Thread 0x00000282c01981e0 Thread exited: 0x00000282c01981e0
Event: 14.515 Thread 0x00000282d489dd10 Thread added: 0x00000282d489dd10
Event: 14.515 Thread 0x00000282d489b1c0 Thread added: 0x00000282d489b1c0
Event: 14.515 Thread 0x00000282d48a0d30 Thread added: 0x00000282d48a0d30
Event: 14.515 Thread 0x00000282d489d840 Thread added: 0x00000282d489d840
Event: 14.516 Thread 0x00000282d48a0d30 Thread exited: 0x00000282d48a0d30
Event: 14.516 Thread 0x00000282d489acf0 Thread added: 0x00000282d489acf0
Event: 14.516 loading class java/nio/channels/ClosedChannelException
Event: 14.516 Thread 0x00000282c0199520 Thread exited: 0x00000282c0199520
Event: 14.516 loading class java/nio/channels/ClosedChannelException done
Event: 14.516 Thread 0x00000282d489b1c0 Thread exited: 0x00000282d489b1c0
Event: 14.518 Thread 0x00000282c01986b0 Thread exited: 0x00000282c01986b0
Event: 14.542 Thread 0x00000282c0197840 Thread exited: 0x00000282c0197840
Event: 14.545 Thread 0x00000282d489dd10 Thread exited: 0x00000282d489dd10
Event: 14.617 Thread 0x00000282d489d840 Thread exited: 0x00000282d489d840


Dynamic libraries:
0x00007ff65d360000 - 0x00007ff65d370000 	C:\Program Files\Java\jdk-17\bin\javaw.exe
0x00007ffa9ceb0000 - 0x00007ffa9d0c4000 	C:\WINDOWS\SYSTEM32\ntdll.dll
0x00007ffa9b2e0000 - 0x00007ffa9b3a4000 	C:\WINDOWS\System32\KERNEL32.DLL
0x00007ffa9a260000 - 0x00007ffa9a604000 	C:\WINDOWS\System32\KERNELBASE.dll
0x00007ffa97340000 - 0x00007ffa973d7000 	C:\WINDOWS\SYSTEM32\apphelp.dll
0x00007ffa9a7d0000 - 0x00007ffa9a8e1000 	C:\WINDOWS\System32\ucrtbase.dll
0x00007ffa33890000 - 0x00007ffa338a8000 	C:\Program Files\Java\jdk-17\bin\jli.dll
0x00007ffa33590000 - 0x00007ffa335ab000 	C:\Program Files\Java\jdk-17\bin\VCRUNTIME140.dll
0x00007ffa9c4c0000 - 0x00007ffa9c570000 	C:\WINDOWS\System32\ADVAPI32.dll
0x00007ffa9ae30000 - 0x00007ffa9aed7000 	C:\WINDOWS\System32\msvcrt.dll
0x00007ffa9c2e0000 - 0x00007ffa9c386000 	C:\WINDOWS\System32\sechost.dll
0x00007ffa9c390000 - 0x00007ffa9c4a7000 	C:\WINDOWS\System32\RPCRT4.dll
0x00007ffa9aef0000 - 0x00007ffa9b09e000 	C:\WINDOWS\System32\USER32.dll
0x00007ffa824b0000 - 0x00007ffa82743000 	C:\WINDOWS\WinSxS\amd64_microsoft.windows.common-controls_6595b64144ccf1df_6.0.22621.2215_none_270d72677387dfc3\COMCTL32.dll
0x00007ffa9a690000 - 0x00007ffa9a6b6000 	C:\WINDOWS\System32\win32u.dll
0x00007ffa9ce40000 - 0x00007ffa9ce69000 	C:\WINDOWS\System32\GDI32.dll
0x00007ffa9aa60000 - 0x00007ffa9ab78000 	C:\WINDOWS\System32\gdi32full.dll
0x00007ffa9a730000 - 0x00007ffa9a7ca000 	C:\WINDOWS\System32\msvcp_win.dll
0x00007ffa90580000 - 0x00007ffa9058a000 	C:\WINDOWS\SYSTEM32\VERSION.dll
0x00007ffa9c1c0000 - 0x00007ffa9c1f1000 	C:\WINDOWS\System32\IMM32.DLL
0x00007ffa67710000 - 0x00007ffa6771c000 	C:\Program Files\Java\jdk-17\bin\vcruntime140_1.dll
0x00007ffa05870000 - 0x00007ffa058fe000 	C:\Program Files\Java\jdk-17\bin\msvcp140.dll
0x00007ff9c9460000 - 0x00007ff9ca037000 	C:\Program Files\Java\jdk-17\bin\server\jvm.dll
0x00007ffa9aee0000 - 0x00007ffa9aee8000 	C:\WINDOWS\System32\PSAPI.DLL
0x00007ffa8f200000 - 0x00007ffa8f234000 	C:\WINDOWS\SYSTEM32\WINMM.dll
0x00007ffa59480000 - 0x00007ffa59489000 	C:\WINDOWS\SYSTEM32\WSOCK32.dll
0x00007ffa9b240000 - 0x00007ffa9b2b1000 	C:\WINDOWS\System32\WS2_32.dll
0x00007ffa992c0000 - 0x00007ffa992d8000 	C:\WINDOWS\SYSTEM32\kernel.appcore.dll
0x00007ffa66fb0000 - 0x00007ffa66fba000 	C:\Program Files\Java\jdk-17\bin\jimage.dll
0x00007ffa97b80000 - 0x00007ffa97dae000 	C:\WINDOWS\SYSTEM32\DBGHELP.DLL
0x00007ffa9b670000 - 0x00007ffa9b9fa000 	C:\WINDOWS\System32\combase.dll
0x00007ffa9c200000 - 0x00007ffa9c2d7000 	C:\WINDOWS\System32\OLEAUT32.dll
0x00007ffa7f1e0000 - 0x00007ffa7f212000 	C:\WINDOWS\SYSTEM32\dbgcore.DLL
0x00007ffa9a610000 - 0x00007ffa9a68a000 	C:\WINDOWS\System32\bcryptPrimitives.dll
0x00007ffa28550000 - 0x00007ffa28575000 	C:\Program Files\Java\jdk-17\bin\java.dll
0x00007ffa00250000 - 0x00007ffa00327000 	C:\Program Files\Java\jdk-17\bin\jsvml.dll
0x00007ffa9c610000 - 0x00007ffa9ce33000 	C:\WINDOWS\System32\SHELL32.dll
0x00007ffa981a0000 - 0x00007ffa98a8a000 	C:\WINDOWS\SYSTEM32\windows.storage.dll
0x00007ffa98060000 - 0x00007ffa9819e000 	C:\WINDOWS\SYSTEM32\wintypes.dll
0x00007ffa9b570000 - 0x00007ffa9b663000 	C:\WINDOWS\System32\SHCORE.dll
0x00007ffa9ac40000 - 0x00007ffa9ac9e000 	C:\WINDOWS\System32\shlwapi.dll
0x00007ffa9a190000 - 0x00007ffa9a1b6000 	C:\WINDOWS\SYSTEM32\profapi.dll
0x00007ffa2ef30000 - 0x00007ffa2ef49000 	C:\Program Files\Java\jdk-17\bin\net.dll
0x00007ffa8fee0000 - 0x00007ffa90017000 	C:\WINDOWS\SYSTEM32\WINHTTP.dll
0x00007ffa997e0000 - 0x00007ffa99849000 	C:\WINDOWS\system32\mswsock.dll
0x00007ffa28b30000 - 0x00007ffa28b46000 	C:\Program Files\Java\jdk-17\bin\nio.dll
0x00007ffa289e0000 - 0x00007ffa289f8000 	C:\Program Files\Java\jdk-17\bin\zip.dll
0x00007ff9ef370000 - 0x00007ff9ef501000 	C:\Program Files\Java\jdk-17\bin\awt.dll
0x00007ffa97400000 - 0x00007ffa974ab000 	C:\WINDOWS\system32\uxtheme.dll
0x00007ffa4fbd0000 - 0x00007ffa4fd09000 	C:\ProgramData\A-Volute\A-Volute.Nahimic\Modules\Scheduled\x64\AudioDevProps2.dll
0x00007ffa9c020000 - 0x00007ffa9c1be000 	C:\WINDOWS\System32\ole32.dll
0x00007ffa9b0a0000 - 0x00007ffa9b1e9000 	C:\WINDOWS\System32\MSCTF.dll
0x00007ffa97810000 - 0x00007ffa9783b000 	C:\WINDOWS\system32\DWMAPI.DLL
0x00007ffa7e970000 - 0x00007ffa7ea70000 	C:\WINDOWS\system32\opengl32.dll
0x00007ffa7f150000 - 0x00007ffa7f17d000 	C:\WINDOWS\SYSTEM32\GLU32.dll
0x00007ffa974e0000 - 0x00007ffa97518000 	C:\WINDOWS\SYSTEM32\dxcore.dll
0x00007ffa99a50000 - 0x00007ffa99a6b000 	C:\WINDOWS\SYSTEM32\CRYPTSP.dll
0x00007ffa99280000 - 0x00007ffa992b5000 	C:\WINDOWS\system32\rsaenh.dll
0x00007ffa998b0000 - 0x00007ffa998dc000 	C:\WINDOWS\SYSTEM32\USERENV.dll
0x00007ffa99c10000 - 0x00007ffa99c38000 	C:\WINDOWS\SYSTEM32\bcrypt.dll
0x00007ffa99a70000 - 0x00007ffa99a7c000 	C:\WINDOWS\SYSTEM32\CRYPTBASE.dll
0x00007ffa98d30000 - 0x00007ffa98d5d000 	C:\WINDOWS\SYSTEM32\IPHLPAPI.DLL
0x00007ffa9ae20000 - 0x00007ffa9ae29000 	C:\WINDOWS\System32\NSI.dll
0x00007ffa90590000 - 0x00007ffa905a9000 	C:\WINDOWS\SYSTEM32\dhcpcsvc6.DLL
0x00007ffa8fa40000 - 0x00007ffa8fa5f000 	C:\WINDOWS\SYSTEM32\dhcpcsvc.DLL
0x00007ffa98d60000 - 0x00007ffa98e52000 	C:\WINDOWS\SYSTEM32\DNSAPI.dll
0x000000006e8c0000 - 0x000000006e8cd000 	C:\Users\mcris\Desktop\CelestialVibes\src\CelestialVibesPDE\windows-amd64\lib\gluegen_rt.dll
0x00007ffa8f330000 - 0x00007ffa8f337000 	C:\Program Files\Java\jdk-17\bin\jawt.dll
0x000000006a440000 - 0x000000006a44d000 	C:\Users\mcris\Desktop\CelestialVibes\src\CelestialVibesPDE\windows-amd64\lib\nativewindow_awt.dll
0x000000006c100000 - 0x000000006c110000 	C:\Users\mcris\Desktop\CelestialVibes\src\CelestialVibesPDE\windows-amd64\lib\nativewindow_win32.dll
0x0000000064500000 - 0x0000000064585000 	C:\Users\mcris\Desktop\CelestialVibes\src\CelestialVibesPDE\windows-amd64\lib\jogl_desktop.dll
0x0000000064340000 - 0x0000000064391000 	C:\Users\mcris\Desktop\CelestialVibes\src\CelestialVibesPDE\windows-amd64\lib\jogl_mobile.dll
0x00007ffa92840000 - 0x00007ffa9288a000 	C:\WINDOWS\SYSTEM32\directxdatabasehelper.dll
0x00007ffa9ad70000 - 0x00007ffa9ae20000 	C:\WINDOWS\System32\clbcatq.dll
0x00007ff9d6d50000 - 0x00007ff9d7dd7000 	C:\WINDOWS\System32\DriverStore\FileRepository\iigd_dch.inf_amd64_357acc06f2c40efb\igxelpicd64.dll
0x00007ffa97520000 - 0x00007ffa97618000 	C:\WINDOWS\system32\dxgi.dll
0x00007ffa004a0000 - 0x00007ffa005dc000 	C:\WINDOWS\System32\DriverStore\FileRepository\iigd_dch.inf_amd64_357acc06f2c40efb\igdml64.dll
0x00007ffa8b420000 - 0x00007ffa8b829000 	C:\WINDOWS\System32\DriverStore\FileRepository\iigd_dch.inf_amd64_357acc06f2c40efb\igdgmm64.dll
0x00007ffa99f70000 - 0x00007ffa99f9c000 	C:\WINDOWS\SYSTEM32\DEVOBJ.dll
0x00007ffa99f20000 - 0x00007ffa99f6e000 	C:\WINDOWS\SYSTEM32\cfgmgr32.dll
0x00007ffa9a6c0000 - 0x00007ffa9a72b000 	C:\WINDOWS\System32\WINTRUST.dll
0x00007ffa9a8f0000 - 0x00007ffa9aa56000 	C:\WINDOWS\System32\CRYPT32.dll
0x00007ffa99f00000 - 0x00007ffa99f12000 	C:\WINDOWS\SYSTEM32\MSASN1.dll
0x00007ffa86950000 - 0x00007ffa8afd4000 	C:\WINDOWS\System32\DriverStore\FileRepository\iigd_dch.inf_amd64_357acc06f2c40efb\igc64.dll
0x00007ffa992e0000 - 0x00007ffa9932d000 	C:\WINDOWS\SYSTEM32\powrprof.dll
0x00007ffa99260000 - 0x00007ffa99273000 	C:\WINDOWS\SYSTEM32\UMPDC.dll
0x0000000070d80000 - 0x0000000070d93000 	C:\Users\mcris\Desktop\CelestialVibes\src\CelestialVibesPDE\windows-amd64\lib\newt_head.dll
0x00007ffa90300000 - 0x00007ffa903bc000 	C:\WINDOWS\SYSTEM32\mscms.dll
0x00007ffa42260000 - 0x00007ffa422a9000 	C:\WINDOWS\SYSTEM32\icm32.dll
0x00007ffa9ba00000 - 0x00007ffa9be74000 	C:\WINDOWS\System32\setupapi.dll
0x00007ffa74b50000 - 0x00007ffa74c94000 	C:\WINDOWS\SYSTEM32\textinputframework.dll
0x00007ffa96f70000 - 0x00007ffa970a3000 	C:\WINDOWS\SYSTEM32\CoreMessaging.dll
0x00007ffa91650000 - 0x00007ffa919bc000 	C:\WINDOWS\SYSTEM32\CoreUIComponents.dll
0x00007ffa8f320000 - 0x00007ffa8f330000 	C:\Program Files\Java\jdk-17\bin\verify.dll
0x00007ffa955f0000 - 0x00007ffa95607000 	C:\WINDOWS\system32\napinsp.dll
0x00007ffa84260000 - 0x00007ffa8427b000 	C:\WINDOWS\system32\pnrpnsp.dll
0x00007ffa834f0000 - 0x00007ffa83501000 	C:\WINDOWS\System32\winrnr.dll
0x00007ffa8ecc0000 - 0x00007ffa8ecd5000 	C:\WINDOWS\system32\wshbth.dll
0x00007ffa81210000 - 0x00007ffa81231000 	C:\WINDOWS\system32\nlansp_c.dll
0x00007ffa85eb0000 - 0x00007ffa85eba000 	C:\Windows\System32\rasadhlp.dll
0x00007ffa8e770000 - 0x00007ffa8e7f4000 	C:\WINDOWS\System32\fwpuclnt.dll
0x00007ffa7d040000 - 0x00007ffa7d06e000 	C:\Program Files\Java\jdk-17\bin\javajpeg.dll
0x00007ffa422b0000 - 0x00007ffa42336000 	C:\Program Files\Java\jdk-17\bin\freetype.dll
0x00007ffa2f3f0000 - 0x00007ffa2f4b5000 	C:\Program Files\Java\jdk-17\bin\fontmanager.dll

dbghelp: loaded successfully - version: 4.0.5 - missing functions: none
symbol engine: initialized successfully - sym options: 0x614 - pdb path: .;C:\Program Files\Java\jdk-17\bin;C:\WINDOWS\SYSTEM32;C:\WINDOWS\WinSxS\amd64_microsoft.windows.common-controls_6595b64144ccf1df_6.0.22621.2215_none_270d72677387dfc3;C:\Program Files\Java\jdk-17\bin\server;C:\ProgramData\A-Volute\A-Volute.Nahimic\Modules\Scheduled\x64;C:\Users\mcris\Desktop\CelestialVibes\src\CelestialVibesPDE\windows-amd64\lib;C:\WINDOWS\System32\DriverStore\FileRepository\iigd_dch.inf_amd64_357acc06f2c40efb

VM Arguments:
jvm_args: -Djna.nosys=true -Djava.library.path=C:\Users\mcris\Desktop\CelestialVibes\src\CelestialVibesPDE\windows-amd64\lib 
java_command: CelestialVibesPDE
java_class_path (initial): lib\CelestialVibesPDE.jar;lib\core.jar;lib\gluegen-rt.jar;lib\jogl-all.jar;lib\controlP5.jar;lib\peasy-math.jar;lib\peasycam.jar;lib\oscP5.jar;lib\supercollider.jar
Launcher Type: SUN_STANDARD

[Global flags]
     intx CICompilerCount                          = 12                                        {product} {ergonomic}
     uint ConcGCThreads                            = 3                                         {product} {ergonomic}
     uint G1ConcRefinementThreads                  = 13                                        {product} {ergonomic}
   size_t G1HeapRegionSize                         = 2097152                                   {product} {ergonomic}
    uintx GCDrainStackTargetSize                   = 64                                        {product} {ergonomic}
   size_t InitialHeapSize                          = 264241152                                 {product} {ergonomic}
   size_t MarkStackSize                            = 4194304                                   {product} {ergonomic}
   size_t MaxHeapSize                              = 4217372672                                {product} {ergonomic}
   size_t MaxNewSize                               = 2529165312                                {product} {ergonomic}
   size_t MinHeapDeltaBytes                        = 2097152                                   {product} {ergonomic}
   size_t MinHeapSize                              = 8388608                                   {product} {ergonomic}
    uintx NonNMethodCodeHeapSize                   = 7602480                                {pd product} {ergonomic}
    uintx NonProfiledCodeHeapSize                  = 122027880                              {pd product} {ergonomic}
    uintx ProfiledCodeHeapSize                     = 122027880                              {pd product} {ergonomic}
    uintx ReservedCodeCacheSize                    = 251658240                              {pd product} {ergonomic}
     bool SegmentedCodeCache                       = true                                      {product} {ergonomic}
   size_t SoftMaxHeapSize                          = 4217372672                             {manageable} {ergonomic}
     bool UseCompressedClassPointers               = true                           {product lp64_product} {ergonomic}
     bool UseCompressedOops                        = true                           {product lp64_product} {ergonomic}
     bool UseG1GC                                  = true                                      {product} {ergonomic}
     bool UseLargePagesIndividualAllocation        = false                                  {pd product} {ergonomic}

Logging:
Log output configuration:
 #0: stdout all=off uptime,level,tags
 #1: stderr all=off uptime,level,tags

Environment Variables:
PATH=C:\Users\mcris\AppData\Local\Temp\_MEI79042\cv2\../../x64/vc14/bin;C:\Users\mcris\AppData\Local\Temp\_MEI79042\pywin32_system32;C:\Program Files\Common Files\Oracle\Java\javapath;C:\Program Files (x86)\Common Files\Oracle\Java\javapath;C:\Python310\Scripts\;C:\Python310\;C:\Windows\system32;C:\Windows;C:\Windows\System32\Wbem;C:\Windows\System32\WindowsPowerShell\v1.0\;C:\Windows\System32\OpenSSH\;C:\Program Files (x86)\NVIDIA Corporation\PhysX\Common;C:\Program Files\NVIDIA Corporation\NVIDIA NvDLISR;C:\WINDOWS\system32;C:\WINDOWS;C:\WINDOWS\System32\Wbem;C:\WINDOWS\System32\WindowsPowerShell\v1.0\;C:\WINDOWS\System32\OpenSSH\;C:\Program Files\Git\cmd;C:\msys64\mingw64\bin;C:\ProgramData\chocolatey\bin;C:\Program Files\MATLAB\R2021b\bin;C:\Program Files\dotnet\;C:\Program Files\processing-4.0b7;C:\Users\mcris\AppData\Local\Programs\Python\Python311\Scripts\;C:\Users\mcris\AppData\Local\Programs\Python\Python311\;C:\Users\mcris\AppData\Local\Microsoft\WindowsApps;C:\Users\mcris\AppData\Local\Programs\Microsoft VS Code\bin;C:\Users\mcris\AppData\Local\GitHubDesktop\bin;C:\Users\mcris\AppData\Local\Microsoft\WindowsApps;C:\Program Files\Java\jdk-17\bin
USERNAME=mcris
OS=Windows_NT
PROCESSOR_IDENTIFIER=Intel64 Family 6 Model 141 Stepping 1, GenuineIntel



---------------  S Y S T E M  ---------------

OS:
 Windows 11 , 64 bit Build 22621 (10.0.22621.2215)
OS uptime: 3 days 4:05 hours
Hyper-V role detected

CPU: total 16 (initial active 16) (8 cores per cpu, 2 threads per core) family 6 model 141 stepping 1 microcode 0x26, cx8, cmov, fxsr, ht, mmx, 3dnowpref, sse, sse2, sse3, ssse3, sse4.1, sse4.2, popcnt, lzcnt, tsc, tscinvbit, avx, avx2, aes, erms, clmul, bmi1, bmi2, adx, avx512f, avx512dq, avx512cd, avx512bw, avx512vl, sha, fma, vzeroupper, avx512_vpopcntdq, avx512_vpclmulqdq, avx512_vaes, avx512_vnni, clflush, clflushopt, clwb, avx512_vbmi2, avx512_vbmi, hv

Memory: 4k page, system-wide physical 16085M (5526M free)
TotalPageFile size 18645M (AvailPageFile size 2827M)
current process WorkingSet (physical memory assigned to process): 785M, peak: 790M
current process commit charge ("private bytes"): 810M, peak: 810M

vm_info: Java HotSpot(TM) 64-Bit Server VM (17.0.6+9-LTS-190) for windows-amd64 JRE (17.0.6+9-LTS-190), built on Dec  6 2022 15:53:54 by "mach5one" with MS VC++ 17.1 (VS2022)

END.
